CRITICAL - 2021-03-09 19:10:35 --> preg_match(): Unknown modifier ']'
#0 [internal function]: CodeIgniter\Debug\Exceptions->errorHandler(2, 'preg_match(): U...', 'D:\\Web Projects...', 208, Array)
#1 D:\Web Projects\sistem-penggajian\vendor\codeigniter4\framework\system\Validation\FormatRules.php(208): preg_match('/(^[A-Za-z0-9._...', 'nurwahid/admin')
#2 D:\Web Projects\sistem-penggajian\vendor\codeigniter4\framework\system\Validation\Validation.php(306): CodeIgniter\Validation\FormatRules->regex_match('nurwahid/admin', '/(^[A-Za-z0-9._...', Array, NULL)
#3 D:\Web Projects\sistem-penggajian\vendor\codeigniter4\framework\system\Validation\Validation.php(164): CodeIgniter\Validation\Validation->processRules('username', 'Username', 'nurwahid/admin', Array, Array)
#4 D:\Web Projects\sistem-penggajian\vendor\codeigniter4\framework\system\Controller.php(181): CodeIgniter\Validation\Validation->run()
#5 D:\Web Projects\sistem-penggajian\app\Controllers\Karyawan.php(52): CodeIgniter\Controller->validate(Array)
#6 D:\Web Projects\sistem-penggajian\vendor\codeigniter4\framework\system\CodeIgniter.php(936): App\Controllers\Karyawan->insert()
#7 D:\Web Projects\sistem-penggajian\vendor\codeigniter4\framework\system\CodeIgniter.php(432): CodeIgniter\CodeIgniter->runController(Object(App\Controllers\Karyawan))
#8 D:\Web Projects\sistem-penggajian\vendor\codeigniter4\framework\system\CodeIgniter.php(333): CodeIgniter\CodeIgniter->handleRequest(NULL, Object(Config\Cache), false)
#9 D:\Web Projects\sistem-penggajian\public\index.php(44): CodeIgniter\CodeIgniter->run()
#10 D:\Web Projects\sistem-penggajian\vendor\codeigniter4\framework\system\Commands\Server\rewrite.php(45): require_once('D:\\Web Projects...')
#11 {main}
CRITICAL - 2021-03-09 19:13:26 --> regex_match[/(^[A-Za-z0-9._ is not a valid rule.
#0 D:\Web Projects\sistem-penggajian\vendor\codeigniter4\framework\system\Validation\Validation.php(314): CodeIgniter\Validation\Exceptions\ValidationException::forRuleNotFound('regex_match[/(^...')
#1 D:\Web Projects\sistem-penggajian\vendor\codeigniter4\framework\system\Validation\Validation.php(164): CodeIgniter\Validation\Validation->processRules('username', 'Username', 'nurwahid|admin', Array, Array)
#2 D:\Web Projects\sistem-penggajian\vendor\codeigniter4\framework\system\Controller.php(181): CodeIgniter\Validation\Validation->run()
#3 D:\Web Projects\sistem-penggajian\app\Controllers\Karyawan.php(52): CodeIgniter\Controller->validate(Array)
#4 D:\Web Projects\sistem-penggajian\vendor\codeigniter4\framework\system\CodeIgniter.php(936): App\Controllers\Karyawan->insert()
#5 D:\Web Projects\sistem-penggajian\vendor\codeigniter4\framework\system\CodeIgniter.php(432): CodeIgniter\CodeIgniter->runController(Object(App\Controllers\Karyawan))
#6 D:\Web Projects\sistem-penggajian\vendor\codeigniter4\framework\system\CodeIgniter.php(333): CodeIgniter\CodeIgniter->handleRequest(NULL, Object(Config\Cache), false)
#7 D:\Web Projects\sistem-penggajian\public\index.php(44): CodeIgniter\CodeIgniter->run()
#8 D:\Web Projects\sistem-penggajian\vendor\codeigniter4\framework\system\Commands\Server\rewrite.php(45): require_once('D:\\Web Projects...')
#9 {main}
CRITICAL - 2021-03-09 22:25:43 --> Undefined variable: title
#0 D:\Web Projects\sistem-penggajian\app\Views\templates\layout.php(6): CodeIgniter\Debug\Exceptions->errorHandler(8, 'Undefined varia...', 'D:\\Web Projects...', 6, Array)
#1 D:\Web Projects\sistem-penggajian\vendor\codeigniter4\framework\system\View\View.php(220): include('D:\\Web Projects...')
#2 D:\Web Projects\sistem-penggajian\vendor\codeigniter4\framework\system\View\View.php(222): CodeIgniter\View\View->CodeIgniter\View\{closure}()
#3 D:\Web Projects\sistem-penggajian\vendor\codeigniter4\framework\system\View\View.php(236): CodeIgniter\View\View->render('templates/layou...', Array, true)
#4 D:\Web Projects\sistem-penggajian\vendor\codeigniter4\framework\system\Common.php(1217): CodeIgniter\View\View->render('karyawan/edit', Array, true)
#5 D:\Web Projects\sistem-penggajian\app\Controllers\Karyawan.php(188): view('karyawan/edit')
#6 D:\Web Projects\sistem-penggajian\vendor\codeigniter4\framework\system\CodeIgniter.php(936): App\Controllers\Karyawan->edit()
#7 D:\Web Projects\sistem-penggajian\vendor\codeigniter4\framework\system\CodeIgniter.php(432): CodeIgniter\CodeIgniter->runController(Object(App\Controllers\Karyawan))
#8 D:\Web Projects\sistem-penggajian\vendor\codeigniter4\framework\system\CodeIgniter.php(333): CodeIgniter\CodeIgniter->handleRequest(NULL, Object(Config\Cache), false)
#9 D:\Web Projects\sistem-penggajian\public\index.php(44): CodeIgniter\CodeIgniter->run()
#10 D:\Web Projects\sistem-penggajian\vendor\codeigniter4\framework\system\Commands\Server\rewrite.php(45): require_once('D:\\Web Projects...')
#11 {main}
