CRITICAL - 2021-03-23 14:47:56 --> Undefined variable: fbulan
#0 D:\Web Projects\sistem-penggajian\app\Controllers\Absensi.php(186): CodeIgniter\Debug\Exceptions->errorHandler(8, 'Undefined varia...', 'D:\\Web Projects...', 186, Array)
#1 D:\Web Projects\sistem-penggajian\vendor\codeigniter4\framework\system\CodeIgniter.php(936): App\Controllers\Absensi->detail()
#2 D:\Web Projects\sistem-penggajian\vendor\codeigniter4\framework\system\CodeIgniter.php(432): CodeIgniter\CodeIgniter->runController(Object(App\Controllers\Absensi))
#3 D:\Web Projects\sistem-penggajian\vendor\codeigniter4\framework\system\CodeIgniter.php(333): CodeIgniter\CodeIgniter->handleRequest(NULL, Object(Config\Cache), false)
#4 D:\Web Projects\sistem-penggajian\public\index.php(44): CodeIgniter\CodeIgniter->run()
#5 D:\Web Projects\sistem-penggajian\vendor\codeigniter4\framework\system\Commands\Server\rewrite.php(45): require_once('D:\\Web Projects...')
#6 {main}
CRITICAL - 2021-03-23 15:47:24 --> Undefined variable: i
#0 D:\Web Projects\sistem-penggajian\app\Views\absensi\detail.php(120): CodeIgniter\Debug\Exceptions->errorHandler(8, 'Undefined varia...', 'D:\\Web Projects...', 120, Array)
#1 D:\Web Projects\sistem-penggajian\vendor\codeigniter4\framework\system\View\View.php(220): include('D:\\Web Projects...')
#2 D:\Web Projects\sistem-penggajian\vendor\codeigniter4\framework\system\View\View.php(222): CodeIgniter\View\View->CodeIgniter\View\{closure}()
#3 D:\Web Projects\sistem-penggajian\vendor\codeigniter4\framework\system\Common.php(1217): CodeIgniter\View\View->render('absensi/detail', Array, true)
#4 D:\Web Projects\sistem-penggajian\app\Controllers\Absensi.php(216): view('absensi/detail', Array)
#5 D:\Web Projects\sistem-penggajian\vendor\codeigniter4\framework\system\CodeIgniter.php(936): App\Controllers\Absensi->detail()
#6 D:\Web Projects\sistem-penggajian\vendor\codeigniter4\framework\system\CodeIgniter.php(432): CodeIgniter\CodeIgniter->runController(Object(App\Controllers\Absensi))
#7 D:\Web Projects\sistem-penggajian\vendor\codeigniter4\framework\system\CodeIgniter.php(333): CodeIgniter\CodeIgniter->handleRequest(NULL, Object(Config\Cache), false)
#8 D:\Web Projects\sistem-penggajian\public\index.php(44): CodeIgniter\CodeIgniter->run()
#9 D:\Web Projects\sistem-penggajian\vendor\codeigniter4\framework\system\Commands\Server\rewrite.php(45): require_once('D:\\Web Projects...')
#10 {main}
