CRITICAL - 2021-03-27 21:18:17 --> Trying to access array offset on value of type null
#0 D:\sistem-penggajian-main\app\Views\karyawan\edit.php(37): CodeIgniter\Debug\Exceptions->errorHandler(8, 'Trying to acces...', 'D:\\sistem-pengg...', 37, Array)
#1 D:\sistem-penggajian-main\vendor\codeigniter4\framework\system\View\View.php(220): include('D:\\sistem-pengg...')
#2 D:\sistem-penggajian-main\vendor\codeigniter4\framework\system\View\View.php(222): CodeIgniter\View\View->CodeIgniter\View\{closure}()
#3 D:\sistem-penggajian-main\vendor\codeigniter4\framework\system\Common.php(1217): CodeIgniter\View\View->render('karyawan/edit', Array, true)
#4 D:\sistem-penggajian-main\app\Controllers\Karyawan.php(210): view('karyawan/edit', Array)
#5 D:\sistem-penggajian-main\vendor\codeigniter4\framework\system\CodeIgniter.php(936): App\Controllers\Karyawan->edit()
#6 D:\sistem-penggajian-main\vendor\codeigniter4\framework\system\CodeIgniter.php(432): CodeIgniter\CodeIgniter->runController(Object(App\Controllers\Karyawan))
#7 D:\sistem-penggajian-main\vendor\codeigniter4\framework\system\CodeIgniter.php(333): CodeIgniter\CodeIgniter->handleRequest(NULL, Object(Config\Cache), false)
#8 D:\sistem-penggajian-main\public\index.php(44): CodeIgniter\CodeIgniter->run()
#9 D:\sistem-penggajian-main\vendor\codeigniter4\framework\system\Commands\Server\rewrite.php(45): require_once('D:\\sistem-pengg...')
#10 {main}
CRITICAL - 2021-03-27 21:18:24 --> Trying to access array offset on value of type null
#0 D:\sistem-penggajian-main\app\Views\karyawan\edit.php(37): CodeIgniter\Debug\Exceptions->errorHandler(8, 'Trying to acces...', 'D:\\sistem-pengg...', 37, Array)
#1 D:\sistem-penggajian-main\vendor\codeigniter4\framework\system\View\View.php(220): include('D:\\sistem-pengg...')
#2 D:\sistem-penggajian-main\vendor\codeigniter4\framework\system\View\View.php(222): CodeIgniter\View\View->CodeIgniter\View\{closure}()
#3 D:\sistem-penggajian-main\vendor\codeigniter4\framework\system\Common.php(1217): CodeIgniter\View\View->render('karyawan/edit', Array, true)
#4 D:\sistem-penggajian-main\app\Controllers\Karyawan.php(210): view('karyawan/edit', Array)
#5 D:\sistem-penggajian-main\vendor\codeigniter4\framework\system\CodeIgniter.php(936): App\Controllers\Karyawan->edit()
#6 D:\sistem-penggajian-main\vendor\codeigniter4\framework\system\CodeIgniter.php(432): CodeIgniter\CodeIgniter->runController(Object(App\Controllers\Karyawan))
#7 D:\sistem-penggajian-main\vendor\codeigniter4\framework\system\CodeIgniter.php(333): CodeIgniter\CodeIgniter->handleRequest(NULL, Object(Config\Cache), false)
#8 D:\sistem-penggajian-main\public\index.php(44): CodeIgniter\CodeIgniter->run()
#9 D:\sistem-penggajian-main\vendor\codeigniter4\framework\system\Commands\Server\rewrite.php(45): require_once('D:\\sistem-pengg...')
#10 {main}
CRITICAL - 2021-03-27 21:23:48 --> Trying to access array offset on value of type null
#0 D:\sistem-penggajian-main\app\Views\karyawan\edit.php(37): CodeIgniter\Debug\Exceptions->errorHandler(8, 'Trying to acces...', 'D:\\sistem-pengg...', 37, Array)
#1 D:\sistem-penggajian-main\vendor\codeigniter4\framework\system\View\View.php(220): include('D:\\sistem-pengg...')
#2 D:\sistem-penggajian-main\vendor\codeigniter4\framework\system\View\View.php(222): CodeIgniter\View\View->CodeIgniter\View\{closure}()
#3 D:\sistem-penggajian-main\vendor\codeigniter4\framework\system\Common.php(1217): CodeIgniter\View\View->render('karyawan/edit', Array, true)
#4 D:\sistem-penggajian-main\app\Controllers\Karyawan.php(210): view('karyawan/edit', Array)
#5 D:\sistem-penggajian-main\vendor\codeigniter4\framework\system\CodeIgniter.php(936): App\Controllers\Karyawan->edit()
#6 D:\sistem-penggajian-main\vendor\codeigniter4\framework\system\CodeIgniter.php(432): CodeIgniter\CodeIgniter->runController(Object(App\Controllers\Karyawan))
#7 D:\sistem-penggajian-main\vendor\codeigniter4\framework\system\CodeIgniter.php(333): CodeIgniter\CodeIgniter->handleRequest(NULL, Object(Config\Cache), false)
#8 D:\sistem-penggajian-main\public\index.php(44): CodeIgniter\CodeIgniter->run()
#9 D:\sistem-penggajian-main\vendor\codeigniter4\framework\system\Commands\Server\rewrite.php(45): require_once('D:\\sistem-pengg...')
#10 {main}
CRITICAL - 2021-03-27 21:24:51 --> Trying to access array offset on value of type null
#0 D:\sistem-penggajian-main\app\Views\karyawan\edit.php(37): CodeIgniter\Debug\Exceptions->errorHandler(8, 'Trying to acces...', 'D:\\sistem-pengg...', 37, Array)
#1 D:\sistem-penggajian-main\vendor\codeigniter4\framework\system\View\View.php(220): include('D:\\sistem-pengg...')
#2 D:\sistem-penggajian-main\vendor\codeigniter4\framework\system\View\View.php(222): CodeIgniter\View\View->CodeIgniter\View\{closure}()
#3 D:\sistem-penggajian-main\vendor\codeigniter4\framework\system\Common.php(1217): CodeIgniter\View\View->render('karyawan/edit', Array, true)
#4 D:\sistem-penggajian-main\app\Controllers\Karyawan.php(210): view('karyawan/edit', Array)
#5 D:\sistem-penggajian-main\vendor\codeigniter4\framework\system\CodeIgniter.php(936): App\Controllers\Karyawan->edit()
#6 D:\sistem-penggajian-main\vendor\codeigniter4\framework\system\CodeIgniter.php(432): CodeIgniter\CodeIgniter->runController(Object(App\Controllers\Karyawan))
#7 D:\sistem-penggajian-main\vendor\codeigniter4\framework\system\CodeIgniter.php(333): CodeIgniter\CodeIgniter->handleRequest(NULL, Object(Config\Cache), false)
#8 D:\sistem-penggajian-main\public\index.php(44): CodeIgniter\CodeIgniter->run()
#9 D:\sistem-penggajian-main\vendor\codeigniter4\framework\system\Commands\Server\rewrite.php(45): require_once('D:\\sistem-pengg...')
#10 {main}
CRITICAL - 2021-03-27 21:24:52 --> Trying to access array offset on value of type null
#0 D:\sistem-penggajian-main\app\Views\karyawan\edit.php(37): CodeIgniter\Debug\Exceptions->errorHandler(8, 'Trying to acces...', 'D:\\sistem-pengg...', 37, Array)
#1 D:\sistem-penggajian-main\vendor\codeigniter4\framework\system\View\View.php(220): include('D:\\sistem-pengg...')
#2 D:\sistem-penggajian-main\vendor\codeigniter4\framework\system\View\View.php(222): CodeIgniter\View\View->CodeIgniter\View\{closure}()
#3 D:\sistem-penggajian-main\vendor\codeigniter4\framework\system\Common.php(1217): CodeIgniter\View\View->render('karyawan/edit', Array, true)
#4 D:\sistem-penggajian-main\app\Controllers\Karyawan.php(210): view('karyawan/edit', Array)
#5 D:\sistem-penggajian-main\vendor\codeigniter4\framework\system\CodeIgniter.php(936): App\Controllers\Karyawan->edit()
#6 D:\sistem-penggajian-main\vendor\codeigniter4\framework\system\CodeIgniter.php(432): CodeIgniter\CodeIgniter->runController(Object(App\Controllers\Karyawan))
#7 D:\sistem-penggajian-main\vendor\codeigniter4\framework\system\CodeIgniter.php(333): CodeIgniter\CodeIgniter->handleRequest(NULL, Object(Config\Cache), false)
#8 D:\sistem-penggajian-main\public\index.php(44): CodeIgniter\CodeIgniter->run()
#9 D:\sistem-penggajian-main\vendor\codeigniter4\framework\system\Commands\Server\rewrite.php(45): require_once('D:\\sistem-pengg...')
#10 {main}
CRITICAL - 2021-03-27 21:25:19 --> Trying to access array offset on value of type null
#0 D:\sistem-penggajian-main\app\Views\karyawan\edit.php(37): CodeIgniter\Debug\Exceptions->errorHandler(8, 'Trying to acces...', 'D:\\sistem-pengg...', 37, Array)
#1 D:\sistem-penggajian-main\vendor\codeigniter4\framework\system\View\View.php(220): include('D:\\sistem-pengg...')
#2 D:\sistem-penggajian-main\vendor\codeigniter4\framework\system\View\View.php(222): CodeIgniter\View\View->CodeIgniter\View\{closure}()
#3 D:\sistem-penggajian-main\vendor\codeigniter4\framework\system\Common.php(1217): CodeIgniter\View\View->render('karyawan/edit', Array, true)
#4 D:\sistem-penggajian-main\app\Controllers\Karyawan.php(210): view('karyawan/edit', Array)
#5 D:\sistem-penggajian-main\vendor\codeigniter4\framework\system\CodeIgniter.php(936): App\Controllers\Karyawan->edit()
#6 D:\sistem-penggajian-main\vendor\codeigniter4\framework\system\CodeIgniter.php(432): CodeIgniter\CodeIgniter->runController(Object(App\Controllers\Karyawan))
#7 D:\sistem-penggajian-main\vendor\codeigniter4\framework\system\CodeIgniter.php(333): CodeIgniter\CodeIgniter->handleRequest(NULL, Object(Config\Cache), false)
#8 D:\sistem-penggajian-main\public\index.php(44): CodeIgniter\CodeIgniter->run()
#9 D:\sistem-penggajian-main\vendor\codeigniter4\framework\system\Commands\Server\rewrite.php(45): require_once('D:\\sistem-pengg...')
#10 {main}
CRITICAL - 2021-03-27 21:25:22 --> Trying to access array offset on value of type null
#0 D:\sistem-penggajian-main\app\Views\karyawan\edit.php(37): CodeIgniter\Debug\Exceptions->errorHandler(8, 'Trying to acces...', 'D:\\sistem-pengg...', 37, Array)
#1 D:\sistem-penggajian-main\vendor\codeigniter4\framework\system\View\View.php(220): include('D:\\sistem-pengg...')
#2 D:\sistem-penggajian-main\vendor\codeigniter4\framework\system\View\View.php(222): CodeIgniter\View\View->CodeIgniter\View\{closure}()
#3 D:\sistem-penggajian-main\vendor\codeigniter4\framework\system\Common.php(1217): CodeIgniter\View\View->render('karyawan/edit', Array, true)
#4 D:\sistem-penggajian-main\app\Controllers\Karyawan.php(210): view('karyawan/edit', Array)
#5 D:\sistem-penggajian-main\vendor\codeigniter4\framework\system\CodeIgniter.php(936): App\Controllers\Karyawan->edit()
#6 D:\sistem-penggajian-main\vendor\codeigniter4\framework\system\CodeIgniter.php(432): CodeIgniter\CodeIgniter->runController(Object(App\Controllers\Karyawan))
#7 D:\sistem-penggajian-main\vendor\codeigniter4\framework\system\CodeIgniter.php(333): CodeIgniter\CodeIgniter->handleRequest(NULL, Object(Config\Cache), false)
#8 D:\sistem-penggajian-main\public\index.php(44): CodeIgniter\CodeIgniter->run()
#9 D:\sistem-penggajian-main\vendor\codeigniter4\framework\system\Commands\Server\rewrite.php(45): require_once('D:\\sistem-pengg...')
#10 {main}
CRITICAL - 2021-03-27 21:28:40 --> Trying to access array offset on value of type null
#0 D:\sistem-penggajian-main\app\Views\karyawan\edit.php(37): CodeIgniter\Debug\Exceptions->errorHandler(8, 'Trying to acces...', 'D:\\sistem-pengg...', 37, Array)
#1 D:\sistem-penggajian-main\vendor\codeigniter4\framework\system\View\View.php(220): include('D:\\sistem-pengg...')
#2 D:\sistem-penggajian-main\vendor\codeigniter4\framework\system\View\View.php(222): CodeIgniter\View\View->CodeIgniter\View\{closure}()
#3 D:\sistem-penggajian-main\vendor\codeigniter4\framework\system\Common.php(1217): CodeIgniter\View\View->render('karyawan/edit', Array, true)
#4 D:\sistem-penggajian-main\app\Controllers\Karyawan.php(210): view('karyawan/edit', Array)
#5 D:\sistem-penggajian-main\vendor\codeigniter4\framework\system\CodeIgniter.php(936): App\Controllers\Karyawan->edit()
#6 D:\sistem-penggajian-main\vendor\codeigniter4\framework\system\CodeIgniter.php(432): CodeIgniter\CodeIgniter->runController(Object(App\Controllers\Karyawan))
#7 D:\sistem-penggajian-main\vendor\codeigniter4\framework\system\CodeIgniter.php(333): CodeIgniter\CodeIgniter->handleRequest(NULL, Object(Config\Cache), false)
#8 D:\sistem-penggajian-main\public\index.php(44): CodeIgniter\CodeIgniter->run()
#9 D:\sistem-penggajian-main\vendor\codeigniter4\framework\system\Commands\Server\rewrite.php(45): require_once('D:\\sistem-pengg...')
#10 {main}
CRITICAL - 2021-03-27 21:28:42 --> Trying to access array offset on value of type null
#0 D:\sistem-penggajian-main\app\Views\karyawan\edit.php(37): CodeIgniter\Debug\Exceptions->errorHandler(8, 'Trying to acces...', 'D:\\sistem-pengg...', 37, Array)
#1 D:\sistem-penggajian-main\vendor\codeigniter4\framework\system\View\View.php(220): include('D:\\sistem-pengg...')
#2 D:\sistem-penggajian-main\vendor\codeigniter4\framework\system\View\View.php(222): CodeIgniter\View\View->CodeIgniter\View\{closure}()
#3 D:\sistem-penggajian-main\vendor\codeigniter4\framework\system\Common.php(1217): CodeIgniter\View\View->render('karyawan/edit', Array, true)
#4 D:\sistem-penggajian-main\app\Controllers\Karyawan.php(210): view('karyawan/edit', Array)
#5 D:\sistem-penggajian-main\vendor\codeigniter4\framework\system\CodeIgniter.php(936): App\Controllers\Karyawan->edit()
#6 D:\sistem-penggajian-main\vendor\codeigniter4\framework\system\CodeIgniter.php(432): CodeIgniter\CodeIgniter->runController(Object(App\Controllers\Karyawan))
#7 D:\sistem-penggajian-main\vendor\codeigniter4\framework\system\CodeIgniter.php(333): CodeIgniter\CodeIgniter->handleRequest(NULL, Object(Config\Cache), false)
#8 D:\sistem-penggajian-main\public\index.php(44): CodeIgniter\CodeIgniter->run()
#9 D:\sistem-penggajian-main\vendor\codeigniter4\framework\system\Commands\Server\rewrite.php(45): require_once('D:\\sistem-pengg...')
#10 {main}
CRITICAL - 2021-03-27 21:29:16 --> Trying to access array offset on value of type null
#0 D:\sistem-penggajian-main\app\Views\karyawan\edit.php(37): CodeIgniter\Debug\Exceptions->errorHandler(8, 'Trying to acces...', 'D:\\sistem-pengg...', 37, Array)
#1 D:\sistem-penggajian-main\vendor\codeigniter4\framework\system\View\View.php(220): include('D:\\sistem-pengg...')
#2 D:\sistem-penggajian-main\vendor\codeigniter4\framework\system\View\View.php(222): CodeIgniter\View\View->CodeIgniter\View\{closure}()
#3 D:\sistem-penggajian-main\vendor\codeigniter4\framework\system\Common.php(1217): CodeIgniter\View\View->render('karyawan/edit', Array, true)
#4 D:\sistem-penggajian-main\app\Controllers\Karyawan.php(210): view('karyawan/edit', Array)
#5 D:\sistem-penggajian-main\vendor\codeigniter4\framework\system\CodeIgniter.php(936): App\Controllers\Karyawan->edit()
#6 D:\sistem-penggajian-main\vendor\codeigniter4\framework\system\CodeIgniter.php(432): CodeIgniter\CodeIgniter->runController(Object(App\Controllers\Karyawan))
#7 D:\sistem-penggajian-main\vendor\codeigniter4\framework\system\CodeIgniter.php(333): CodeIgniter\CodeIgniter->handleRequest(NULL, Object(Config\Cache), false)
#8 D:\sistem-penggajian-main\public\index.php(44): CodeIgniter\CodeIgniter->run()
#9 D:\sistem-penggajian-main\vendor\codeigniter4\framework\system\Commands\Server\rewrite.php(45): require_once('D:\\sistem-pengg...')
#10 {main}
CRITICAL - 2021-03-27 21:29:18 --> Trying to access array offset on value of type null
#0 D:\sistem-penggajian-main\app\Views\karyawan\edit.php(37): CodeIgniter\Debug\Exceptions->errorHandler(8, 'Trying to acces...', 'D:\\sistem-pengg...', 37, Array)
#1 D:\sistem-penggajian-main\vendor\codeigniter4\framework\system\View\View.php(220): include('D:\\sistem-pengg...')
#2 D:\sistem-penggajian-main\vendor\codeigniter4\framework\system\View\View.php(222): CodeIgniter\View\View->CodeIgniter\View\{closure}()
#3 D:\sistem-penggajian-main\vendor\codeigniter4\framework\system\Common.php(1217): CodeIgniter\View\View->render('karyawan/edit', Array, true)
#4 D:\sistem-penggajian-main\app\Controllers\Karyawan.php(210): view('karyawan/edit', Array)
#5 D:\sistem-penggajian-main\vendor\codeigniter4\framework\system\CodeIgniter.php(936): App\Controllers\Karyawan->edit()
#6 D:\sistem-penggajian-main\vendor\codeigniter4\framework\system\CodeIgniter.php(432): CodeIgniter\CodeIgniter->runController(Object(App\Controllers\Karyawan))
#7 D:\sistem-penggajian-main\vendor\codeigniter4\framework\system\CodeIgniter.php(333): CodeIgniter\CodeIgniter->handleRequest(NULL, Object(Config\Cache), false)
#8 D:\sistem-penggajian-main\public\index.php(44): CodeIgniter\CodeIgniter->run()
#9 D:\sistem-penggajian-main\vendor\codeigniter4\framework\system\Commands\Server\rewrite.php(45): require_once('D:\\sistem-pengg...')
#10 {main}
CRITICAL - 2021-03-27 21:30:37 --> Trying to access array offset on value of type null
#0 D:\sistem-penggajian-main\app\Views\karyawan\edit.php(37): CodeIgniter\Debug\Exceptions->errorHandler(8, 'Trying to acces...', 'D:\\sistem-pengg...', 37, Array)
#1 D:\sistem-penggajian-main\vendor\codeigniter4\framework\system\View\View.php(220): include('D:\\sistem-pengg...')
#2 D:\sistem-penggajian-main\vendor\codeigniter4\framework\system\View\View.php(222): CodeIgniter\View\View->CodeIgniter\View\{closure}()
#3 D:\sistem-penggajian-main\vendor\codeigniter4\framework\system\Common.php(1217): CodeIgniter\View\View->render('karyawan/edit', Array, true)
#4 D:\sistem-penggajian-main\app\Controllers\Karyawan.php(210): view('karyawan/edit', Array)
#5 D:\sistem-penggajian-main\vendor\codeigniter4\framework\system\CodeIgniter.php(936): App\Controllers\Karyawan->edit()
#6 D:\sistem-penggajian-main\vendor\codeigniter4\framework\system\CodeIgniter.php(432): CodeIgniter\CodeIgniter->runController(Object(App\Controllers\Karyawan))
#7 D:\sistem-penggajian-main\vendor\codeigniter4\framework\system\CodeIgniter.php(333): CodeIgniter\CodeIgniter->handleRequest(NULL, Object(Config\Cache), false)
#8 D:\sistem-penggajian-main\public\index.php(44): CodeIgniter\CodeIgniter->run()
#9 D:\sistem-penggajian-main\vendor\codeigniter4\framework\system\Commands\Server\rewrite.php(45): require_once('D:\\sistem-pengg...')
#10 {main}
CRITICAL - 2021-03-27 21:30:39 --> Trying to access array offset on value of type null
#0 D:\sistem-penggajian-main\app\Views\karyawan\edit.php(37): CodeIgniter\Debug\Exceptions->errorHandler(8, 'Trying to acces...', 'D:\\sistem-pengg...', 37, Array)
#1 D:\sistem-penggajian-main\vendor\codeigniter4\framework\system\View\View.php(220): include('D:\\sistem-pengg...')
#2 D:\sistem-penggajian-main\vendor\codeigniter4\framework\system\View\View.php(222): CodeIgniter\View\View->CodeIgniter\View\{closure}()
#3 D:\sistem-penggajian-main\vendor\codeigniter4\framework\system\Common.php(1217): CodeIgniter\View\View->render('karyawan/edit', Array, true)
#4 D:\sistem-penggajian-main\app\Controllers\Karyawan.php(210): view('karyawan/edit', Array)
#5 D:\sistem-penggajian-main\vendor\codeigniter4\framework\system\CodeIgniter.php(936): App\Controllers\Karyawan->edit()
#6 D:\sistem-penggajian-main\vendor\codeigniter4\framework\system\CodeIgniter.php(432): CodeIgniter\CodeIgniter->runController(Object(App\Controllers\Karyawan))
#7 D:\sistem-penggajian-main\vendor\codeigniter4\framework\system\CodeIgniter.php(333): CodeIgniter\CodeIgniter->handleRequest(NULL, Object(Config\Cache), false)
#8 D:\sistem-penggajian-main\public\index.php(44): CodeIgniter\CodeIgniter->run()
#9 D:\sistem-penggajian-main\vendor\codeigniter4\framework\system\Commands\Server\rewrite.php(45): require_once('D:\\sistem-pengg...')
#10 {main}
CRITICAL - 2021-03-27 21:31:02 --> Trying to access array offset on value of type null
#0 D:\sistem-penggajian-main\app\Views\karyawan\edit.php(37): CodeIgniter\Debug\Exceptions->errorHandler(8, 'Trying to acces...', 'D:\\sistem-pengg...', 37, Array)
#1 D:\sistem-penggajian-main\vendor\codeigniter4\framework\system\View\View.php(220): include('D:\\sistem-pengg...')
#2 D:\sistem-penggajian-main\vendor\codeigniter4\framework\system\View\View.php(222): CodeIgniter\View\View->CodeIgniter\View\{closure}()
#3 D:\sistem-penggajian-main\vendor\codeigniter4\framework\system\Common.php(1217): CodeIgniter\View\View->render('karyawan/edit', Array, true)
#4 D:\sistem-penggajian-main\app\Controllers\Karyawan.php(210): view('karyawan/edit', Array)
#5 D:\sistem-penggajian-main\vendor\codeigniter4\framework\system\CodeIgniter.php(936): App\Controllers\Karyawan->edit()
#6 D:\sistem-penggajian-main\vendor\codeigniter4\framework\system\CodeIgniter.php(432): CodeIgniter\CodeIgniter->runController(Object(App\Controllers\Karyawan))
#7 D:\sistem-penggajian-main\vendor\codeigniter4\framework\system\CodeIgniter.php(333): CodeIgniter\CodeIgniter->handleRequest(NULL, Object(Config\Cache), false)
#8 D:\sistem-penggajian-main\public\index.php(44): CodeIgniter\CodeIgniter->run()
#9 D:\sistem-penggajian-main\vendor\codeigniter4\framework\system\Commands\Server\rewrite.php(45): require_once('D:\\sistem-pengg...')
#10 {main}
CRITICAL - 2021-03-27 21:31:03 --> Trying to access array offset on value of type null
#0 D:\sistem-penggajian-main\app\Views\karyawan\edit.php(37): CodeIgniter\Debug\Exceptions->errorHandler(8, 'Trying to acces...', 'D:\\sistem-pengg...', 37, Array)
#1 D:\sistem-penggajian-main\vendor\codeigniter4\framework\system\View\View.php(220): include('D:\\sistem-pengg...')
#2 D:\sistem-penggajian-main\vendor\codeigniter4\framework\system\View\View.php(222): CodeIgniter\View\View->CodeIgniter\View\{closure}()
#3 D:\sistem-penggajian-main\vendor\codeigniter4\framework\system\Common.php(1217): CodeIgniter\View\View->render('karyawan/edit', Array, true)
#4 D:\sistem-penggajian-main\app\Controllers\Karyawan.php(210): view('karyawan/edit', Array)
#5 D:\sistem-penggajian-main\vendor\codeigniter4\framework\system\CodeIgniter.php(936): App\Controllers\Karyawan->edit()
#6 D:\sistem-penggajian-main\vendor\codeigniter4\framework\system\CodeIgniter.php(432): CodeIgniter\CodeIgniter->runController(Object(App\Controllers\Karyawan))
#7 D:\sistem-penggajian-main\vendor\codeigniter4\framework\system\CodeIgniter.php(333): CodeIgniter\CodeIgniter->handleRequest(NULL, Object(Config\Cache), false)
#8 D:\sistem-penggajian-main\public\index.php(44): CodeIgniter\CodeIgniter->run()
#9 D:\sistem-penggajian-main\vendor\codeigniter4\framework\system\Commands\Server\rewrite.php(45): require_once('D:\\sistem-pengg...')
#10 {main}
