CRITICAL - 2021-03-10 02:20:41 --> Undefined index: password
#0 D:\Web Projects\sistem-penggajian\app\Views\karyawan\edit.php(107): CodeIgniter\Debug\Exceptions->errorHandler(8, 'Undefined index...', 'D:\\Web Projects...', 107, Array)
#1 D:\Web Projects\sistem-penggajian\vendor\codeigniter4\framework\system\View\View.php(220): include('D:\\Web Projects...')
#2 D:\Web Projects\sistem-penggajian\vendor\codeigniter4\framework\system\View\View.php(222): CodeIgniter\View\View->CodeIgniter\View\{closure}()
#3 D:\Web Projects\sistem-penggajian\vendor\codeigniter4\framework\system\Common.php(1217): CodeIgniter\View\View->render('karyawan/edit', Array, true)
#4 D:\Web Projects\sistem-penggajian\app\Controllers\Karyawan.php(197): view('karyawan/edit', Array)
#5 D:\Web Projects\sistem-penggajian\vendor\codeigniter4\framework\system\CodeIgniter.php(936): App\Controllers\Karyawan->edit()
#6 D:\Web Projects\sistem-penggajian\vendor\codeigniter4\framework\system\CodeIgniter.php(432): CodeIgniter\CodeIgniter->runController(Object(App\Controllers\Karyawan))
#7 D:\Web Projects\sistem-penggajian\vendor\codeigniter4\framework\system\CodeIgniter.php(333): CodeIgniter\CodeIgniter->handleRequest(NULL, Object(Config\Cache), false)
#8 D:\Web Projects\sistem-penggajian\public\index.php(44): CodeIgniter\CodeIgniter->run()
#9 D:\Web Projects\sistem-penggajian\vendor\codeigniter4\framework\system\Commands\Server\rewrite.php(45): require_once('D:\\Web Projects...')
#10 {main}
CRITICAL - 2021-03-10 10:58:49 --> Cannot declare class App\Controllers\Karyawan, because the name is already in use
#0 [internal function]: CodeIgniter\Debug\Exceptions->shutdownHandler()
#1 {main}
CRITICAL - 2021-03-10 10:59:00 --> Undefined variable: karyawan
#0 D:\Web Projects\sistem-penggajian\app\Views\absensi\index.php(73): CodeIgniter\Debug\Exceptions->errorHandler(8, 'Undefined varia...', 'D:\\Web Projects...', 73, Array)
#1 D:\Web Projects\sistem-penggajian\vendor\codeigniter4\framework\system\View\View.php(220): include('D:\\Web Projects...')
#2 D:\Web Projects\sistem-penggajian\vendor\codeigniter4\framework\system\View\View.php(222): CodeIgniter\View\View->CodeIgniter\View\{closure}()
#3 D:\Web Projects\sistem-penggajian\vendor\codeigniter4\framework\system\Common.php(1217): CodeIgniter\View\View->render('absensi/index', Array, true)
#4 D:\Web Projects\sistem-penggajian\app\Controllers\Absensi.php(29): view('absensi/index', Array)
#5 D:\Web Projects\sistem-penggajian\vendor\codeigniter4\framework\system\CodeIgniter.php(936): App\Controllers\Absensi->index()
#6 D:\Web Projects\sistem-penggajian\vendor\codeigniter4\framework\system\CodeIgniter.php(432): CodeIgniter\CodeIgniter->runController(Object(App\Controllers\Absensi))
#7 D:\Web Projects\sistem-penggajian\vendor\codeigniter4\framework\system\CodeIgniter.php(333): CodeIgniter\CodeIgniter->handleRequest(NULL, Object(Config\Cache), false)
#8 D:\Web Projects\sistem-penggajian\public\index.php(44): CodeIgniter\CodeIgniter->run()
#9 D:\Web Projects\sistem-penggajian\vendor\codeigniter4\framework\system\Commands\Server\rewrite.php(45): require_once('D:\\Web Projects...')
#10 {main}
CRITICAL - 2021-03-10 11:14:08 --> Undefined variable: row
#0 D:\Web Projects\sistem-penggajian\app\Views\absensi\index.php(74): CodeIgniter\Debug\Exceptions->errorHandler(8, 'Undefined varia...', 'D:\\Web Projects...', 74, Array)
#1 D:\Web Projects\sistem-penggajian\vendor\codeigniter4\framework\system\View\View.php(220): include('D:\\Web Projects...')
#2 D:\Web Projects\sistem-penggajian\vendor\codeigniter4\framework\system\View\View.php(222): CodeIgniter\View\View->CodeIgniter\View\{closure}()
#3 D:\Web Projects\sistem-penggajian\vendor\codeigniter4\framework\system\Common.php(1217): CodeIgniter\View\View->render('absensi/index', Array, true)
#4 D:\Web Projects\sistem-penggajian\app\Controllers\Absensi.php(29): view('absensi/index', Array)
#5 D:\Web Projects\sistem-penggajian\vendor\codeigniter4\framework\system\CodeIgniter.php(936): App\Controllers\Absensi->index()
#6 D:\Web Projects\sistem-penggajian\vendor\codeigniter4\framework\system\CodeIgniter.php(432): CodeIgniter\CodeIgniter->runController(Object(App\Controllers\Absensi))
#7 D:\Web Projects\sistem-penggajian\vendor\codeigniter4\framework\system\CodeIgniter.php(333): CodeIgniter\CodeIgniter->handleRequest(NULL, Object(Config\Cache), false)
#8 D:\Web Projects\sistem-penggajian\public\index.php(44): CodeIgniter\CodeIgniter->run()
#9 D:\Web Projects\sistem-penggajian\vendor\codeigniter4\framework\system\Commands\Server\rewrite.php(45): require_once('D:\\Web Projects...')
#10 {main}
