CRITICAL - 2021-03-24 09:50:37 --> Undefined index: username
#0 D:\Web Projects\sistem-penggajian\app\Views\karyawan\index.php(75): CodeIgniter\Debug\Exceptions->errorHandler(8, 'Undefined index...', 'D:\\Web Projects...', 75, Array)
#1 D:\Web Projects\sistem-penggajian\vendor\codeigniter4\framework\system\View\View.php(220): include('D:\\Web Projects...')
#2 D:\Web Projects\sistem-penggajian\vendor\codeigniter4\framework\system\View\View.php(222): CodeIgniter\View\View->CodeIgniter\View\{closure}()
#3 D:\Web Projects\sistem-penggajian\vendor\codeigniter4\framework\system\Common.php(1217): CodeIgniter\View\View->render('karyawan/index', Array, true)
#4 D:\Web Projects\sistem-penggajian\app\Controllers\Karyawan.php(43): view('karyawan/index', Array)
#5 D:\Web Projects\sistem-penggajian\vendor\codeigniter4\framework\system\CodeIgniter.php(936): App\Controllers\Karyawan->index()
#6 D:\Web Projects\sistem-penggajian\vendor\codeigniter4\framework\system\CodeIgniter.php(432): CodeIgniter\CodeIgniter->runController(Object(App\Controllers\Karyawan))
#7 D:\Web Projects\sistem-penggajian\vendor\codeigniter4\framework\system\CodeIgniter.php(333): CodeIgniter\CodeIgniter->handleRequest(NULL, Object(Config\Cache), false)
#8 D:\Web Projects\sistem-penggajian\public\index.php(44): CodeIgniter\CodeIgniter->run()
#9 D:\Web Projects\sistem-penggajian\vendor\codeigniter4\framework\system\Commands\Server\rewrite.php(45): require_once('D:\\Web Projects...')
#10 {main}
CRITICAL - 2021-03-24 09:53:44 --> Undefined index: username
#0 D:\Web Projects\sistem-penggajian\app\Views\karyawan\index.php(75): CodeIgniter\Debug\Exceptions->errorHandler(8, 'Undefined index...', 'D:\\Web Projects...', 75, Array)
#1 D:\Web Projects\sistem-penggajian\vendor\codeigniter4\framework\system\View\View.php(220): include('D:\\Web Projects...')
#2 D:\Web Projects\sistem-penggajian\vendor\codeigniter4\framework\system\View\View.php(222): CodeIgniter\View\View->CodeIgniter\View\{closure}()
#3 D:\Web Projects\sistem-penggajian\vendor\codeigniter4\framework\system\Common.php(1217): CodeIgniter\View\View->render('karyawan/index', Array, true)
#4 D:\Web Projects\sistem-penggajian\app\Controllers\Karyawan.php(45): view('karyawan/index', Array)
#5 D:\Web Projects\sistem-penggajian\vendor\codeigniter4\framework\system\CodeIgniter.php(936): App\Controllers\Karyawan->index()
#6 D:\Web Projects\sistem-penggajian\vendor\codeigniter4\framework\system\CodeIgniter.php(432): CodeIgniter\CodeIgniter->runController(Object(App\Controllers\Karyawan))
#7 D:\Web Projects\sistem-penggajian\vendor\codeigniter4\framework\system\CodeIgniter.php(333): CodeIgniter\CodeIgniter->handleRequest(NULL, Object(Config\Cache), false)
#8 D:\Web Projects\sistem-penggajian\public\index.php(44): CodeIgniter\CodeIgniter->run()
#9 D:\Web Projects\sistem-penggajian\vendor\codeigniter4\framework\system\Commands\Server\rewrite.php(45): require_once('D:\\Web Projects...')
#10 {main}
ERROR - 2021-03-24 10:07:27 --> mysqli_sql_exception: Unknown column 'username' in 'where clause' in D:\Web Projects\sistem-penggajian\vendor\codeigniter4\framework\system\Database\MySQLi\Connection.php:314
Stack trace:
#0 D:\Web Projects\sistem-penggajian\vendor\codeigniter4\framework\system\Database\MySQLi\Connection.php(314): mysqli->query('SELECT *\nFROM `...')
#1 D:\Web Projects\sistem-penggajian\vendor\codeigniter4\framework\system\Database\BaseConnection.php(713): CodeIgniter\Database\MySQLi\Connection->execute('SELECT *\nFROM `...')
#2 D:\Web Projects\sistem-penggajian\vendor\codeigniter4\framework\system\Database\BaseConnection.php(641): CodeIgniter\Database\BaseConnection->simpleQuery('SELECT *\nFROM `...')
#3 D:\Web Projects\sistem-penggajian\vendor\codeigniter4\framework\system\Database\BaseBuilder.php(1866): CodeIgniter\Database\BaseConnection->query('SELECT *\nFROM `...', Array, false)
#4 D:\Web Projects\sistem-penggajian\vendor\codeigniter4\framework\system\Model.php(247): CodeIgniter\Database\BaseBuilder->get()
#5 D:\Web Projects\sistem-penggajian\vendor\codeigniter4\framework\system\BaseModel.php(624): CodeIgniter\Model->doFirst()
#6 D:\Web Projects\sistem-penggajian\app\Controllers\Karyawan.php(194): CodeIgniter\BaseModel->first()
#7 D:\Web Projects\sistem-penggajian\vendor\codeigniter4\framework\system\CodeIgniter.php(936): App\Controllers\Karyawan->edit()
#8 D:\Web Projects\sistem-penggajian\vendor\codeigniter4\framework\system\CodeIgniter.php(432): CodeIgniter\CodeIgniter->runController(Object(App\Controllers\Karyawan))
#9 D:\Web Projects\sistem-penggajian\vendor\codeigniter4\framework\system\CodeIgniter.php(333): CodeIgniter\CodeIgniter->handleRequest(NULL, Object(Config\Cache), false)
#10 D:\Web Projects\sistem-penggajian\public\index.php(44): CodeIgniter\CodeIgniter->run()
#11 D:\Web Projects\sistem-penggajian\vendor\codeigniter4\framework\system\Commands\Server\rewrite.php(45): require_once('D:\\Web Projects...')
#12 {main}
CRITICAL - 2021-03-24 10:07:27 --> Unknown column 'username' in 'where clause'
#0 D:\Web Projects\sistem-penggajian\vendor\codeigniter4\framework\system\Database\MySQLi\Connection.php(314): mysqli->query('SELECT *\nFROM `...')
#1 D:\Web Projects\sistem-penggajian\vendor\codeigniter4\framework\system\Database\BaseConnection.php(713): CodeIgniter\Database\MySQLi\Connection->execute('SELECT *\nFROM `...')
#2 D:\Web Projects\sistem-penggajian\vendor\codeigniter4\framework\system\Database\BaseConnection.php(641): CodeIgniter\Database\BaseConnection->simpleQuery('SELECT *\nFROM `...')
#3 D:\Web Projects\sistem-penggajian\vendor\codeigniter4\framework\system\Database\BaseBuilder.php(1866): CodeIgniter\Database\BaseConnection->query('SELECT *\nFROM `...', Array, false)
#4 D:\Web Projects\sistem-penggajian\vendor\codeigniter4\framework\system\Model.php(247): CodeIgniter\Database\BaseBuilder->get()
#5 D:\Web Projects\sistem-penggajian\vendor\codeigniter4\framework\system\BaseModel.php(624): CodeIgniter\Model->doFirst()
#6 D:\Web Projects\sistem-penggajian\app\Controllers\Karyawan.php(194): CodeIgniter\BaseModel->first()
#7 D:\Web Projects\sistem-penggajian\vendor\codeigniter4\framework\system\CodeIgniter.php(936): App\Controllers\Karyawan->edit()
#8 D:\Web Projects\sistem-penggajian\vendor\codeigniter4\framework\system\CodeIgniter.php(432): CodeIgniter\CodeIgniter->runController(Object(App\Controllers\Karyawan))
#9 D:\Web Projects\sistem-penggajian\vendor\codeigniter4\framework\system\CodeIgniter.php(333): CodeIgniter\CodeIgniter->handleRequest(NULL, Object(Config\Cache), false)
#10 D:\Web Projects\sistem-penggajian\public\index.php(44): CodeIgniter\CodeIgniter->run()
#11 D:\Web Projects\sistem-penggajian\vendor\codeigniter4\framework\system\Commands\Server\rewrite.php(45): require_once('D:\\Web Projects...')
#12 {main}
CRITICAL - 2021-03-24 10:08:33 --> Undefined variable: data_user
#0 D:\Web Projects\sistem-penggajian\app\Controllers\Karyawan.php(150): CodeIgniter\Debug\Exceptions->errorHandler(8, 'Undefined varia...', 'D:\\Web Projects...', 150, Array)
#1 D:\Web Projects\sistem-penggajian\vendor\codeigniter4\framework\system\CodeIgniter.php(936): App\Controllers\Karyawan->insert()
#2 D:\Web Projects\sistem-penggajian\vendor\codeigniter4\framework\system\CodeIgniter.php(432): CodeIgniter\CodeIgniter->runController(Object(App\Controllers\Karyawan))
#3 D:\Web Projects\sistem-penggajian\vendor\codeigniter4\framework\system\CodeIgniter.php(333): CodeIgniter\CodeIgniter->handleRequest(NULL, Object(Config\Cache), false)
#4 D:\Web Projects\sistem-penggajian\public\index.php(44): CodeIgniter\CodeIgniter->run()
#5 D:\Web Projects\sistem-penggajian\vendor\codeigniter4\framework\system\Commands\Server\rewrite.php(45): require_once('D:\\Web Projects...')
#6 {main}
ERROR - 2021-03-24 10:12:29 --> mysqli_sql_exception: Unknown column 'username' in 'where clause' in D:\Web Projects\sistem-penggajian\vendor\codeigniter4\framework\system\Database\MySQLi\Connection.php:314
Stack trace:
#0 D:\Web Projects\sistem-penggajian\vendor\codeigniter4\framework\system\Database\MySQLi\Connection.php(314): mysqli->query('SELECT *\nFROM `...')
#1 D:\Web Projects\sistem-penggajian\vendor\codeigniter4\framework\system\Database\BaseConnection.php(713): CodeIgniter\Database\MySQLi\Connection->execute('SELECT *\nFROM `...')
#2 D:\Web Projects\sistem-penggajian\vendor\codeigniter4\framework\system\Database\BaseConnection.php(641): CodeIgniter\Database\BaseConnection->simpleQuery('SELECT *\nFROM `...')
#3 D:\Web Projects\sistem-penggajian\vendor\codeigniter4\framework\system\Database\BaseBuilder.php(1866): CodeIgniter\Database\BaseConnection->query('SELECT *\nFROM `...', Array, false)
#4 D:\Web Projects\sistem-penggajian\vendor\codeigniter4\framework\system\Model.php(247): CodeIgniter\Database\BaseBuilder->get()
#5 D:\Web Projects\sistem-penggajian\vendor\codeigniter4\framework\system\BaseModel.php(624): CodeIgniter\Model->doFirst()
#6 D:\Web Projects\sistem-penggajian\app\Controllers\Karyawan.php(196): CodeIgniter\BaseModel->first()
#7 D:\Web Projects\sistem-penggajian\vendor\codeigniter4\framework\system\CodeIgniter.php(936): App\Controllers\Karyawan->edit()
#8 D:\Web Projects\sistem-penggajian\vendor\codeigniter4\framework\system\CodeIgniter.php(432): CodeIgniter\CodeIgniter->runController(Object(App\Controllers\Karyawan))
#9 D:\Web Projects\sistem-penggajian\vendor\codeigniter4\framework\system\CodeIgniter.php(333): CodeIgniter\CodeIgniter->handleRequest(NULL, Object(Config\Cache), false)
#10 D:\Web Projects\sistem-penggajian\public\index.php(44): CodeIgniter\CodeIgniter->run()
#11 D:\Web Projects\sistem-penggajian\vendor\codeigniter4\framework\system\Commands\Server\rewrite.php(45): require_once('D:\\Web Projects...')
#12 {main}
CRITICAL - 2021-03-24 10:12:29 --> Unknown column 'username' in 'where clause'
#0 D:\Web Projects\sistem-penggajian\vendor\codeigniter4\framework\system\Database\MySQLi\Connection.php(314): mysqli->query('SELECT *\nFROM `...')
#1 D:\Web Projects\sistem-penggajian\vendor\codeigniter4\framework\system\Database\BaseConnection.php(713): CodeIgniter\Database\MySQLi\Connection->execute('SELECT *\nFROM `...')
#2 D:\Web Projects\sistem-penggajian\vendor\codeigniter4\framework\system\Database\BaseConnection.php(641): CodeIgniter\Database\BaseConnection->simpleQuery('SELECT *\nFROM `...')
#3 D:\Web Projects\sistem-penggajian\vendor\codeigniter4\framework\system\Database\BaseBuilder.php(1866): CodeIgniter\Database\BaseConnection->query('SELECT *\nFROM `...', Array, false)
#4 D:\Web Projects\sistem-penggajian\vendor\codeigniter4\framework\system\Model.php(247): CodeIgniter\Database\BaseBuilder->get()
#5 D:\Web Projects\sistem-penggajian\vendor\codeigniter4\framework\system\BaseModel.php(624): CodeIgniter\Model->doFirst()
#6 D:\Web Projects\sistem-penggajian\app\Controllers\Karyawan.php(196): CodeIgniter\BaseModel->first()
#7 D:\Web Projects\sistem-penggajian\vendor\codeigniter4\framework\system\CodeIgniter.php(936): App\Controllers\Karyawan->edit()
#8 D:\Web Projects\sistem-penggajian\vendor\codeigniter4\framework\system\CodeIgniter.php(432): CodeIgniter\CodeIgniter->runController(Object(App\Controllers\Karyawan))
#9 D:\Web Projects\sistem-penggajian\vendor\codeigniter4\framework\system\CodeIgniter.php(333): CodeIgniter\CodeIgniter->handleRequest(NULL, Object(Config\Cache), false)
#10 D:\Web Projects\sistem-penggajian\public\index.php(44): CodeIgniter\CodeIgniter->run()
#11 D:\Web Projects\sistem-penggajian\vendor\codeigniter4\framework\system\Commands\Server\rewrite.php(45): require_once('D:\\Web Projects...')
#12 {main}
ERROR - 2021-03-24 10:14:17 --> mysqli_sql_exception: You have an error in your SQL syntax; check the manual that corresponds to your MariaDB server version for the right syntax to use near '.`id_karyawan`)
WHERE `users`.`username` = 'maulida'
 LIMIT 1' at line 3 in D:\Web Projects\sistem-penggajian\vendor\codeigniter4\framework\system\Database\MySQLi\Connection.php:314
Stack trace:
#0 D:\Web Projects\sistem-penggajian\vendor\codeigniter4\framework\system\Database\MySQLi\Connection.php(314): mysqli->query('SELECT `karyawa...')
#1 D:\Web Projects\sistem-penggajian\vendor\codeigniter4\framework\system\Database\BaseConnection.php(713): CodeIgniter\Database\MySQLi\Connection->execute('SELECT `karyawa...')
#2 D:\Web Projects\sistem-penggajian\vendor\codeigniter4\framework\system\Database\BaseConnection.php(641): CodeIgniter\Database\BaseConnection->simpleQuery('SELECT `karyawa...')
#3 D:\Web Projects\sistem-penggajian\vendor\codeigniter4\framework\system\Database\BaseBuilder.php(1866): CodeIgniter\Database\BaseConnection->query('SELECT `karyawa...', Array, false)
#4 D:\Web Projects\sistem-penggajian\vendor\codeigniter4\framework\system\Model.php(247): CodeIgniter\Database\BaseBuilder->get()
#5 D:\Web Projects\sistem-penggajian\vendor\codeigniter4\framework\system\BaseModel.php(624): CodeIgniter\Model->doFirst()
#6 D:\Web Projects\sistem-penggajian\app\Controllers\Karyawan.php(200): CodeIgniter\BaseModel->first()
#7 D:\Web Projects\sistem-penggajian\vendor\codeigniter4\framework\system\CodeIgniter.php(936): App\Controllers\Karyawan->edit()
#8 D:\Web Projects\sistem-penggajian\vendor\codeigniter4\framework\system\CodeIgniter.php(432): CodeIgniter\CodeIgniter->runController(Object(App\Controllers\Karyawan))
#9 D:\Web Projects\sistem-penggajian\vendor\codeigniter4\framework\system\CodeIgniter.php(333): CodeIgniter\CodeIgniter->handleRequest(NULL, Object(Config\Cache), false)
#10 D:\Web Projects\sistem-penggajian\public\index.php(44): CodeIgniter\CodeIgniter->run()
#11 D:\Web Projects\sistem-penggajian\vendor\codeigniter4\framework\system\Commands\Server\rewrite.php(45): require_once('D:\\Web Projects...')
#12 {main}
CRITICAL - 2021-03-24 10:14:17 --> You have an error in your SQL syntax; check the manual that corresponds to your MariaDB server version for the right syntax to use near '.`id_karyawan`)
WHERE `users`.`username` = 'maulida'
 LIMIT 1' at line 3
#0 D:\Web Projects\sistem-penggajian\vendor\codeigniter4\framework\system\Database\MySQLi\Connection.php(314): mysqli->query('SELECT `karyawa...')
#1 D:\Web Projects\sistem-penggajian\vendor\codeigniter4\framework\system\Database\BaseConnection.php(713): CodeIgniter\Database\MySQLi\Connection->execute('SELECT `karyawa...')
#2 D:\Web Projects\sistem-penggajian\vendor\codeigniter4\framework\system\Database\BaseConnection.php(641): CodeIgniter\Database\BaseConnection->simpleQuery('SELECT `karyawa...')
#3 D:\Web Projects\sistem-penggajian\vendor\codeigniter4\framework\system\Database\BaseBuilder.php(1866): CodeIgniter\Database\BaseConnection->query('SELECT `karyawa...', Array, false)
#4 D:\Web Projects\sistem-penggajian\vendor\codeigniter4\framework\system\Model.php(247): CodeIgniter\Database\BaseBuilder->get()
#5 D:\Web Projects\sistem-penggajian\vendor\codeigniter4\framework\system\BaseModel.php(624): CodeIgniter\Model->doFirst()
#6 D:\Web Projects\sistem-penggajian\app\Controllers\Karyawan.php(200): CodeIgniter\BaseModel->first()
#7 D:\Web Projects\sistem-penggajian\vendor\codeigniter4\framework\system\CodeIgniter.php(936): App\Controllers\Karyawan->edit()
#8 D:\Web Projects\sistem-penggajian\vendor\codeigniter4\framework\system\CodeIgniter.php(432): CodeIgniter\CodeIgniter->runController(Object(App\Controllers\Karyawan))
#9 D:\Web Projects\sistem-penggajian\vendor\codeigniter4\framework\system\CodeIgniter.php(333): CodeIgniter\CodeIgniter->handleRequest(NULL, Object(Config\Cache), false)
#10 D:\Web Projects\sistem-penggajian\public\index.php(44): CodeIgniter\CodeIgniter->run()
#11 D:\Web Projects\sistem-penggajian\vendor\codeigniter4\framework\system\Commands\Server\rewrite.php(45): require_once('D:\\Web Projects...')
#12 {main}
CRITICAL - 2021-03-24 10:18:05 --> Trying to access array offset on value of type null
#0 D:\Web Projects\sistem-penggajian\app\Views\karyawan\edit.php(37): CodeIgniter\Debug\Exceptions->errorHandler(8, 'Trying to acces...', 'D:\\Web Projects...', 37, Array)
#1 D:\Web Projects\sistem-penggajian\vendor\codeigniter4\framework\system\View\View.php(220): include('D:\\Web Projects...')
#2 D:\Web Projects\sistem-penggajian\vendor\codeigniter4\framework\system\View\View.php(222): CodeIgniter\View\View->CodeIgniter\View\{closure}()
#3 D:\Web Projects\sistem-penggajian\vendor\codeigniter4\framework\system\Common.php(1217): CodeIgniter\View\View->render('karyawan/edit', Array, true)
#4 D:\Web Projects\sistem-penggajian\app\Controllers\Karyawan.php(210): view('karyawan/edit', Array)
#5 D:\Web Projects\sistem-penggajian\vendor\codeigniter4\framework\system\CodeIgniter.php(936): App\Controllers\Karyawan->edit()
#6 D:\Web Projects\sistem-penggajian\vendor\codeigniter4\framework\system\CodeIgniter.php(432): CodeIgniter\CodeIgniter->runController(Object(App\Controllers\Karyawan))
#7 D:\Web Projects\sistem-penggajian\vendor\codeigniter4\framework\system\CodeIgniter.php(333): CodeIgniter\CodeIgniter->handleRequest(NULL, Object(Config\Cache), false)
#8 D:\Web Projects\sistem-penggajian\public\index.php(44): CodeIgniter\CodeIgniter->run()
#9 D:\Web Projects\sistem-penggajian\vendor\codeigniter4\framework\system\Commands\Server\rewrite.php(45): require_once('D:\\Web Projects...')
#10 {main}
CRITICAL - 2021-03-24 10:18:51 --> Trying to access array offset on value of type null
#0 D:\Web Projects\sistem-penggajian\app\Views\karyawan\edit.php(37): CodeIgniter\Debug\Exceptions->errorHandler(8, 'Trying to acces...', 'D:\\Web Projects...', 37, Array)
#1 D:\Web Projects\sistem-penggajian\vendor\codeigniter4\framework\system\View\View.php(220): include('D:\\Web Projects...')
#2 D:\Web Projects\sistem-penggajian\vendor\codeigniter4\framework\system\View\View.php(222): CodeIgniter\View\View->CodeIgniter\View\{closure}()
#3 D:\Web Projects\sistem-penggajian\vendor\codeigniter4\framework\system\Common.php(1217): CodeIgniter\View\View->render('karyawan/edit', Array, true)
#4 D:\Web Projects\sistem-penggajian\app\Controllers\Karyawan.php(210): view('karyawan/edit', Array)
#5 D:\Web Projects\sistem-penggajian\vendor\codeigniter4\framework\system\CodeIgniter.php(936): App\Controllers\Karyawan->edit()
#6 D:\Web Projects\sistem-penggajian\vendor\codeigniter4\framework\system\CodeIgniter.php(432): CodeIgniter\CodeIgniter->runController(Object(App\Controllers\Karyawan))
#7 D:\Web Projects\sistem-penggajian\vendor\codeigniter4\framework\system\CodeIgniter.php(333): CodeIgniter\CodeIgniter->handleRequest(NULL, Object(Config\Cache), false)
#8 D:\Web Projects\sistem-penggajian\public\index.php(44): CodeIgniter\CodeIgniter->run()
#9 D:\Web Projects\sistem-penggajian\vendor\codeigniter4\framework\system\Commands\Server\rewrite.php(45): require_once('D:\\Web Projects...')
#10 {main}
CRITICAL - 2021-03-24 10:18:54 --> Trying to access array offset on value of type null
#0 D:\Web Projects\sistem-penggajian\app\Views\karyawan\edit.php(37): CodeIgniter\Debug\Exceptions->errorHandler(8, 'Trying to acces...', 'D:\\Web Projects...', 37, Array)
#1 D:\Web Projects\sistem-penggajian\vendor\codeigniter4\framework\system\View\View.php(220): include('D:\\Web Projects...')
#2 D:\Web Projects\sistem-penggajian\vendor\codeigniter4\framework\system\View\View.php(222): CodeIgniter\View\View->CodeIgniter\View\{closure}()
#3 D:\Web Projects\sistem-penggajian\vendor\codeigniter4\framework\system\Common.php(1217): CodeIgniter\View\View->render('karyawan/edit', Array, true)
#4 D:\Web Projects\sistem-penggajian\app\Controllers\Karyawan.php(210): view('karyawan/edit', Array)
#5 D:\Web Projects\sistem-penggajian\vendor\codeigniter4\framework\system\CodeIgniter.php(936): App\Controllers\Karyawan->edit()
#6 D:\Web Projects\sistem-penggajian\vendor\codeigniter4\framework\system\CodeIgniter.php(432): CodeIgniter\CodeIgniter->runController(Object(App\Controllers\Karyawan))
#7 D:\Web Projects\sistem-penggajian\vendor\codeigniter4\framework\system\CodeIgniter.php(333): CodeIgniter\CodeIgniter->handleRequest(NULL, Object(Config\Cache), false)
#8 D:\Web Projects\sistem-penggajian\public\index.php(44): CodeIgniter\CodeIgniter->run()
#9 D:\Web Projects\sistem-penggajian\vendor\codeigniter4\framework\system\Commands\Server\rewrite.php(45): require_once('D:\\Web Projects...')
#10 {main}
CRITICAL - 2021-03-24 10:18:55 --> Trying to access array offset on value of type null
#0 D:\Web Projects\sistem-penggajian\app\Views\karyawan\edit.php(37): CodeIgniter\Debug\Exceptions->errorHandler(8, 'Trying to acces...', 'D:\\Web Projects...', 37, Array)
#1 D:\Web Projects\sistem-penggajian\vendor\codeigniter4\framework\system\View\View.php(220): include('D:\\Web Projects...')
#2 D:\Web Projects\sistem-penggajian\vendor\codeigniter4\framework\system\View\View.php(222): CodeIgniter\View\View->CodeIgniter\View\{closure}()
#3 D:\Web Projects\sistem-penggajian\vendor\codeigniter4\framework\system\Common.php(1217): CodeIgniter\View\View->render('karyawan/edit', Array, true)
#4 D:\Web Projects\sistem-penggajian\app\Controllers\Karyawan.php(210): view('karyawan/edit', Array)
#5 D:\Web Projects\sistem-penggajian\vendor\codeigniter4\framework\system\CodeIgniter.php(936): App\Controllers\Karyawan->edit()
#6 D:\Web Projects\sistem-penggajian\vendor\codeigniter4\framework\system\CodeIgniter.php(432): CodeIgniter\CodeIgniter->runController(Object(App\Controllers\Karyawan))
#7 D:\Web Projects\sistem-penggajian\vendor\codeigniter4\framework\system\CodeIgniter.php(333): CodeIgniter\CodeIgniter->handleRequest(NULL, Object(Config\Cache), false)
#8 D:\Web Projects\sistem-penggajian\public\index.php(44): CodeIgniter\CodeIgniter->run()
#9 D:\Web Projects\sistem-penggajian\vendor\codeigniter4\framework\system\Commands\Server\rewrite.php(45): require_once('D:\\Web Projects...')
#10 {main}
CRITICAL - 2021-03-24 10:18:55 --> Trying to access array offset on value of type null
#0 D:\Web Projects\sistem-penggajian\app\Views\karyawan\edit.php(37): CodeIgniter\Debug\Exceptions->errorHandler(8, 'Trying to acces...', 'D:\\Web Projects...', 37, Array)
#1 D:\Web Projects\sistem-penggajian\vendor\codeigniter4\framework\system\View\View.php(220): include('D:\\Web Projects...')
#2 D:\Web Projects\sistem-penggajian\vendor\codeigniter4\framework\system\View\View.php(222): CodeIgniter\View\View->CodeIgniter\View\{closure}()
#3 D:\Web Projects\sistem-penggajian\vendor\codeigniter4\framework\system\Common.php(1217): CodeIgniter\View\View->render('karyawan/edit', Array, true)
#4 D:\Web Projects\sistem-penggajian\app\Controllers\Karyawan.php(210): view('karyawan/edit', Array)
#5 D:\Web Projects\sistem-penggajian\vendor\codeigniter4\framework\system\CodeIgniter.php(936): App\Controllers\Karyawan->edit()
#6 D:\Web Projects\sistem-penggajian\vendor\codeigniter4\framework\system\CodeIgniter.php(432): CodeIgniter\CodeIgniter->runController(Object(App\Controllers\Karyawan))
#7 D:\Web Projects\sistem-penggajian\vendor\codeigniter4\framework\system\CodeIgniter.php(333): CodeIgniter\CodeIgniter->handleRequest(NULL, Object(Config\Cache), false)
#8 D:\Web Projects\sistem-penggajian\public\index.php(44): CodeIgniter\CodeIgniter->run()
#9 D:\Web Projects\sistem-penggajian\vendor\codeigniter4\framework\system\Commands\Server\rewrite.php(45): require_once('D:\\Web Projects...')
#10 {main}
CRITICAL - 2021-03-24 10:18:56 --> Trying to access array offset on value of type null
#0 D:\Web Projects\sistem-penggajian\app\Views\karyawan\edit.php(37): CodeIgniter\Debug\Exceptions->errorHandler(8, 'Trying to acces...', 'D:\\Web Projects...', 37, Array)
#1 D:\Web Projects\sistem-penggajian\vendor\codeigniter4\framework\system\View\View.php(220): include('D:\\Web Projects...')
#2 D:\Web Projects\sistem-penggajian\vendor\codeigniter4\framework\system\View\View.php(222): CodeIgniter\View\View->CodeIgniter\View\{closure}()
#3 D:\Web Projects\sistem-penggajian\vendor\codeigniter4\framework\system\Common.php(1217): CodeIgniter\View\View->render('karyawan/edit', Array, true)
#4 D:\Web Projects\sistem-penggajian\app\Controllers\Karyawan.php(210): view('karyawan/edit', Array)
#5 D:\Web Projects\sistem-penggajian\vendor\codeigniter4\framework\system\CodeIgniter.php(936): App\Controllers\Karyawan->edit()
#6 D:\Web Projects\sistem-penggajian\vendor\codeigniter4\framework\system\CodeIgniter.php(432): CodeIgniter\CodeIgniter->runController(Object(App\Controllers\Karyawan))
#7 D:\Web Projects\sistem-penggajian\vendor\codeigniter4\framework\system\CodeIgniter.php(333): CodeIgniter\CodeIgniter->handleRequest(NULL, Object(Config\Cache), false)
#8 D:\Web Projects\sistem-penggajian\public\index.php(44): CodeIgniter\CodeIgniter->run()
#9 D:\Web Projects\sistem-penggajian\vendor\codeigniter4\framework\system\Commands\Server\rewrite.php(45): require_once('D:\\Web Projects...')
#10 {main}
CRITICAL - 2021-03-24 10:37:37 --> syntax error, unexpected ';'
#0 D:\Web Projects\sistem-penggajian\vendor\codeigniter4\framework\system\Autoloader\Autoloader.php(265): CodeIgniter\Autoloader\Autoloader->includeFile('D:\\Web Projects...')
#1 D:\Web Projects\sistem-penggajian\vendor\codeigniter4\framework\system\Autoloader\Autoloader.php(228): CodeIgniter\Autoloader\Autoloader->loadInNamespace('App\\Controllers...')
#2 [internal function]: CodeIgniter\Autoloader\Autoloader->loadClass('App\\Controllers...')
#3 [internal function]: spl_autoload_call('App\\Controllers...')
#4 D:\Web Projects\sistem-penggajian\vendor\codeigniter4\framework\system\CodeIgniter.php(893): class_exists('\\App\\Controller...', true)
#5 D:\Web Projects\sistem-penggajian\vendor\codeigniter4\framework\system\CodeIgniter.php(417): CodeIgniter\CodeIgniter->startController()
#6 D:\Web Projects\sistem-penggajian\vendor\codeigniter4\framework\system\CodeIgniter.php(333): CodeIgniter\CodeIgniter->handleRequest(NULL, Object(Config\Cache), false)
#7 D:\Web Projects\sistem-penggajian\public\index.php(44): CodeIgniter\CodeIgniter->run()
#8 D:\Web Projects\sistem-penggajian\vendor\codeigniter4\framework\system\Commands\Server\rewrite.php(45): require_once('D:\\Web Projects...')
#9 {main}
ERROR - 2021-03-24 11:06:25 --> mysqli_sql_exception: Cannot delete or update a parent row: a foreign key constraint fails (`sistem_penggajian`.`gaji`, CONSTRAINT `gaji_ibfk_1` FOREIGN KEY (`id_karyawan`) REFERENCES `karyawan` (`id`) ON DELETE NO ACTION ON UPDATE CASCADE) in D:\Web Projects\sistem-penggajian\vendor\codeigniter4\framework\system\Database\MySQLi\Connection.php:314
Stack trace:
#0 D:\Web Projects\sistem-penggajian\vendor\codeigniter4\framework\system\Database\MySQLi\Connection.php(314): mysqli->query('DELETE FROM `ka...')
#1 D:\Web Projects\sistem-penggajian\vendor\codeigniter4\framework\system\Database\BaseConnection.php(713): CodeIgniter\Database\MySQLi\Connection->execute('DELETE FROM `ka...')
#2 D:\Web Projects\sistem-penggajian\vendor\codeigniter4\framework\system\Database\BaseConnection.php(641): CodeIgniter\Database\BaseConnection->simpleQuery('DELETE FROM `ka...')
#3 D:\Web Projects\sistem-penggajian\vendor\codeigniter4\framework\system\Database\BaseBuilder.php(2864): CodeIgniter\Database\BaseConnection->query('DELETE FROM `ka...', Array, false)
#4 D:\Web Projects\sistem-penggajian\vendor\codeigniter4\framework\system\Model.php(422): CodeIgniter\Database\BaseBuilder->delete()
#5 D:\Web Projects\sistem-penggajian\vendor\codeigniter4\framework\system\BaseModel.php(1009): CodeIgniter\Model->doDelete(NULL, false)
#6 D:\Web Projects\sistem-penggajian\app\Controllers\Karyawan.php(368): CodeIgniter\BaseModel->delete()
#7 D:\Web Projects\sistem-penggajian\vendor\codeigniter4\framework\system\CodeIgniter.php(936): App\Controllers\Karyawan->delete()
#8 D:\Web Projects\sistem-penggajian\vendor\codeigniter4\framework\system\CodeIgniter.php(432): CodeIgniter\CodeIgniter->runController(Object(App\Controllers\Karyawan))
#9 D:\Web Projects\sistem-penggajian\vendor\codeigniter4\framework\system\CodeIgniter.php(333): CodeIgniter\CodeIgniter->handleRequest(NULL, Object(Config\Cache), false)
#10 D:\Web Projects\sistem-penggajian\public\index.php(44): CodeIgniter\CodeIgniter->run()
#11 D:\Web Projects\sistem-penggajian\vendor\codeigniter4\framework\system\Commands\Server\rewrite.php(45): require_once('D:\\Web Projects...')
#12 {main}
CRITICAL - 2021-03-24 11:06:25 --> Cannot delete or update a parent row: a foreign key constraint fails (`sistem_penggajian`.`gaji`, CONSTRAINT `gaji_ibfk_1` FOREIGN KEY (`id_karyawan`) REFERENCES `karyawan` (`id`) ON DELETE NO ACTION ON UPDATE CASCADE)
#0 D:\Web Projects\sistem-penggajian\vendor\codeigniter4\framework\system\Database\MySQLi\Connection.php(314): mysqli->query('DELETE FROM `ka...')
#1 D:\Web Projects\sistem-penggajian\vendor\codeigniter4\framework\system\Database\BaseConnection.php(713): CodeIgniter\Database\MySQLi\Connection->execute('DELETE FROM `ka...')
#2 D:\Web Projects\sistem-penggajian\vendor\codeigniter4\framework\system\Database\BaseConnection.php(641): CodeIgniter\Database\BaseConnection->simpleQuery('DELETE FROM `ka...')
#3 D:\Web Projects\sistem-penggajian\vendor\codeigniter4\framework\system\Database\BaseBuilder.php(2864): CodeIgniter\Database\BaseConnection->query('DELETE FROM `ka...', Array, false)
#4 D:\Web Projects\sistem-penggajian\vendor\codeigniter4\framework\system\Model.php(422): CodeIgniter\Database\BaseBuilder->delete()
#5 D:\Web Projects\sistem-penggajian\vendor\codeigniter4\framework\system\BaseModel.php(1009): CodeIgniter\Model->doDelete(NULL, false)
#6 D:\Web Projects\sistem-penggajian\app\Controllers\Karyawan.php(368): CodeIgniter\BaseModel->delete()
#7 D:\Web Projects\sistem-penggajian\vendor\codeigniter4\framework\system\CodeIgniter.php(936): App\Controllers\Karyawan->delete()
#8 D:\Web Projects\sistem-penggajian\vendor\codeigniter4\framework\system\CodeIgniter.php(432): CodeIgniter\CodeIgniter->runController(Object(App\Controllers\Karyawan))
#9 D:\Web Projects\sistem-penggajian\vendor\codeigniter4\framework\system\CodeIgniter.php(333): CodeIgniter\CodeIgniter->handleRequest(NULL, Object(Config\Cache), false)
#10 D:\Web Projects\sistem-penggajian\public\index.php(44): CodeIgniter\CodeIgniter->run()
#11 D:\Web Projects\sistem-penggajian\vendor\codeigniter4\framework\system\Commands\Server\rewrite.php(45): require_once('D:\\Web Projects...')
#12 {main}
ERROR - 2021-03-24 11:07:43 --> mysqli_sql_exception: Cannot delete or update a parent row: a foreign key constraint fails (`sistem_penggajian`.`gaji`, CONSTRAINT `gaji_ibfk_1` FOREIGN KEY (`id_karyawan`) REFERENCES `karyawan` (`id`) ON DELETE NO ACTION ON UPDATE CASCADE) in D:\Web Projects\sistem-penggajian\vendor\codeigniter4\framework\system\Database\MySQLi\Connection.php:314
Stack trace:
#0 D:\Web Projects\sistem-penggajian\vendor\codeigniter4\framework\system\Database\MySQLi\Connection.php(314): mysqli->query('DELETE FROM `ka...')
#1 D:\Web Projects\sistem-penggajian\vendor\codeigniter4\framework\system\Database\BaseConnection.php(713): CodeIgniter\Database\MySQLi\Connection->execute('DELETE FROM `ka...')
#2 D:\Web Projects\sistem-penggajian\vendor\codeigniter4\framework\system\Database\BaseConnection.php(641): CodeIgniter\Database\BaseConnection->simpleQuery('DELETE FROM `ka...')
#3 D:\Web Projects\sistem-penggajian\vendor\codeigniter4\framework\system\Database\BaseBuilder.php(2864): CodeIgniter\Database\BaseConnection->query('DELETE FROM `ka...', Array, false)
#4 D:\Web Projects\sistem-penggajian\vendor\codeigniter4\framework\system\Model.php(422): CodeIgniter\Database\BaseBuilder->delete()
#5 D:\Web Projects\sistem-penggajian\vendor\codeigniter4\framework\system\BaseModel.php(1009): CodeIgniter\Model->doDelete(NULL, false)
#6 D:\Web Projects\sistem-penggajian\app\Controllers\Karyawan.php(368): CodeIgniter\BaseModel->delete()
#7 D:\Web Projects\sistem-penggajian\vendor\codeigniter4\framework\system\CodeIgniter.php(936): App\Controllers\Karyawan->delete()
#8 D:\Web Projects\sistem-penggajian\vendor\codeigniter4\framework\system\CodeIgniter.php(432): CodeIgniter\CodeIgniter->runController(Object(App\Controllers\Karyawan))
#9 D:\Web Projects\sistem-penggajian\vendor\codeigniter4\framework\system\CodeIgniter.php(333): CodeIgniter\CodeIgniter->handleRequest(NULL, Object(Config\Cache), false)
#10 D:\Web Projects\sistem-penggajian\public\index.php(44): CodeIgniter\CodeIgniter->run()
#11 D:\Web Projects\sistem-penggajian\vendor\codeigniter4\framework\system\Commands\Server\rewrite.php(45): require_once('D:\\Web Projects...')
#12 {main}
CRITICAL - 2021-03-24 11:07:43 --> Cannot delete or update a parent row: a foreign key constraint fails (`sistem_penggajian`.`gaji`, CONSTRAINT `gaji_ibfk_1` FOREIGN KEY (`id_karyawan`) REFERENCES `karyawan` (`id`) ON DELETE NO ACTION ON UPDATE CASCADE)
#0 D:\Web Projects\sistem-penggajian\vendor\codeigniter4\framework\system\Database\MySQLi\Connection.php(314): mysqli->query('DELETE FROM `ka...')
#1 D:\Web Projects\sistem-penggajian\vendor\codeigniter4\framework\system\Database\BaseConnection.php(713): CodeIgniter\Database\MySQLi\Connection->execute('DELETE FROM `ka...')
#2 D:\Web Projects\sistem-penggajian\vendor\codeigniter4\framework\system\Database\BaseConnection.php(641): CodeIgniter\Database\BaseConnection->simpleQuery('DELETE FROM `ka...')
#3 D:\Web Projects\sistem-penggajian\vendor\codeigniter4\framework\system\Database\BaseBuilder.php(2864): CodeIgniter\Database\BaseConnection->query('DELETE FROM `ka...', Array, false)
#4 D:\Web Projects\sistem-penggajian\vendor\codeigniter4\framework\system\Model.php(422): CodeIgniter\Database\BaseBuilder->delete()
#5 D:\Web Projects\sistem-penggajian\vendor\codeigniter4\framework\system\BaseModel.php(1009): CodeIgniter\Model->doDelete(NULL, false)
#6 D:\Web Projects\sistem-penggajian\app\Controllers\Karyawan.php(368): CodeIgniter\BaseModel->delete()
#7 D:\Web Projects\sistem-penggajian\vendor\codeigniter4\framework\system\CodeIgniter.php(936): App\Controllers\Karyawan->delete()
#8 D:\Web Projects\sistem-penggajian\vendor\codeigniter4\framework\system\CodeIgniter.php(432): CodeIgniter\CodeIgniter->runController(Object(App\Controllers\Karyawan))
#9 D:\Web Projects\sistem-penggajian\vendor\codeigniter4\framework\system\CodeIgniter.php(333): CodeIgniter\CodeIgniter->handleRequest(NULL, Object(Config\Cache), false)
#10 D:\Web Projects\sistem-penggajian\public\index.php(44): CodeIgniter\CodeIgniter->run()
#11 D:\Web Projects\sistem-penggajian\vendor\codeigniter4\framework\system\Commands\Server\rewrite.php(45): require_once('D:\\Web Projects...')
#12 {main}
CRITICAL - 2021-03-24 11:55:04 --> Undefined index: nama
#0 D:\Web Projects\sistem-penggajian\app\Controllers\Auth.php(71): CodeIgniter\Debug\Exceptions->errorHandler(8, 'Undefined index...', 'D:\\Web Projects...', 71, Array)
#1 D:\Web Projects\sistem-penggajian\vendor\codeigniter4\framework\system\CodeIgniter.php(936): App\Controllers\Auth->login()
#2 D:\Web Projects\sistem-penggajian\vendor\codeigniter4\framework\system\CodeIgniter.php(432): CodeIgniter\CodeIgniter->runController(Object(App\Controllers\Auth))
#3 D:\Web Projects\sistem-penggajian\vendor\codeigniter4\framework\system\CodeIgniter.php(333): CodeIgniter\CodeIgniter->handleRequest(NULL, Object(Config\Cache), false)
#4 D:\Web Projects\sistem-penggajian\public\index.php(44): CodeIgniter\CodeIgniter->run()
#5 D:\Web Projects\sistem-penggajian\vendor\codeigniter4\framework\system\Commands\Server\rewrite.php(45): require_once('D:\\Web Projects...')
#6 {main}
CRITICAL - 2021-03-24 12:28:25 --> Return value of CodeIgniter\Router\RouteCollection::getFilterForRoute() must be of the type string, array returned
#0 D:\Web Projects\sistem-penggajian\vendor\codeigniter4\framework\system\Router\Router.php(156): CodeIgniter\Router\RouteCollection->getFilterForRoute('karyawan')
#1 D:\Web Projects\sistem-penggajian\vendor\codeigniter4\framework\system\CodeIgniter.php(816): CodeIgniter\Router\Router->handle('karyawan')
#2 D:\Web Projects\sistem-penggajian\vendor\codeigniter4\framework\system\CodeIgniter.php(385): CodeIgniter\CodeIgniter->tryToRouteIt(Object(CodeIgniter\Router\RouteCollection))
#3 D:\Web Projects\sistem-penggajian\vendor\codeigniter4\framework\system\CodeIgniter.php(333): CodeIgniter\CodeIgniter->handleRequest(NULL, Object(Config\Cache), false)
#4 D:\Web Projects\sistem-penggajian\public\index.php(44): CodeIgniter\CodeIgniter->run()
#5 D:\Web Projects\sistem-penggajian\vendor\codeigniter4\framework\system\Commands\Server\rewrite.php(45): require_once('D:\\Web Projects...')
#6 {main}
ERROR - 2021-03-24 12:47:26 --> mysqli_sql_exception: You have an error in your SQL syntax; check the manual that corresponds to your MariaDB server version for the right syntax to use near 'FROM `absensi`
INNER JOIN `karyawan` ON `karyawan`.`id` = `absensi`.`id_karya...' at line 2 in D:\Web Projects\sistem-penggajian\vendor\codeigniter4\framework\system\Database\MySQLi\Connection.php:314
Stack trace:
#0 D:\Web Projects\sistem-penggajian\vendor\codeigniter4\framework\system\Database\MySQLi\Connection.php(314): mysqli->query('SELECT `absensi...')
#1 D:\Web Projects\sistem-penggajian\vendor\codeigniter4\framework\system\Database\BaseConnection.php(713): CodeIgniter\Database\MySQLi\Connection->execute('SELECT `absensi...')
#2 D:\Web Projects\sistem-penggajian\vendor\codeigniter4\framework\system\Database\BaseConnection.php(641): CodeIgniter\Database\BaseConnection->simpleQuery('SELECT `absensi...')
#3 D:\Web Projects\sistem-penggajian\vendor\codeigniter4\framework\system\Database\BaseBuilder.php(1866): CodeIgniter\Database\BaseConnection->query('SELECT `absensi...', Array, false)
#4 D:\Web Projects\sistem-penggajian\vendor\codeigniter4\framework\system\Model.php(213): CodeIgniter\Database\BaseBuilder->get()
#5 D:\Web Projects\sistem-penggajian\vendor\codeigniter4\framework\system\BaseModel.php(583): CodeIgniter\Model->doFindAll(0, 0)
#6 D:\Web Projects\sistem-penggajian\app\Controllers\Home.php(31): CodeIgniter\BaseModel->findAll()
#7 D:\Web Projects\sistem-penggajian\vendor\codeigniter4\framework\system\CodeIgniter.php(936): App\Controllers\Home->index()
#8 D:\Web Projects\sistem-penggajian\vendor\codeigniter4\framework\system\CodeIgniter.php(432): CodeIgniter\CodeIgniter->runController(Object(App\Controllers\Home))
#9 D:\Web Projects\sistem-penggajian\vendor\codeigniter4\framework\system\CodeIgniter.php(333): CodeIgniter\CodeIgniter->handleRequest(NULL, Object(Config\Cache), false)
#10 D:\Web Projects\sistem-penggajian\public\index.php(44): CodeIgniter\CodeIgniter->run()
#11 D:\Web Projects\sistem-penggajian\vendor\codeigniter4\framework\system\Commands\Server\rewrite.php(45): require_once('D:\\Web Projects...')
#12 {main}
CRITICAL - 2021-03-24 12:47:26 --> You have an error in your SQL syntax; check the manual that corresponds to your MariaDB server version for the right syntax to use near 'FROM `absensi`
INNER JOIN `karyawan` ON `karyawan`.`id` = `absensi`.`id_karya...' at line 2
#0 D:\Web Projects\sistem-penggajian\vendor\codeigniter4\framework\system\Database\MySQLi\Connection.php(314): mysqli->query('SELECT `absensi...')
#1 D:\Web Projects\sistem-penggajian\vendor\codeigniter4\framework\system\Database\BaseConnection.php(713): CodeIgniter\Database\MySQLi\Connection->execute('SELECT `absensi...')
#2 D:\Web Projects\sistem-penggajian\vendor\codeigniter4\framework\system\Database\BaseConnection.php(641): CodeIgniter\Database\BaseConnection->simpleQuery('SELECT `absensi...')
#3 D:\Web Projects\sistem-penggajian\vendor\codeigniter4\framework\system\Database\BaseBuilder.php(1866): CodeIgniter\Database\BaseConnection->query('SELECT `absensi...', Array, false)
#4 D:\Web Projects\sistem-penggajian\vendor\codeigniter4\framework\system\Model.php(213): CodeIgniter\Database\BaseBuilder->get()
#5 D:\Web Projects\sistem-penggajian\vendor\codeigniter4\framework\system\BaseModel.php(583): CodeIgniter\Model->doFindAll(0, 0)
#6 D:\Web Projects\sistem-penggajian\app\Controllers\Home.php(31): CodeIgniter\BaseModel->findAll()
#7 D:\Web Projects\sistem-penggajian\vendor\codeigniter4\framework\system\CodeIgniter.php(936): App\Controllers\Home->index()
#8 D:\Web Projects\sistem-penggajian\vendor\codeigniter4\framework\system\CodeIgniter.php(432): CodeIgniter\CodeIgniter->runController(Object(App\Controllers\Home))
#9 D:\Web Projects\sistem-penggajian\vendor\codeigniter4\framework\system\CodeIgniter.php(333): CodeIgniter\CodeIgniter->handleRequest(NULL, Object(Config\Cache), false)
#10 D:\Web Projects\sistem-penggajian\public\index.php(44): CodeIgniter\CodeIgniter->run()
#11 D:\Web Projects\sistem-penggajian\vendor\codeigniter4\framework\system\Commands\Server\rewrite.php(45): require_once('D:\\Web Projects...')
#12 {main}
ERROR - 2021-03-24 13:08:26 --> mysqli_sql_exception: You have an error in your SQL syntax; check the manual that corresponds to your MariaDB server version for the right syntax to use near 'FROM `absensi`
INNER JOIN `karyawan` ON `karyawan`.`id` = `absensi`.`id_karya...' at line 2 in D:\Web Projects\sistem-penggajian\vendor\codeigniter4\framework\system\Database\MySQLi\Connection.php:314
Stack trace:
#0 D:\Web Projects\sistem-penggajian\vendor\codeigniter4\framework\system\Database\MySQLi\Connection.php(314): mysqli->query('SELECT `absensi...')
#1 D:\Web Projects\sistem-penggajian\vendor\codeigniter4\framework\system\Database\BaseConnection.php(713): CodeIgniter\Database\MySQLi\Connection->execute('SELECT `absensi...')
#2 D:\Web Projects\sistem-penggajian\vendor\codeigniter4\framework\system\Database\BaseConnection.php(641): CodeIgniter\Database\BaseConnection->simpleQuery('SELECT `absensi...')
#3 D:\Web Projects\sistem-penggajian\vendor\codeigniter4\framework\system\Database\BaseBuilder.php(1866): CodeIgniter\Database\BaseConnection->query('SELECT `absensi...', Array, false)
#4 D:\Web Projects\sistem-penggajian\vendor\codeigniter4\framework\system\Model.php(213): CodeIgniter\Database\BaseBuilder->get()
#5 D:\Web Projects\sistem-penggajian\vendor\codeigniter4\framework\system\BaseModel.php(583): CodeIgniter\Model->doFindAll(0, 0)
#6 D:\Web Projects\sistem-penggajian\app\Controllers\Home.php(31): CodeIgniter\BaseModel->findAll()
#7 D:\Web Projects\sistem-penggajian\vendor\codeigniter4\framework\system\CodeIgniter.php(936): App\Controllers\Home->index()
#8 D:\Web Projects\sistem-penggajian\vendor\codeigniter4\framework\system\CodeIgniter.php(432): CodeIgniter\CodeIgniter->runController(Object(App\Controllers\Home))
#9 D:\Web Projects\sistem-penggajian\vendor\codeigniter4\framework\system\CodeIgniter.php(333): CodeIgniter\CodeIgniter->handleRequest(NULL, Object(Config\Cache), false)
#10 D:\Web Projects\sistem-penggajian\public\index.php(44): CodeIgniter\CodeIgniter->run()
#11 D:\Web Projects\sistem-penggajian\vendor\codeigniter4\framework\system\Commands\Server\rewrite.php(45): require_once('D:\\Web Projects...')
#12 {main}
CRITICAL - 2021-03-24 13:08:26 --> You have an error in your SQL syntax; check the manual that corresponds to your MariaDB server version for the right syntax to use near 'FROM `absensi`
INNER JOIN `karyawan` ON `karyawan`.`id` = `absensi`.`id_karya...' at line 2
#0 D:\Web Projects\sistem-penggajian\vendor\codeigniter4\framework\system\Database\MySQLi\Connection.php(314): mysqli->query('SELECT `absensi...')
#1 D:\Web Projects\sistem-penggajian\vendor\codeigniter4\framework\system\Database\BaseConnection.php(713): CodeIgniter\Database\MySQLi\Connection->execute('SELECT `absensi...')
#2 D:\Web Projects\sistem-penggajian\vendor\codeigniter4\framework\system\Database\BaseConnection.php(641): CodeIgniter\Database\BaseConnection->simpleQuery('SELECT `absensi...')
#3 D:\Web Projects\sistem-penggajian\vendor\codeigniter4\framework\system\Database\BaseBuilder.php(1866): CodeIgniter\Database\BaseConnection->query('SELECT `absensi...', Array, false)
#4 D:\Web Projects\sistem-penggajian\vendor\codeigniter4\framework\system\Model.php(213): CodeIgniter\Database\BaseBuilder->get()
#5 D:\Web Projects\sistem-penggajian\vendor\codeigniter4\framework\system\BaseModel.php(583): CodeIgniter\Model->doFindAll(0, 0)
#6 D:\Web Projects\sistem-penggajian\app\Controllers\Home.php(31): CodeIgniter\BaseModel->findAll()
#7 D:\Web Projects\sistem-penggajian\vendor\codeigniter4\framework\system\CodeIgniter.php(936): App\Controllers\Home->index()
#8 D:\Web Projects\sistem-penggajian\vendor\codeigniter4\framework\system\CodeIgniter.php(432): CodeIgniter\CodeIgniter->runController(Object(App\Controllers\Home))
#9 D:\Web Projects\sistem-penggajian\vendor\codeigniter4\framework\system\CodeIgniter.php(333): CodeIgniter\CodeIgniter->handleRequest(NULL, Object(Config\Cache), false)
#10 D:\Web Projects\sistem-penggajian\public\index.php(44): CodeIgniter\CodeIgniter->run()
#11 D:\Web Projects\sistem-penggajian\vendor\codeigniter4\framework\system\Commands\Server\rewrite.php(45): require_once('D:\\Web Projects...')
#12 {main}
ERROR - 2021-03-24 13:08:28 --> mysqli_sql_exception: You have an error in your SQL syntax; check the manual that corresponds to your MariaDB server version for the right syntax to use near 'FROM `absensi`
INNER JOIN `karyawan` ON `karyawan`.`id` = `absensi`.`id_karya...' at line 2 in D:\Web Projects\sistem-penggajian\vendor\codeigniter4\framework\system\Database\MySQLi\Connection.php:314
Stack trace:
#0 D:\Web Projects\sistem-penggajian\vendor\codeigniter4\framework\system\Database\MySQLi\Connection.php(314): mysqli->query('SELECT `absensi...')
#1 D:\Web Projects\sistem-penggajian\vendor\codeigniter4\framework\system\Database\BaseConnection.php(713): CodeIgniter\Database\MySQLi\Connection->execute('SELECT `absensi...')
#2 D:\Web Projects\sistem-penggajian\vendor\codeigniter4\framework\system\Database\BaseConnection.php(641): CodeIgniter\Database\BaseConnection->simpleQuery('SELECT `absensi...')
#3 D:\Web Projects\sistem-penggajian\vendor\codeigniter4\framework\system\Database\BaseBuilder.php(1866): CodeIgniter\Database\BaseConnection->query('SELECT `absensi...', Array, false)
#4 D:\Web Projects\sistem-penggajian\vendor\codeigniter4\framework\system\Model.php(213): CodeIgniter\Database\BaseBuilder->get()
#5 D:\Web Projects\sistem-penggajian\vendor\codeigniter4\framework\system\BaseModel.php(583): CodeIgniter\Model->doFindAll(0, 0)
#6 D:\Web Projects\sistem-penggajian\app\Controllers\Home.php(31): CodeIgniter\BaseModel->findAll()
#7 D:\Web Projects\sistem-penggajian\vendor\codeigniter4\framework\system\CodeIgniter.php(936): App\Controllers\Home->index()
#8 D:\Web Projects\sistem-penggajian\vendor\codeigniter4\framework\system\CodeIgniter.php(432): CodeIgniter\CodeIgniter->runController(Object(App\Controllers\Home))
#9 D:\Web Projects\sistem-penggajian\vendor\codeigniter4\framework\system\CodeIgniter.php(333): CodeIgniter\CodeIgniter->handleRequest(NULL, Object(Config\Cache), false)
#10 D:\Web Projects\sistem-penggajian\public\index.php(44): CodeIgniter\CodeIgniter->run()
#11 D:\Web Projects\sistem-penggajian\vendor\codeigniter4\framework\system\Commands\Server\rewrite.php(45): require_once('D:\\Web Projects...')
#12 {main}
CRITICAL - 2021-03-24 13:08:28 --> You have an error in your SQL syntax; check the manual that corresponds to your MariaDB server version for the right syntax to use near 'FROM `absensi`
INNER JOIN `karyawan` ON `karyawan`.`id` = `absensi`.`id_karya...' at line 2
#0 D:\Web Projects\sistem-penggajian\vendor\codeigniter4\framework\system\Database\MySQLi\Connection.php(314): mysqli->query('SELECT `absensi...')
#1 D:\Web Projects\sistem-penggajian\vendor\codeigniter4\framework\system\Database\BaseConnection.php(713): CodeIgniter\Database\MySQLi\Connection->execute('SELECT `absensi...')
#2 D:\Web Projects\sistem-penggajian\vendor\codeigniter4\framework\system\Database\BaseConnection.php(641): CodeIgniter\Database\BaseConnection->simpleQuery('SELECT `absensi...')
#3 D:\Web Projects\sistem-penggajian\vendor\codeigniter4\framework\system\Database\BaseBuilder.php(1866): CodeIgniter\Database\BaseConnection->query('SELECT `absensi...', Array, false)
#4 D:\Web Projects\sistem-penggajian\vendor\codeigniter4\framework\system\Model.php(213): CodeIgniter\Database\BaseBuilder->get()
#5 D:\Web Projects\sistem-penggajian\vendor\codeigniter4\framework\system\BaseModel.php(583): CodeIgniter\Model->doFindAll(0, 0)
#6 D:\Web Projects\sistem-penggajian\app\Controllers\Home.php(31): CodeIgniter\BaseModel->findAll()
#7 D:\Web Projects\sistem-penggajian\vendor\codeigniter4\framework\system\CodeIgniter.php(936): App\Controllers\Home->index()
#8 D:\Web Projects\sistem-penggajian\vendor\codeigniter4\framework\system\CodeIgniter.php(432): CodeIgniter\CodeIgniter->runController(Object(App\Controllers\Home))
#9 D:\Web Projects\sistem-penggajian\vendor\codeigniter4\framework\system\CodeIgniter.php(333): CodeIgniter\CodeIgniter->handleRequest(NULL, Object(Config\Cache), false)
#10 D:\Web Projects\sistem-penggajian\public\index.php(44): CodeIgniter\CodeIgniter->run()
#11 D:\Web Projects\sistem-penggajian\vendor\codeigniter4\framework\system\Commands\Server\rewrite.php(45): require_once('D:\\Web Projects...')
#12 {main}
ERROR - 2021-03-24 13:08:29 --> mysqli_sql_exception: You have an error in your SQL syntax; check the manual that corresponds to your MariaDB server version for the right syntax to use near 'FROM `absensi`
INNER JOIN `karyawan` ON `karyawan`.`id` = `absensi`.`id_karya...' at line 2 in D:\Web Projects\sistem-penggajian\vendor\codeigniter4\framework\system\Database\MySQLi\Connection.php:314
Stack trace:
#0 D:\Web Projects\sistem-penggajian\vendor\codeigniter4\framework\system\Database\MySQLi\Connection.php(314): mysqli->query('SELECT `absensi...')
#1 D:\Web Projects\sistem-penggajian\vendor\codeigniter4\framework\system\Database\BaseConnection.php(713): CodeIgniter\Database\MySQLi\Connection->execute('SELECT `absensi...')
#2 D:\Web Projects\sistem-penggajian\vendor\codeigniter4\framework\system\Database\BaseConnection.php(641): CodeIgniter\Database\BaseConnection->simpleQuery('SELECT `absensi...')
#3 D:\Web Projects\sistem-penggajian\vendor\codeigniter4\framework\system\Database\BaseBuilder.php(1866): CodeIgniter\Database\BaseConnection->query('SELECT `absensi...', Array, false)
#4 D:\Web Projects\sistem-penggajian\vendor\codeigniter4\framework\system\Model.php(213): CodeIgniter\Database\BaseBuilder->get()
#5 D:\Web Projects\sistem-penggajian\vendor\codeigniter4\framework\system\BaseModel.php(583): CodeIgniter\Model->doFindAll(0, 0)
#6 D:\Web Projects\sistem-penggajian\app\Controllers\Home.php(31): CodeIgniter\BaseModel->findAll()
#7 D:\Web Projects\sistem-penggajian\vendor\codeigniter4\framework\system\CodeIgniter.php(936): App\Controllers\Home->index()
#8 D:\Web Projects\sistem-penggajian\vendor\codeigniter4\framework\system\CodeIgniter.php(432): CodeIgniter\CodeIgniter->runController(Object(App\Controllers\Home))
#9 D:\Web Projects\sistem-penggajian\vendor\codeigniter4\framework\system\CodeIgniter.php(333): CodeIgniter\CodeIgniter->handleRequest(NULL, Object(Config\Cache), false)
#10 D:\Web Projects\sistem-penggajian\public\index.php(44): CodeIgniter\CodeIgniter->run()
#11 D:\Web Projects\sistem-penggajian\vendor\codeigniter4\framework\system\Commands\Server\rewrite.php(45): require_once('D:\\Web Projects...')
#12 {main}
CRITICAL - 2021-03-24 13:08:29 --> You have an error in your SQL syntax; check the manual that corresponds to your MariaDB server version for the right syntax to use near 'FROM `absensi`
INNER JOIN `karyawan` ON `karyawan`.`id` = `absensi`.`id_karya...' at line 2
#0 D:\Web Projects\sistem-penggajian\vendor\codeigniter4\framework\system\Database\MySQLi\Connection.php(314): mysqli->query('SELECT `absensi...')
#1 D:\Web Projects\sistem-penggajian\vendor\codeigniter4\framework\system\Database\BaseConnection.php(713): CodeIgniter\Database\MySQLi\Connection->execute('SELECT `absensi...')
#2 D:\Web Projects\sistem-penggajian\vendor\codeigniter4\framework\system\Database\BaseConnection.php(641): CodeIgniter\Database\BaseConnection->simpleQuery('SELECT `absensi...')
#3 D:\Web Projects\sistem-penggajian\vendor\codeigniter4\framework\system\Database\BaseBuilder.php(1866): CodeIgniter\Database\BaseConnection->query('SELECT `absensi...', Array, false)
#4 D:\Web Projects\sistem-penggajian\vendor\codeigniter4\framework\system\Model.php(213): CodeIgniter\Database\BaseBuilder->get()
#5 D:\Web Projects\sistem-penggajian\vendor\codeigniter4\framework\system\BaseModel.php(583): CodeIgniter\Model->doFindAll(0, 0)
#6 D:\Web Projects\sistem-penggajian\app\Controllers\Home.php(31): CodeIgniter\BaseModel->findAll()
#7 D:\Web Projects\sistem-penggajian\vendor\codeigniter4\framework\system\CodeIgniter.php(936): App\Controllers\Home->index()
#8 D:\Web Projects\sistem-penggajian\vendor\codeigniter4\framework\system\CodeIgniter.php(432): CodeIgniter\CodeIgniter->runController(Object(App\Controllers\Home))
#9 D:\Web Projects\sistem-penggajian\vendor\codeigniter4\framework\system\CodeIgniter.php(333): CodeIgniter\CodeIgniter->handleRequest(NULL, Object(Config\Cache), false)
#10 D:\Web Projects\sistem-penggajian\public\index.php(44): CodeIgniter\CodeIgniter->run()
#11 D:\Web Projects\sistem-penggajian\vendor\codeigniter4\framework\system\Commands\Server\rewrite.php(45): require_once('D:\\Web Projects...')
#12 {main}
ERROR - 2021-03-24 13:08:30 --> mysqli_sql_exception: You have an error in your SQL syntax; check the manual that corresponds to your MariaDB server version for the right syntax to use near 'FROM `absensi`
INNER JOIN `karyawan` ON `karyawan`.`id` = `absensi`.`id_karya...' at line 2 in D:\Web Projects\sistem-penggajian\vendor\codeigniter4\framework\system\Database\MySQLi\Connection.php:314
Stack trace:
#0 D:\Web Projects\sistem-penggajian\vendor\codeigniter4\framework\system\Database\MySQLi\Connection.php(314): mysqli->query('SELECT `absensi...')
#1 D:\Web Projects\sistem-penggajian\vendor\codeigniter4\framework\system\Database\BaseConnection.php(713): CodeIgniter\Database\MySQLi\Connection->execute('SELECT `absensi...')
#2 D:\Web Projects\sistem-penggajian\vendor\codeigniter4\framework\system\Database\BaseConnection.php(641): CodeIgniter\Database\BaseConnection->simpleQuery('SELECT `absensi...')
#3 D:\Web Projects\sistem-penggajian\vendor\codeigniter4\framework\system\Database\BaseBuilder.php(1866): CodeIgniter\Database\BaseConnection->query('SELECT `absensi...', Array, false)
#4 D:\Web Projects\sistem-penggajian\vendor\codeigniter4\framework\system\Model.php(213): CodeIgniter\Database\BaseBuilder->get()
#5 D:\Web Projects\sistem-penggajian\vendor\codeigniter4\framework\system\BaseModel.php(583): CodeIgniter\Model->doFindAll(0, 0)
#6 D:\Web Projects\sistem-penggajian\app\Controllers\Home.php(31): CodeIgniter\BaseModel->findAll()
#7 D:\Web Projects\sistem-penggajian\vendor\codeigniter4\framework\system\CodeIgniter.php(936): App\Controllers\Home->index()
#8 D:\Web Projects\sistem-penggajian\vendor\codeigniter4\framework\system\CodeIgniter.php(432): CodeIgniter\CodeIgniter->runController(Object(App\Controllers\Home))
#9 D:\Web Projects\sistem-penggajian\vendor\codeigniter4\framework\system\CodeIgniter.php(333): CodeIgniter\CodeIgniter->handleRequest(NULL, Object(Config\Cache), false)
#10 D:\Web Projects\sistem-penggajian\public\index.php(44): CodeIgniter\CodeIgniter->run()
#11 D:\Web Projects\sistem-penggajian\vendor\codeigniter4\framework\system\Commands\Server\rewrite.php(45): require_once('D:\\Web Projects...')
#12 {main}
CRITICAL - 2021-03-24 13:08:30 --> You have an error in your SQL syntax; check the manual that corresponds to your MariaDB server version for the right syntax to use near 'FROM `absensi`
INNER JOIN `karyawan` ON `karyawan`.`id` = `absensi`.`id_karya...' at line 2
#0 D:\Web Projects\sistem-penggajian\vendor\codeigniter4\framework\system\Database\MySQLi\Connection.php(314): mysqli->query('SELECT `absensi...')
#1 D:\Web Projects\sistem-penggajian\vendor\codeigniter4\framework\system\Database\BaseConnection.php(713): CodeIgniter\Database\MySQLi\Connection->execute('SELECT `absensi...')
#2 D:\Web Projects\sistem-penggajian\vendor\codeigniter4\framework\system\Database\BaseConnection.php(641): CodeIgniter\Database\BaseConnection->simpleQuery('SELECT `absensi...')
#3 D:\Web Projects\sistem-penggajian\vendor\codeigniter4\framework\system\Database\BaseBuilder.php(1866): CodeIgniter\Database\BaseConnection->query('SELECT `absensi...', Array, false)
#4 D:\Web Projects\sistem-penggajian\vendor\codeigniter4\framework\system\Model.php(213): CodeIgniter\Database\BaseBuilder->get()
#5 D:\Web Projects\sistem-penggajian\vendor\codeigniter4\framework\system\BaseModel.php(583): CodeIgniter\Model->doFindAll(0, 0)
#6 D:\Web Projects\sistem-penggajian\app\Controllers\Home.php(31): CodeIgniter\BaseModel->findAll()
#7 D:\Web Projects\sistem-penggajian\vendor\codeigniter4\framework\system\CodeIgniter.php(936): App\Controllers\Home->index()
#8 D:\Web Projects\sistem-penggajian\vendor\codeigniter4\framework\system\CodeIgniter.php(432): CodeIgniter\CodeIgniter->runController(Object(App\Controllers\Home))
#9 D:\Web Projects\sistem-penggajian\vendor\codeigniter4\framework\system\CodeIgniter.php(333): CodeIgniter\CodeIgniter->handleRequest(NULL, Object(Config\Cache), false)
#10 D:\Web Projects\sistem-penggajian\public\index.php(44): CodeIgniter\CodeIgniter->run()
#11 D:\Web Projects\sistem-penggajian\vendor\codeigniter4\framework\system\Commands\Server\rewrite.php(45): require_once('D:\\Web Projects...')
#12 {main}
ERROR - 2021-03-24 13:08:30 --> mysqli_sql_exception: You have an error in your SQL syntax; check the manual that corresponds to your MariaDB server version for the right syntax to use near 'FROM `absensi`
INNER JOIN `karyawan` ON `karyawan`.`id` = `absensi`.`id_karya...' at line 2 in D:\Web Projects\sistem-penggajian\vendor\codeigniter4\framework\system\Database\MySQLi\Connection.php:314
Stack trace:
#0 D:\Web Projects\sistem-penggajian\vendor\codeigniter4\framework\system\Database\MySQLi\Connection.php(314): mysqli->query('SELECT `absensi...')
#1 D:\Web Projects\sistem-penggajian\vendor\codeigniter4\framework\system\Database\BaseConnection.php(713): CodeIgniter\Database\MySQLi\Connection->execute('SELECT `absensi...')
#2 D:\Web Projects\sistem-penggajian\vendor\codeigniter4\framework\system\Database\BaseConnection.php(641): CodeIgniter\Database\BaseConnection->simpleQuery('SELECT `absensi...')
#3 D:\Web Projects\sistem-penggajian\vendor\codeigniter4\framework\system\Database\BaseBuilder.php(1866): CodeIgniter\Database\BaseConnection->query('SELECT `absensi...', Array, false)
#4 D:\Web Projects\sistem-penggajian\vendor\codeigniter4\framework\system\Model.php(213): CodeIgniter\Database\BaseBuilder->get()
#5 D:\Web Projects\sistem-penggajian\vendor\codeigniter4\framework\system\BaseModel.php(583): CodeIgniter\Model->doFindAll(0, 0)
#6 D:\Web Projects\sistem-penggajian\app\Controllers\Home.php(31): CodeIgniter\BaseModel->findAll()
#7 D:\Web Projects\sistem-penggajian\vendor\codeigniter4\framework\system\CodeIgniter.php(936): App\Controllers\Home->index()
#8 D:\Web Projects\sistem-penggajian\vendor\codeigniter4\framework\system\CodeIgniter.php(432): CodeIgniter\CodeIgniter->runController(Object(App\Controllers\Home))
#9 D:\Web Projects\sistem-penggajian\vendor\codeigniter4\framework\system\CodeIgniter.php(333): CodeIgniter\CodeIgniter->handleRequest(NULL, Object(Config\Cache), false)
#10 D:\Web Projects\sistem-penggajian\public\index.php(44): CodeIgniter\CodeIgniter->run()
#11 D:\Web Projects\sistem-penggajian\vendor\codeigniter4\framework\system\Commands\Server\rewrite.php(45): require_once('D:\\Web Projects...')
#12 {main}
CRITICAL - 2021-03-24 13:08:30 --> You have an error in your SQL syntax; check the manual that corresponds to your MariaDB server version for the right syntax to use near 'FROM `absensi`
INNER JOIN `karyawan` ON `karyawan`.`id` = `absensi`.`id_karya...' at line 2
#0 D:\Web Projects\sistem-penggajian\vendor\codeigniter4\framework\system\Database\MySQLi\Connection.php(314): mysqli->query('SELECT `absensi...')
#1 D:\Web Projects\sistem-penggajian\vendor\codeigniter4\framework\system\Database\BaseConnection.php(713): CodeIgniter\Database\MySQLi\Connection->execute('SELECT `absensi...')
#2 D:\Web Projects\sistem-penggajian\vendor\codeigniter4\framework\system\Database\BaseConnection.php(641): CodeIgniter\Database\BaseConnection->simpleQuery('SELECT `absensi...')
#3 D:\Web Projects\sistem-penggajian\vendor\codeigniter4\framework\system\Database\BaseBuilder.php(1866): CodeIgniter\Database\BaseConnection->query('SELECT `absensi...', Array, false)
#4 D:\Web Projects\sistem-penggajian\vendor\codeigniter4\framework\system\Model.php(213): CodeIgniter\Database\BaseBuilder->get()
#5 D:\Web Projects\sistem-penggajian\vendor\codeigniter4\framework\system\BaseModel.php(583): CodeIgniter\Model->doFindAll(0, 0)
#6 D:\Web Projects\sistem-penggajian\app\Controllers\Home.php(31): CodeIgniter\BaseModel->findAll()
#7 D:\Web Projects\sistem-penggajian\vendor\codeigniter4\framework\system\CodeIgniter.php(936): App\Controllers\Home->index()
#8 D:\Web Projects\sistem-penggajian\vendor\codeigniter4\framework\system\CodeIgniter.php(432): CodeIgniter\CodeIgniter->runController(Object(App\Controllers\Home))
#9 D:\Web Projects\sistem-penggajian\vendor\codeigniter4\framework\system\CodeIgniter.php(333): CodeIgniter\CodeIgniter->handleRequest(NULL, Object(Config\Cache), false)
#10 D:\Web Projects\sistem-penggajian\public\index.php(44): CodeIgniter\CodeIgniter->run()
#11 D:\Web Projects\sistem-penggajian\vendor\codeigniter4\framework\system\Commands\Server\rewrite.php(45): require_once('D:\\Web Projects...')
#12 {main}
ERROR - 2021-03-24 13:09:57 --> mysqli_sql_exception: Unknown column 'karyawan.username' in 'where clause' in D:\Web Projects\sistem-penggajian\vendor\codeigniter4\framework\system\Database\MySQLi\Connection.php:314
Stack trace:
#0 D:\Web Projects\sistem-penggajian\vendor\codeigniter4\framework\system\Database\MySQLi\Connection.php(314): mysqli->query('SELECT `absensi...')
#1 D:\Web Projects\sistem-penggajian\vendor\codeigniter4\framework\system\Database\BaseConnection.php(713): CodeIgniter\Database\MySQLi\Connection->execute('SELECT `absensi...')
#2 D:\Web Projects\sistem-penggajian\vendor\codeigniter4\framework\system\Database\BaseConnection.php(641): CodeIgniter\Database\BaseConnection->simpleQuery('SELECT `absensi...')
#3 D:\Web Projects\sistem-penggajian\vendor\codeigniter4\framework\system\Database\BaseBuilder.php(1866): CodeIgniter\Database\BaseConnection->query('SELECT `absensi...', Array, false)
#4 D:\Web Projects\sistem-penggajian\vendor\codeigniter4\framework\system\Model.php(213): CodeIgniter\Database\BaseBuilder->get()
#5 D:\Web Projects\sistem-penggajian\vendor\codeigniter4\framework\system\BaseModel.php(583): CodeIgniter\Model->doFindAll(0, 0)
#6 D:\Web Projects\sistem-penggajian\app\Controllers\Home.php(31): CodeIgniter\BaseModel->findAll()
#7 D:\Web Projects\sistem-penggajian\vendor\codeigniter4\framework\system\CodeIgniter.php(936): App\Controllers\Home->index()
#8 D:\Web Projects\sistem-penggajian\vendor\codeigniter4\framework\system\CodeIgniter.php(432): CodeIgniter\CodeIgniter->runController(Object(App\Controllers\Home))
#9 D:\Web Projects\sistem-penggajian\vendor\codeigniter4\framework\system\CodeIgniter.php(333): CodeIgniter\CodeIgniter->handleRequest(NULL, Object(Config\Cache), false)
#10 D:\Web Projects\sistem-penggajian\public\index.php(44): CodeIgniter\CodeIgniter->run()
#11 D:\Web Projects\sistem-penggajian\vendor\codeigniter4\framework\system\Commands\Server\rewrite.php(45): require_once('D:\\Web Projects...')
#12 {main}
CRITICAL - 2021-03-24 13:09:57 --> Unknown column 'karyawan.username' in 'where clause'
#0 D:\Web Projects\sistem-penggajian\vendor\codeigniter4\framework\system\Database\MySQLi\Connection.php(314): mysqli->query('SELECT `absensi...')
#1 D:\Web Projects\sistem-penggajian\vendor\codeigniter4\framework\system\Database\BaseConnection.php(713): CodeIgniter\Database\MySQLi\Connection->execute('SELECT `absensi...')
#2 D:\Web Projects\sistem-penggajian\vendor\codeigniter4\framework\system\Database\BaseConnection.php(641): CodeIgniter\Database\BaseConnection->simpleQuery('SELECT `absensi...')
#3 D:\Web Projects\sistem-penggajian\vendor\codeigniter4\framework\system\Database\BaseBuilder.php(1866): CodeIgniter\Database\BaseConnection->query('SELECT `absensi...', Array, false)
#4 D:\Web Projects\sistem-penggajian\vendor\codeigniter4\framework\system\Model.php(213): CodeIgniter\Database\BaseBuilder->get()
#5 D:\Web Projects\sistem-penggajian\vendor\codeigniter4\framework\system\BaseModel.php(583): CodeIgniter\Model->doFindAll(0, 0)
#6 D:\Web Projects\sistem-penggajian\app\Controllers\Home.php(31): CodeIgniter\BaseModel->findAll()
#7 D:\Web Projects\sistem-penggajian\vendor\codeigniter4\framework\system\CodeIgniter.php(936): App\Controllers\Home->index()
#8 D:\Web Projects\sistem-penggajian\vendor\codeigniter4\framework\system\CodeIgniter.php(432): CodeIgniter\CodeIgniter->runController(Object(App\Controllers\Home))
#9 D:\Web Projects\sistem-penggajian\vendor\codeigniter4\framework\system\CodeIgniter.php(333): CodeIgniter\CodeIgniter->handleRequest(NULL, Object(Config\Cache), false)
#10 D:\Web Projects\sistem-penggajian\public\index.php(44): CodeIgniter\CodeIgniter->run()
#11 D:\Web Projects\sistem-penggajian\vendor\codeigniter4\framework\system\Commands\Server\rewrite.php(45): require_once('D:\\Web Projects...')
#12 {main}
CRITICAL - 2021-03-24 13:52:00 --> Undefined variable: title
#0 D:\Web Projects\sistem-penggajian\app\Views\templates\layout.php(6): CodeIgniter\Debug\Exceptions->errorHandler(8, 'Undefined varia...', 'D:\\Web Projects...', 6, Array)
#1 D:\Web Projects\sistem-penggajian\vendor\codeigniter4\framework\system\View\View.php(220): include('D:\\Web Projects...')
#2 D:\Web Projects\sistem-penggajian\vendor\codeigniter4\framework\system\View\View.php(222): CodeIgniter\View\View->CodeIgniter\View\{closure}()
#3 D:\Web Projects\sistem-penggajian\vendor\codeigniter4\framework\system\View\View.php(236): CodeIgniter\View\View->render('templates/layou...', Array, true)
#4 D:\Web Projects\sistem-penggajian\vendor\codeigniter4\framework\system\Common.php(1217): CodeIgniter\View\View->render('absensi/absen_k...', Array, true)
#5 D:\Web Projects\sistem-penggajian\app\Controllers\Home.php(57): view('absensi/absen_k...')
#6 D:\Web Projects\sistem-penggajian\vendor\codeigniter4\framework\system\CodeIgniter.php(936): App\Controllers\Home->index()
#7 D:\Web Projects\sistem-penggajian\vendor\codeigniter4\framework\system\CodeIgniter.php(432): CodeIgniter\CodeIgniter->runController(Object(App\Controllers\Home))
#8 D:\Web Projects\sistem-penggajian\vendor\codeigniter4\framework\system\CodeIgniter.php(333): CodeIgniter\CodeIgniter->handleRequest(NULL, Object(Config\Cache), false)
#9 D:\Web Projects\sistem-penggajian\public\index.php(44): CodeIgniter\CodeIgniter->run()
#10 D:\Web Projects\sistem-penggajian\vendor\codeigniter4\framework\system\Commands\Server\rewrite.php(45): require_once('D:\\Web Projects...')
#11 {main}
CRITICAL - 2021-03-24 15:32:14 --> Undefined variable: karyawan
#0 D:\Web Projects\sistem-penggajian\app\Views\pages\setting.php(15): CodeIgniter\Debug\Exceptions->errorHandler(8, 'Undefined varia...', 'D:\\Web Projects...', 15, Array)
#1 D:\Web Projects\sistem-penggajian\vendor\codeigniter4\framework\system\View\View.php(220): include('D:\\Web Projects...')
#2 D:\Web Projects\sistem-penggajian\vendor\codeigniter4\framework\system\View\View.php(222): CodeIgniter\View\View->CodeIgniter\View\{closure}()
#3 D:\Web Projects\sistem-penggajian\vendor\codeigniter4\framework\system\Common.php(1217): CodeIgniter\View\View->render('pages/setting', Array, true)
#4 D:\Web Projects\sistem-penggajian\app\Controllers\Home.php(79): view('pages/setting', Array)
#5 D:\Web Projects\sistem-penggajian\vendor\codeigniter4\framework\system\CodeIgniter.php(936): App\Controllers\Home->setting()
#6 D:\Web Projects\sistem-penggajian\vendor\codeigniter4\framework\system\CodeIgniter.php(432): CodeIgniter\CodeIgniter->runController(Object(App\Controllers\Home))
#7 D:\Web Projects\sistem-penggajian\vendor\codeigniter4\framework\system\CodeIgniter.php(333): CodeIgniter\CodeIgniter->handleRequest(NULL, Object(Config\Cache), false)
#8 D:\Web Projects\sistem-penggajian\public\index.php(44): CodeIgniter\CodeIgniter->run()
#9 D:\Web Projects\sistem-penggajian\vendor\codeigniter4\framework\system\Commands\Server\rewrite.php(45): require_once('D:\\Web Projects...')
#10 {main}
CRITICAL - 2021-03-24 15:33:11 --> Undefined variable: validation
#0 D:\Web Projects\sistem-penggajian\app\Views\pages\setting.php(15): CodeIgniter\Debug\Exceptions->errorHandler(8, 'Undefined varia...', 'D:\\Web Projects...', 15, Array)
#1 D:\Web Projects\sistem-penggajian\vendor\codeigniter4\framework\system\View\View.php(220): include('D:\\Web Projects...')
#2 D:\Web Projects\sistem-penggajian\vendor\codeigniter4\framework\system\View\View.php(222): CodeIgniter\View\View->CodeIgniter\View\{closure}()
#3 D:\Web Projects\sistem-penggajian\vendor\codeigniter4\framework\system\Common.php(1217): CodeIgniter\View\View->render('pages/setting', Array, true)
#4 D:\Web Projects\sistem-penggajian\app\Controllers\Home.php(79): view('pages/setting', Array)
#5 D:\Web Projects\sistem-penggajian\vendor\codeigniter4\framework\system\CodeIgniter.php(936): App\Controllers\Home->setting()
#6 D:\Web Projects\sistem-penggajian\vendor\codeigniter4\framework\system\CodeIgniter.php(432): CodeIgniter\CodeIgniter->runController(Object(App\Controllers\Home))
#7 D:\Web Projects\sistem-penggajian\vendor\codeigniter4\framework\system\CodeIgniter.php(333): CodeIgniter\CodeIgniter->handleRequest(NULL, Object(Config\Cache), false)
#8 D:\Web Projects\sistem-penggajian\public\index.php(44): CodeIgniter\CodeIgniter->run()
#9 D:\Web Projects\sistem-penggajian\vendor\codeigniter4\framework\system\Commands\Server\rewrite.php(45): require_once('D:\\Web Projects...')
#10 {main}
CRITICAL - 2021-03-24 16:17:47 --> Trying to access array offset on value of type null
#0 D:\sistem-penggajian-main\app\Views\karyawan\edit.php(37): CodeIgniter\Debug\Exceptions->errorHandler(8, 'Trying to acces...', 'D:\\sistem-pengg...', 37, Array)
#1 D:\sistem-penggajian-main\vendor\codeigniter4\framework\system\View\View.php(220): include('D:\\sistem-pengg...')
#2 D:\sistem-penggajian-main\vendor\codeigniter4\framework\system\View\View.php(222): CodeIgniter\View\View->CodeIgniter\View\{closure}()
#3 D:\sistem-penggajian-main\vendor\codeigniter4\framework\system\Common.php(1217): CodeIgniter\View\View->render('karyawan/edit', Array, true)
#4 D:\sistem-penggajian-main\app\Controllers\Karyawan.php(210): view('karyawan/edit', Array)
#5 D:\sistem-penggajian-main\vendor\codeigniter4\framework\system\CodeIgniter.php(936): App\Controllers\Karyawan->edit()
#6 D:\sistem-penggajian-main\vendor\codeigniter4\framework\system\CodeIgniter.php(432): CodeIgniter\CodeIgniter->runController(Object(App\Controllers\Karyawan))
#7 D:\sistem-penggajian-main\vendor\codeigniter4\framework\system\CodeIgniter.php(333): CodeIgniter\CodeIgniter->handleRequest(NULL, Object(Config\Cache), false)
#8 D:\sistem-penggajian-main\public\index.php(44): CodeIgniter\CodeIgniter->run()
#9 D:\sistem-penggajian-main\vendor\codeigniter4\framework\system\Commands\Server\rewrite.php(45): require_once('D:\\sistem-pengg...')
#10 {main}
CRITICAL - 2021-03-24 16:17:54 --> Trying to access array offset on value of type null
#0 D:\sistem-penggajian-main\app\Views\karyawan\edit.php(37): CodeIgniter\Debug\Exceptions->errorHandler(8, 'Trying to acces...', 'D:\\sistem-pengg...', 37, Array)
#1 D:\sistem-penggajian-main\vendor\codeigniter4\framework\system\View\View.php(220): include('D:\\sistem-pengg...')
#2 D:\sistem-penggajian-main\vendor\codeigniter4\framework\system\View\View.php(222): CodeIgniter\View\View->CodeIgniter\View\{closure}()
#3 D:\sistem-penggajian-main\vendor\codeigniter4\framework\system\Common.php(1217): CodeIgniter\View\View->render('karyawan/edit', Array, true)
#4 D:\sistem-penggajian-main\app\Controllers\Karyawan.php(210): view('karyawan/edit', Array)
#5 D:\sistem-penggajian-main\vendor\codeigniter4\framework\system\CodeIgniter.php(936): App\Controllers\Karyawan->edit()
#6 D:\sistem-penggajian-main\vendor\codeigniter4\framework\system\CodeIgniter.php(432): CodeIgniter\CodeIgniter->runController(Object(App\Controllers\Karyawan))
#7 D:\sistem-penggajian-main\vendor\codeigniter4\framework\system\CodeIgniter.php(333): CodeIgniter\CodeIgniter->handleRequest(NULL, Object(Config\Cache), false)
#8 D:\sistem-penggajian-main\public\index.php(44): CodeIgniter\CodeIgniter->run()
#9 D:\sistem-penggajian-main\vendor\codeigniter4\framework\system\Commands\Server\rewrite.php(45): require_once('D:\\sistem-pengg...')
#10 {main}
CRITICAL - 2021-03-24 16:17:57 --> Trying to access array offset on value of type null
#0 D:\sistem-penggajian-main\app\Views\karyawan\edit.php(37): CodeIgniter\Debug\Exceptions->errorHandler(8, 'Trying to acces...', 'D:\\sistem-pengg...', 37, Array)
#1 D:\sistem-penggajian-main\vendor\codeigniter4\framework\system\View\View.php(220): include('D:\\sistem-pengg...')
#2 D:\sistem-penggajian-main\vendor\codeigniter4\framework\system\View\View.php(222): CodeIgniter\View\View->CodeIgniter\View\{closure}()
#3 D:\sistem-penggajian-main\vendor\codeigniter4\framework\system\Common.php(1217): CodeIgniter\View\View->render('karyawan/edit', Array, true)
#4 D:\sistem-penggajian-main\app\Controllers\Karyawan.php(210): view('karyawan/edit', Array)
#5 D:\sistem-penggajian-main\vendor\codeigniter4\framework\system\CodeIgniter.php(936): App\Controllers\Karyawan->edit()
#6 D:\sistem-penggajian-main\vendor\codeigniter4\framework\system\CodeIgniter.php(432): CodeIgniter\CodeIgniter->runController(Object(App\Controllers\Karyawan))
#7 D:\sistem-penggajian-main\vendor\codeigniter4\framework\system\CodeIgniter.php(333): CodeIgniter\CodeIgniter->handleRequest(NULL, Object(Config\Cache), false)
#8 D:\sistem-penggajian-main\public\index.php(44): CodeIgniter\CodeIgniter->run()
#9 D:\sistem-penggajian-main\vendor\codeigniter4\framework\system\Commands\Server\rewrite.php(45): require_once('D:\\sistem-pengg...')
#10 {main}
CRITICAL - 2021-03-24 16:17:59 --> Trying to access array offset on value of type null
#0 D:\sistem-penggajian-main\app\Views\karyawan\edit.php(37): CodeIgniter\Debug\Exceptions->errorHandler(8, 'Trying to acces...', 'D:\\sistem-pengg...', 37, Array)
#1 D:\sistem-penggajian-main\vendor\codeigniter4\framework\system\View\View.php(220): include('D:\\sistem-pengg...')
#2 D:\sistem-penggajian-main\vendor\codeigniter4\framework\system\View\View.php(222): CodeIgniter\View\View->CodeIgniter\View\{closure}()
#3 D:\sistem-penggajian-main\vendor\codeigniter4\framework\system\Common.php(1217): CodeIgniter\View\View->render('karyawan/edit', Array, true)
#4 D:\sistem-penggajian-main\app\Controllers\Karyawan.php(210): view('karyawan/edit', Array)
#5 D:\sistem-penggajian-main\vendor\codeigniter4\framework\system\CodeIgniter.php(936): App\Controllers\Karyawan->edit()
#6 D:\sistem-penggajian-main\vendor\codeigniter4\framework\system\CodeIgniter.php(432): CodeIgniter\CodeIgniter->runController(Object(App\Controllers\Karyawan))
#7 D:\sistem-penggajian-main\vendor\codeigniter4\framework\system\CodeIgniter.php(333): CodeIgniter\CodeIgniter->handleRequest(NULL, Object(Config\Cache), false)
#8 D:\sistem-penggajian-main\public\index.php(44): CodeIgniter\CodeIgniter->run()
#9 D:\sistem-penggajian-main\vendor\codeigniter4\framework\system\Commands\Server\rewrite.php(45): require_once('D:\\sistem-pengg...')
#10 {main}
CRITICAL - 2021-03-24 16:18:00 --> Trying to access array offset on value of type null
#0 D:\sistem-penggajian-main\app\Views\karyawan\edit.php(37): CodeIgniter\Debug\Exceptions->errorHandler(8, 'Trying to acces...', 'D:\\sistem-pengg...', 37, Array)
#1 D:\sistem-penggajian-main\vendor\codeigniter4\framework\system\View\View.php(220): include('D:\\sistem-pengg...')
#2 D:\sistem-penggajian-main\vendor\codeigniter4\framework\system\View\View.php(222): CodeIgniter\View\View->CodeIgniter\View\{closure}()
#3 D:\sistem-penggajian-main\vendor\codeigniter4\framework\system\Common.php(1217): CodeIgniter\View\View->render('karyawan/edit', Array, true)
#4 D:\sistem-penggajian-main\app\Controllers\Karyawan.php(210): view('karyawan/edit', Array)
#5 D:\sistem-penggajian-main\vendor\codeigniter4\framework\system\CodeIgniter.php(936): App\Controllers\Karyawan->edit()
#6 D:\sistem-penggajian-main\vendor\codeigniter4\framework\system\CodeIgniter.php(432): CodeIgniter\CodeIgniter->runController(Object(App\Controllers\Karyawan))
#7 D:\sistem-penggajian-main\vendor\codeigniter4\framework\system\CodeIgniter.php(333): CodeIgniter\CodeIgniter->handleRequest(NULL, Object(Config\Cache), false)
#8 D:\sistem-penggajian-main\public\index.php(44): CodeIgniter\CodeIgniter->run()
#9 D:\sistem-penggajian-main\vendor\codeigniter4\framework\system\Commands\Server\rewrite.php(45): require_once('D:\\sistem-pengg...')
#10 {main}
CRITICAL - 2021-03-24 16:18:03 --> Trying to access array offset on value of type null
#0 D:\sistem-penggajian-main\app\Views\karyawan\edit.php(37): CodeIgniter\Debug\Exceptions->errorHandler(8, 'Trying to acces...', 'D:\\sistem-pengg...', 37, Array)
#1 D:\sistem-penggajian-main\vendor\codeigniter4\framework\system\View\View.php(220): include('D:\\sistem-pengg...')
#2 D:\sistem-penggajian-main\vendor\codeigniter4\framework\system\View\View.php(222): CodeIgniter\View\View->CodeIgniter\View\{closure}()
#3 D:\sistem-penggajian-main\vendor\codeigniter4\framework\system\Common.php(1217): CodeIgniter\View\View->render('karyawan/edit', Array, true)
#4 D:\sistem-penggajian-main\app\Controllers\Karyawan.php(210): view('karyawan/edit', Array)
#5 D:\sistem-penggajian-main\vendor\codeigniter4\framework\system\CodeIgniter.php(936): App\Controllers\Karyawan->edit()
#6 D:\sistem-penggajian-main\vendor\codeigniter4\framework\system\CodeIgniter.php(432): CodeIgniter\CodeIgniter->runController(Object(App\Controllers\Karyawan))
#7 D:\sistem-penggajian-main\vendor\codeigniter4\framework\system\CodeIgniter.php(333): CodeIgniter\CodeIgniter->handleRequest(NULL, Object(Config\Cache), false)
#8 D:\sistem-penggajian-main\public\index.php(44): CodeIgniter\CodeIgniter->run()
#9 D:\sistem-penggajian-main\vendor\codeigniter4\framework\system\Commands\Server\rewrite.php(45): require_once('D:\\sistem-pengg...')
#10 {main}
CRITICAL - 2021-03-24 16:18:04 --> Trying to access array offset on value of type null
#0 D:\sistem-penggajian-main\app\Views\karyawan\edit.php(37): CodeIgniter\Debug\Exceptions->errorHandler(8, 'Trying to acces...', 'D:\\sistem-pengg...', 37, Array)
#1 D:\sistem-penggajian-main\vendor\codeigniter4\framework\system\View\View.php(220): include('D:\\sistem-pengg...')
#2 D:\sistem-penggajian-main\vendor\codeigniter4\framework\system\View\View.php(222): CodeIgniter\View\View->CodeIgniter\View\{closure}()
#3 D:\sistem-penggajian-main\vendor\codeigniter4\framework\system\Common.php(1217): CodeIgniter\View\View->render('karyawan/edit', Array, true)
#4 D:\sistem-penggajian-main\app\Controllers\Karyawan.php(210): view('karyawan/edit', Array)
#5 D:\sistem-penggajian-main\vendor\codeigniter4\framework\system\CodeIgniter.php(936): App\Controllers\Karyawan->edit()
#6 D:\sistem-penggajian-main\vendor\codeigniter4\framework\system\CodeIgniter.php(432): CodeIgniter\CodeIgniter->runController(Object(App\Controllers\Karyawan))
#7 D:\sistem-penggajian-main\vendor\codeigniter4\framework\system\CodeIgniter.php(333): CodeIgniter\CodeIgniter->handleRequest(NULL, Object(Config\Cache), false)
#8 D:\sistem-penggajian-main\public\index.php(44): CodeIgniter\CodeIgniter->run()
#9 D:\sistem-penggajian-main\vendor\codeigniter4\framework\system\Commands\Server\rewrite.php(45): require_once('D:\\sistem-pengg...')
#10 {main}
