CRITICAL - 2021-08-16 07:20:19 --> Call to undefined function CodeIgniter\locale_set_default()
#0 D:\Programming\CI\sistem-penggajian-main\vendor\codeigniter4\framework\system\bootstrap.php(159): CodeIgniter\CodeIgniter->initialize()
#1 D:\Programming\CI\sistem-penggajian-main\spark(53): require('D:\\Programming\\...')
#2 {main}
CRITICAL - 2021-08-16 07:26:20 --> Call to undefined function CodeIgniter\locale_set_default()
#0 D:\Programming\CI\sistem-penggajian-main\vendor\codeigniter4\framework\system\bootstrap.php(159): CodeIgniter\CodeIgniter->initialize()
#1 D:\Programming\CI\sistem-penggajian-main\spark(53): require('D:\\Programming\\...')
#2 {main}
ERROR - 2021-08-16 13:37:20 --> Error connecting to the database: No connection could be made because the target machine actively refused it.

CRITICAL - 2021-08-16 13:37:20 --> Unable to connect to the database.
#0 D:\Programming\CI\sistem-penggajian-main\vendor\codeigniter4\framework\system\Database\BaseConnection.php(618): CodeIgniter\Database\BaseConnection->initialize()
#1 D:\Programming\CI\sistem-penggajian-main\vendor\codeigniter4\framework\system\Database\BaseBuilder.php(1866): CodeIgniter\Database\BaseConnection->query('SELECT SUM(IF(a...', Array, false)
#2 D:\Programming\CI\sistem-penggajian-main\vendor\codeigniter4\framework\system\Model.php(247): CodeIgniter\Database\BaseBuilder->get()
#3 D:\Programming\CI\sistem-penggajian-main\vendor\codeigniter4\framework\system\BaseModel.php(624): CodeIgniter\Model->doFirst()
#4 D:\Programming\CI\sistem-penggajian-main\app\Controllers\Home.php(39): CodeIgniter\BaseModel->first()
#5 D:\Programming\CI\sistem-penggajian-main\vendor\codeigniter4\framework\system\CodeIgniter.php(936): App\Controllers\Home->index()
#6 D:\Programming\CI\sistem-penggajian-main\vendor\codeigniter4\framework\system\CodeIgniter.php(432): CodeIgniter\CodeIgniter->runController(Object(App\Controllers\Home))
#7 D:\Programming\CI\sistem-penggajian-main\vendor\codeigniter4\framework\system\CodeIgniter.php(333): CodeIgniter\CodeIgniter->handleRequest(NULL, Object(Config\Cache), false)
#8 D:\Programming\CI\sistem-penggajian-main\public\index.php(44): CodeIgniter\CodeIgniter->run()
#9 D:\Programming\CI\sistem-penggajian-main\vendor\codeigniter4\framework\system\Commands\Server\rewrite.php(45): require_once('D:\\Programming\\...')
#10 {main}
CRITICAL - 2021-08-16 15:23:01 --> Undefined variable: users
#0 D:\Programming\CI\sistem-penggajian-main\app\Views\templates\topbar.php(3): CodeIgniter\Debug\Exceptions->errorHandler(8, 'Undefined varia...', 'D:\\Programming\\...', 3, Array)
#1 D:\Programming\CI\sistem-penggajian-main\vendor\codeigniter4\framework\system\View\View.php(220): include('D:\\Programming\\...')
#2 D:\Programming\CI\sistem-penggajian-main\vendor\codeigniter4\framework\system\View\View.php(222): CodeIgniter\View\View->CodeIgniter\View\{closure}()
#3 D:\Programming\CI\sistem-penggajian-main\vendor\codeigniter4\framework\system\View\View.php(468): CodeIgniter\View\View->render('templates/topba...', NULL, true)
#4 D:\Programming\CI\sistem-penggajian-main\app\Views\templates\layout.php(32): CodeIgniter\View\View->include('templates/topba...')
#5 D:\Programming\CI\sistem-penggajian-main\vendor\codeigniter4\framework\system\View\View.php(220): include('D:\\Programming\\...')
#6 D:\Programming\CI\sistem-penggajian-main\vendor\codeigniter4\framework\system\View\View.php(222): CodeIgniter\View\View->CodeIgniter\View\{closure}()
#7 D:\Programming\CI\sistem-penggajian-main\vendor\codeigniter4\framework\system\View\View.php(236): CodeIgniter\View\View->render('templates/layou...', Array, true)
#8 D:\Programming\CI\sistem-penggajian-main\vendor\codeigniter4\framework\system\Common.php(1217): CodeIgniter\View\View->render('pages/dashboard', Array, true)
#9 D:\Programming\CI\sistem-penggajian-main\app\Controllers\Home.php(95): view('pages/dashboard', Array)
#10 D:\Programming\CI\sistem-penggajian-main\vendor\codeigniter4\framework\system\CodeIgniter.php(936): App\Controllers\Home->index()
#11 D:\Programming\CI\sistem-penggajian-main\vendor\codeigniter4\framework\system\CodeIgniter.php(432): CodeIgniter\CodeIgniter->runController(Object(App\Controllers\Home))
#12 D:\Programming\CI\sistem-penggajian-main\vendor\codeigniter4\framework\system\CodeIgniter.php(333): CodeIgniter\CodeIgniter->handleRequest(NULL, Object(Config\Cache), false)
#13 D:\Programming\CI\sistem-penggajian-main\public\index.php(44): CodeIgniter\CodeIgniter->run()
#14 D:\Programming\CI\sistem-penggajian-main\vendor\codeigniter4\framework\system\Commands\Server\rewrite.php(45): require_once('D:\\Programming\\...')
#15 {main}
CRITICAL - 2021-08-16 15:23:28 --> Undefined variable: users
#0 D:\Programming\CI\sistem-penggajian-main\app\Views\templates\topbar.php(3): CodeIgniter\Debug\Exceptions->errorHandler(8, 'Undefined varia...', 'D:\\Programming\\...', 3, Array)
#1 D:\Programming\CI\sistem-penggajian-main\vendor\codeigniter4\framework\system\View\View.php(220): include('D:\\Programming\\...')
#2 D:\Programming\CI\sistem-penggajian-main\vendor\codeigniter4\framework\system\View\View.php(222): CodeIgniter\View\View->CodeIgniter\View\{closure}()
#3 D:\Programming\CI\sistem-penggajian-main\vendor\codeigniter4\framework\system\View\View.php(468): CodeIgniter\View\View->render('templates/topba...', NULL, true)
#4 D:\Programming\CI\sistem-penggajian-main\app\Views\templates\layout.php(32): CodeIgniter\View\View->include('templates/topba...')
#5 D:\Programming\CI\sistem-penggajian-main\vendor\codeigniter4\framework\system\View\View.php(220): include('D:\\Programming\\...')
#6 D:\Programming\CI\sistem-penggajian-main\vendor\codeigniter4\framework\system\View\View.php(222): CodeIgniter\View\View->CodeIgniter\View\{closure}()
#7 D:\Programming\CI\sistem-penggajian-main\vendor\codeigniter4\framework\system\View\View.php(236): CodeIgniter\View\View->render('templates/layou...', Array, true)
#8 D:\Programming\CI\sistem-penggajian-main\vendor\codeigniter4\framework\system\Common.php(1217): CodeIgniter\View\View->render('pages/dashboard', Array, true)
#9 D:\Programming\CI\sistem-penggajian-main\app\Controllers\Home.php(95): view('pages/dashboard', Array)
#10 D:\Programming\CI\sistem-penggajian-main\vendor\codeigniter4\framework\system\CodeIgniter.php(936): App\Controllers\Home->index()
#11 D:\Programming\CI\sistem-penggajian-main\vendor\codeigniter4\framework\system\CodeIgniter.php(432): CodeIgniter\CodeIgniter->runController(Object(App\Controllers\Home))
#12 D:\Programming\CI\sistem-penggajian-main\vendor\codeigniter4\framework\system\CodeIgniter.php(333): CodeIgniter\CodeIgniter->handleRequest(NULL, Object(Config\Cache), false)
#13 D:\Programming\CI\sistem-penggajian-main\public\index.php(44): CodeIgniter\CodeIgniter->run()
#14 D:\Programming\CI\sistem-penggajian-main\vendor\codeigniter4\framework\system\Commands\Server\rewrite.php(45): require_once('D:\\Programming\\...')
#15 {main}
CRITICAL - 2021-08-16 15:23:29 --> Undefined variable: users
#0 D:\Programming\CI\sistem-penggajian-main\app\Views\templates\topbar.php(3): CodeIgniter\Debug\Exceptions->errorHandler(8, 'Undefined varia...', 'D:\\Programming\\...', 3, Array)
#1 D:\Programming\CI\sistem-penggajian-main\vendor\codeigniter4\framework\system\View\View.php(220): include('D:\\Programming\\...')
#2 D:\Programming\CI\sistem-penggajian-main\vendor\codeigniter4\framework\system\View\View.php(222): CodeIgniter\View\View->CodeIgniter\View\{closure}()
#3 D:\Programming\CI\sistem-penggajian-main\vendor\codeigniter4\framework\system\View\View.php(468): CodeIgniter\View\View->render('templates/topba...', NULL, true)
#4 D:\Programming\CI\sistem-penggajian-main\app\Views\templates\layout.php(32): CodeIgniter\View\View->include('templates/topba...')
#5 D:\Programming\CI\sistem-penggajian-main\vendor\codeigniter4\framework\system\View\View.php(220): include('D:\\Programming\\...')
#6 D:\Programming\CI\sistem-penggajian-main\vendor\codeigniter4\framework\system\View\View.php(222): CodeIgniter\View\View->CodeIgniter\View\{closure}()
#7 D:\Programming\CI\sistem-penggajian-main\vendor\codeigniter4\framework\system\View\View.php(236): CodeIgniter\View\View->render('templates/layou...', Array, true)
#8 D:\Programming\CI\sistem-penggajian-main\vendor\codeigniter4\framework\system\Common.php(1217): CodeIgniter\View\View->render('pages/dashboard', Array, true)
#9 D:\Programming\CI\sistem-penggajian-main\app\Controllers\Home.php(95): view('pages/dashboard', Array)
#10 D:\Programming\CI\sistem-penggajian-main\vendor\codeigniter4\framework\system\CodeIgniter.php(936): App\Controllers\Home->index()
#11 D:\Programming\CI\sistem-penggajian-main\vendor\codeigniter4\framework\system\CodeIgniter.php(432): CodeIgniter\CodeIgniter->runController(Object(App\Controllers\Home))
#12 D:\Programming\CI\sistem-penggajian-main\vendor\codeigniter4\framework\system\CodeIgniter.php(333): CodeIgniter\CodeIgniter->handleRequest(NULL, Object(Config\Cache), false)
#13 D:\Programming\CI\sistem-penggajian-main\public\index.php(44): CodeIgniter\CodeIgniter->run()
#14 D:\Programming\CI\sistem-penggajian-main\vendor\codeigniter4\framework\system\Commands\Server\rewrite.php(45): require_once('D:\\Programming\\...')
#15 {main}
CRITICAL - 2021-08-16 15:23:49 --> Undefined variable: users
#0 D:\Programming\CI\sistem-penggajian-main\app\Views\templates\topbar.php(3): CodeIgniter\Debug\Exceptions->errorHandler(8, 'Undefined varia...', 'D:\\Programming\\...', 3, Array)
#1 D:\Programming\CI\sistem-penggajian-main\vendor\codeigniter4\framework\system\View\View.php(220): include('D:\\Programming\\...')
#2 D:\Programming\CI\sistem-penggajian-main\vendor\codeigniter4\framework\system\View\View.php(222): CodeIgniter\View\View->CodeIgniter\View\{closure}()
#3 D:\Programming\CI\sistem-penggajian-main\vendor\codeigniter4\framework\system\View\View.php(468): CodeIgniter\View\View->render('templates/topba...', NULL, true)
#4 D:\Programming\CI\sistem-penggajian-main\app\Views\templates\layout.php(32): CodeIgniter\View\View->include('templates/topba...')
#5 D:\Programming\CI\sistem-penggajian-main\vendor\codeigniter4\framework\system\View\View.php(220): include('D:\\Programming\\...')
#6 D:\Programming\CI\sistem-penggajian-main\vendor\codeigniter4\framework\system\View\View.php(222): CodeIgniter\View\View->CodeIgniter\View\{closure}()
#7 D:\Programming\CI\sistem-penggajian-main\vendor\codeigniter4\framework\system\View\View.php(236): CodeIgniter\View\View->render('templates/layou...', Array, true)
#8 D:\Programming\CI\sistem-penggajian-main\vendor\codeigniter4\framework\system\Common.php(1217): CodeIgniter\View\View->render('pages/dashboard', Array, true)
#9 D:\Programming\CI\sistem-penggajian-main\app\Controllers\Home.php(95): view('pages/dashboard', Array)
#10 D:\Programming\CI\sistem-penggajian-main\vendor\codeigniter4\framework\system\CodeIgniter.php(936): App\Controllers\Home->index()
#11 D:\Programming\CI\sistem-penggajian-main\vendor\codeigniter4\framework\system\CodeIgniter.php(432): CodeIgniter\CodeIgniter->runController(Object(App\Controllers\Home))
#12 D:\Programming\CI\sistem-penggajian-main\vendor\codeigniter4\framework\system\CodeIgniter.php(333): CodeIgniter\CodeIgniter->handleRequest(NULL, Object(Config\Cache), false)
#13 D:\Programming\CI\sistem-penggajian-main\public\index.php(44): CodeIgniter\CodeIgniter->run()
#14 D:\Programming\CI\sistem-penggajian-main\vendor\codeigniter4\framework\system\Commands\Server\rewrite.php(45): require_once('D:\\Programming\\...')
#15 {main}
CRITICAL - 2021-08-16 15:30:27 --> Undefined variable: users
#0 D:\Programming\CI\sistem-penggajian-main\app\Views\templates\topbar.php(3): CodeIgniter\Debug\Exceptions->errorHandler(8, 'Undefined varia...', 'D:\\Programming\\...', 3, Array)
#1 D:\Programming\CI\sistem-penggajian-main\vendor\codeigniter4\framework\system\View\View.php(220): include('D:\\Programming\\...')
#2 D:\Programming\CI\sistem-penggajian-main\vendor\codeigniter4\framework\system\View\View.php(222): CodeIgniter\View\View->CodeIgniter\View\{closure}()
#3 D:\Programming\CI\sistem-penggajian-main\vendor\codeigniter4\framework\system\View\View.php(468): CodeIgniter\View\View->render('templates/topba...', NULL, true)
#4 D:\Programming\CI\sistem-penggajian-main\app\Views\templates\layout.php(32): CodeIgniter\View\View->include('templates/topba...')
#5 D:\Programming\CI\sistem-penggajian-main\vendor\codeigniter4\framework\system\View\View.php(220): include('D:\\Programming\\...')
#6 D:\Programming\CI\sistem-penggajian-main\vendor\codeigniter4\framework\system\View\View.php(222): CodeIgniter\View\View->CodeIgniter\View\{closure}()
#7 D:\Programming\CI\sistem-penggajian-main\vendor\codeigniter4\framework\system\View\View.php(236): CodeIgniter\View\View->render('templates/layou...', Array, true)
#8 D:\Programming\CI\sistem-penggajian-main\vendor\codeigniter4\framework\system\Common.php(1217): CodeIgniter\View\View->render('pages/dashboard', Array, true)
#9 D:\Programming\CI\sistem-penggajian-main\app\Controllers\Home.php(95): view('pages/dashboard', Array)
#10 D:\Programming\CI\sistem-penggajian-main\vendor\codeigniter4\framework\system\CodeIgniter.php(936): App\Controllers\Home->index()
#11 D:\Programming\CI\sistem-penggajian-main\vendor\codeigniter4\framework\system\CodeIgniter.php(432): CodeIgniter\CodeIgniter->runController(Object(App\Controllers\Home))
#12 D:\Programming\CI\sistem-penggajian-main\vendor\codeigniter4\framework\system\CodeIgniter.php(333): CodeIgniter\CodeIgniter->handleRequest(NULL, Object(Config\Cache), false)
#13 D:\Programming\CI\sistem-penggajian-main\public\index.php(44): CodeIgniter\CodeIgniter->run()
#14 D:\Programming\CI\sistem-penggajian-main\vendor\codeigniter4\framework\system\Commands\Server\rewrite.php(45): require_once('D:\\Programming\\...')
#15 {main}
CRITICAL - 2021-08-16 15:30:28 --> Undefined variable: users
#0 D:\Programming\CI\sistem-penggajian-main\app\Views\templates\topbar.php(3): CodeIgniter\Debug\Exceptions->errorHandler(8, 'Undefined varia...', 'D:\\Programming\\...', 3, Array)
#1 D:\Programming\CI\sistem-penggajian-main\vendor\codeigniter4\framework\system\View\View.php(220): include('D:\\Programming\\...')
#2 D:\Programming\CI\sistem-penggajian-main\vendor\codeigniter4\framework\system\View\View.php(222): CodeIgniter\View\View->CodeIgniter\View\{closure}()
#3 D:\Programming\CI\sistem-penggajian-main\vendor\codeigniter4\framework\system\View\View.php(468): CodeIgniter\View\View->render('templates/topba...', NULL, true)
#4 D:\Programming\CI\sistem-penggajian-main\app\Views\templates\layout.php(32): CodeIgniter\View\View->include('templates/topba...')
#5 D:\Programming\CI\sistem-penggajian-main\vendor\codeigniter4\framework\system\View\View.php(220): include('D:\\Programming\\...')
#6 D:\Programming\CI\sistem-penggajian-main\vendor\codeigniter4\framework\system\View\View.php(222): CodeIgniter\View\View->CodeIgniter\View\{closure}()
#7 D:\Programming\CI\sistem-penggajian-main\vendor\codeigniter4\framework\system\View\View.php(236): CodeIgniter\View\View->render('templates/layou...', Array, true)
#8 D:\Programming\CI\sistem-penggajian-main\vendor\codeigniter4\framework\system\Common.php(1217): CodeIgniter\View\View->render('pages/dashboard', Array, true)
#9 D:\Programming\CI\sistem-penggajian-main\app\Controllers\Home.php(95): view('pages/dashboard', Array)
#10 D:\Programming\CI\sistem-penggajian-main\vendor\codeigniter4\framework\system\CodeIgniter.php(936): App\Controllers\Home->index()
#11 D:\Programming\CI\sistem-penggajian-main\vendor\codeigniter4\framework\system\CodeIgniter.php(432): CodeIgniter\CodeIgniter->runController(Object(App\Controllers\Home))
#12 D:\Programming\CI\sistem-penggajian-main\vendor\codeigniter4\framework\system\CodeIgniter.php(333): CodeIgniter\CodeIgniter->handleRequest(NULL, Object(Config\Cache), false)
#13 D:\Programming\CI\sistem-penggajian-main\public\index.php(44): CodeIgniter\CodeIgniter->run()
#14 D:\Programming\CI\sistem-penggajian-main\vendor\codeigniter4\framework\system\Commands\Server\rewrite.php(45): require_once('D:\\Programming\\...')
#15 {main}
CRITICAL - 2021-08-16 15:30:54 --> Undefined variable: users
#0 D:\Programming\CI\sistem-penggajian-main\app\Views\templates\topbar.php(18): CodeIgniter\Debug\Exceptions->errorHandler(8, 'Undefined varia...', 'D:\\Programming\\...', 18, Array)
#1 D:\Programming\CI\sistem-penggajian-main\vendor\codeigniter4\framework\system\View\View.php(220): include('D:\\Programming\\...')
#2 D:\Programming\CI\sistem-penggajian-main\vendor\codeigniter4\framework\system\View\View.php(222): CodeIgniter\View\View->CodeIgniter\View\{closure}()
#3 D:\Programming\CI\sistem-penggajian-main\vendor\codeigniter4\framework\system\View\View.php(468): CodeIgniter\View\View->render('templates/topba...', NULL, true)
#4 D:\Programming\CI\sistem-penggajian-main\app\Views\templates\layout.php(32): CodeIgniter\View\View->include('templates/topba...')
#5 D:\Programming\CI\sistem-penggajian-main\vendor\codeigniter4\framework\system\View\View.php(220): include('D:\\Programming\\...')
#6 D:\Programming\CI\sistem-penggajian-main\vendor\codeigniter4\framework\system\View\View.php(222): CodeIgniter\View\View->CodeIgniter\View\{closure}()
#7 D:\Programming\CI\sistem-penggajian-main\vendor\codeigniter4\framework\system\View\View.php(236): CodeIgniter\View\View->render('templates/layou...', Array, true)
#8 D:\Programming\CI\sistem-penggajian-main\vendor\codeigniter4\framework\system\Common.php(1217): CodeIgniter\View\View->render('pages/dashboard', Array, true)
#9 D:\Programming\CI\sistem-penggajian-main\app\Controllers\Home.php(95): view('pages/dashboard', Array)
#10 D:\Programming\CI\sistem-penggajian-main\vendor\codeigniter4\framework\system\CodeIgniter.php(936): App\Controllers\Home->index()
#11 D:\Programming\CI\sistem-penggajian-main\vendor\codeigniter4\framework\system\CodeIgniter.php(432): CodeIgniter\CodeIgniter->runController(Object(App\Controllers\Home))
#12 D:\Programming\CI\sistem-penggajian-main\vendor\codeigniter4\framework\system\CodeIgniter.php(333): CodeIgniter\CodeIgniter->handleRequest(NULL, Object(Config\Cache), false)
#13 D:\Programming\CI\sistem-penggajian-main\public\index.php(44): CodeIgniter\CodeIgniter->run()
#14 D:\Programming\CI\sistem-penggajian-main\vendor\codeigniter4\framework\system\Commands\Server\rewrite.php(45): require_once('D:\\Programming\\...')
#15 {main}
CRITICAL - 2021-08-16 15:30:55 --> Undefined variable: users
#0 D:\Programming\CI\sistem-penggajian-main\app\Views\templates\topbar.php(18): CodeIgniter\Debug\Exceptions->errorHandler(8, 'Undefined varia...', 'D:\\Programming\\...', 18, Array)
#1 D:\Programming\CI\sistem-penggajian-main\vendor\codeigniter4\framework\system\View\View.php(220): include('D:\\Programming\\...')
#2 D:\Programming\CI\sistem-penggajian-main\vendor\codeigniter4\framework\system\View\View.php(222): CodeIgniter\View\View->CodeIgniter\View\{closure}()
#3 D:\Programming\CI\sistem-penggajian-main\vendor\codeigniter4\framework\system\View\View.php(468): CodeIgniter\View\View->render('templates/topba...', NULL, true)
#4 D:\Programming\CI\sistem-penggajian-main\app\Views\templates\layout.php(32): CodeIgniter\View\View->include('templates/topba...')
#5 D:\Programming\CI\sistem-penggajian-main\vendor\codeigniter4\framework\system\View\View.php(220): include('D:\\Programming\\...')
#6 D:\Programming\CI\sistem-penggajian-main\vendor\codeigniter4\framework\system\View\View.php(222): CodeIgniter\View\View->CodeIgniter\View\{closure}()
#7 D:\Programming\CI\sistem-penggajian-main\vendor\codeigniter4\framework\system\View\View.php(236): CodeIgniter\View\View->render('templates/layou...', Array, true)
#8 D:\Programming\CI\sistem-penggajian-main\vendor\codeigniter4\framework\system\Common.php(1217): CodeIgniter\View\View->render('pages/dashboard', Array, true)
#9 D:\Programming\CI\sistem-penggajian-main\app\Controllers\Home.php(95): view('pages/dashboard', Array)
#10 D:\Programming\CI\sistem-penggajian-main\vendor\codeigniter4\framework\system\CodeIgniter.php(936): App\Controllers\Home->index()
#11 D:\Programming\CI\sistem-penggajian-main\vendor\codeigniter4\framework\system\CodeIgniter.php(432): CodeIgniter\CodeIgniter->runController(Object(App\Controllers\Home))
#12 D:\Programming\CI\sistem-penggajian-main\vendor\codeigniter4\framework\system\CodeIgniter.php(333): CodeIgniter\CodeIgniter->handleRequest(NULL, Object(Config\Cache), false)
#13 D:\Programming\CI\sistem-penggajian-main\public\index.php(44): CodeIgniter\CodeIgniter->run()
#14 D:\Programming\CI\sistem-penggajian-main\vendor\codeigniter4\framework\system\Commands\Server\rewrite.php(45): require_once('D:\\Programming\\...')
#15 {main}
CRITICAL - 2021-08-16 15:30:57 --> Undefined variable: users
#0 D:\Programming\CI\sistem-penggajian-main\app\Views\templates\topbar.php(18): CodeIgniter\Debug\Exceptions->errorHandler(8, 'Undefined varia...', 'D:\\Programming\\...', 18, Array)
#1 D:\Programming\CI\sistem-penggajian-main\vendor\codeigniter4\framework\system\View\View.php(220): include('D:\\Programming\\...')
#2 D:\Programming\CI\sistem-penggajian-main\vendor\codeigniter4\framework\system\View\View.php(222): CodeIgniter\View\View->CodeIgniter\View\{closure}()
#3 D:\Programming\CI\sistem-penggajian-main\vendor\codeigniter4\framework\system\View\View.php(468): CodeIgniter\View\View->render('templates/topba...', NULL, true)
#4 D:\Programming\CI\sistem-penggajian-main\app\Views\templates\layout.php(32): CodeIgniter\View\View->include('templates/topba...')
#5 D:\Programming\CI\sistem-penggajian-main\vendor\codeigniter4\framework\system\View\View.php(220): include('D:\\Programming\\...')
#6 D:\Programming\CI\sistem-penggajian-main\vendor\codeigniter4\framework\system\View\View.php(222): CodeIgniter\View\View->CodeIgniter\View\{closure}()
#7 D:\Programming\CI\sistem-penggajian-main\vendor\codeigniter4\framework\system\View\View.php(236): CodeIgniter\View\View->render('templates/layou...', Array, true)
#8 D:\Programming\CI\sistem-penggajian-main\vendor\codeigniter4\framework\system\Common.php(1217): CodeIgniter\View\View->render('pages/dashboard', Array, true)
#9 D:\Programming\CI\sistem-penggajian-main\app\Controllers\Home.php(95): view('pages/dashboard', Array)
#10 D:\Programming\CI\sistem-penggajian-main\vendor\codeigniter4\framework\system\CodeIgniter.php(936): App\Controllers\Home->index()
#11 D:\Programming\CI\sistem-penggajian-main\vendor\codeigniter4\framework\system\CodeIgniter.php(432): CodeIgniter\CodeIgniter->runController(Object(App\Controllers\Home))
#12 D:\Programming\CI\sistem-penggajian-main\vendor\codeigniter4\framework\system\CodeIgniter.php(333): CodeIgniter\CodeIgniter->handleRequest(NULL, Object(Config\Cache), false)
#13 D:\Programming\CI\sistem-penggajian-main\public\index.php(44): CodeIgniter\CodeIgniter->run()
#14 D:\Programming\CI\sistem-penggajian-main\vendor\codeigniter4\framework\system\Commands\Server\rewrite.php(45): require_once('D:\\Programming\\...')
#15 {main}
CRITICAL - 2021-08-16 15:57:39 --> Undefined variable: users
#0 D:\Programming\CI\sistem-penggajian-main\app\Views\pages\dashboard.php(124): CodeIgniter\Debug\Exceptions->errorHandler(8, 'Undefined varia...', 'D:\\Programming\\...', 124, Array)
#1 D:\Programming\CI\sistem-penggajian-main\vendor\codeigniter4\framework\system\View\View.php(220): include('D:\\Programming\\...')
#2 D:\Programming\CI\sistem-penggajian-main\vendor\codeigniter4\framework\system\View\View.php(222): CodeIgniter\View\View->CodeIgniter\View\{closure}()
#3 D:\Programming\CI\sistem-penggajian-main\vendor\codeigniter4\framework\system\Common.php(1217): CodeIgniter\View\View->render('pages/dashboard', Array, true)
#4 D:\Programming\CI\sistem-penggajian-main\app\Controllers\Home.php(95): view('pages/dashboard', Array)
#5 D:\Programming\CI\sistem-penggajian-main\vendor\codeigniter4\framework\system\CodeIgniter.php(936): App\Controllers\Home->index()
#6 D:\Programming\CI\sistem-penggajian-main\vendor\codeigniter4\framework\system\CodeIgniter.php(432): CodeIgniter\CodeIgniter->runController(Object(App\Controllers\Home))
#7 D:\Programming\CI\sistem-penggajian-main\vendor\codeigniter4\framework\system\CodeIgniter.php(333): CodeIgniter\CodeIgniter->handleRequest(NULL, Object(Config\Cache), false)
#8 D:\Programming\CI\sistem-penggajian-main\public\index.php(44): CodeIgniter\CodeIgniter->run()
#9 D:\Programming\CI\sistem-penggajian-main\vendor\codeigniter4\framework\system\Commands\Server\rewrite.php(45): require_once('D:\\Programming\\...')
#10 {main}
CRITICAL - 2021-08-16 16:00:22 --> Undefined variable: gaji
#0 D:\Programming\CI\sistem-penggajian-main\app\Views\pages\dashboard.php(124): CodeIgniter\Debug\Exceptions->errorHandler(8, 'Undefined varia...', 'D:\\Programming\\...', 124, Array)
#1 D:\Programming\CI\sistem-penggajian-main\vendor\codeigniter4\framework\system\View\View.php(220): include('D:\\Programming\\...')
#2 D:\Programming\CI\sistem-penggajian-main\vendor\codeigniter4\framework\system\View\View.php(222): CodeIgniter\View\View->CodeIgniter\View\{closure}()
#3 D:\Programming\CI\sistem-penggajian-main\vendor\codeigniter4\framework\system\Common.php(1217): CodeIgniter\View\View->render('pages/dashboard', Array, true)
#4 D:\Programming\CI\sistem-penggajian-main\app\Controllers\Home.php(95): view('pages/dashboard', Array)
#5 D:\Programming\CI\sistem-penggajian-main\vendor\codeigniter4\framework\system\CodeIgniter.php(936): App\Controllers\Home->index()
#6 D:\Programming\CI\sistem-penggajian-main\vendor\codeigniter4\framework\system\CodeIgniter.php(432): CodeIgniter\CodeIgniter->runController(Object(App\Controllers\Home))
#7 D:\Programming\CI\sistem-penggajian-main\vendor\codeigniter4\framework\system\CodeIgniter.php(333): CodeIgniter\CodeIgniter->handleRequest(NULL, Object(Config\Cache), false)
#8 D:\Programming\CI\sistem-penggajian-main\public\index.php(44): CodeIgniter\CodeIgniter->run()
#9 D:\Programming\CI\sistem-penggajian-main\vendor\codeigniter4\framework\system\Commands\Server\rewrite.php(45): require_once('D:\\Programming\\...')
#10 {main}
CRITICAL - 2021-08-16 16:00:49 --> Undefined variable: gaji
#0 D:\Programming\CI\sistem-penggajian-main\app\Views\pages\dashboard.php(124): CodeIgniter\Debug\Exceptions->errorHandler(8, 'Undefined varia...', 'D:\\Programming\\...', 124, Array)
#1 D:\Programming\CI\sistem-penggajian-main\vendor\codeigniter4\framework\system\View\View.php(220): include('D:\\Programming\\...')
#2 D:\Programming\CI\sistem-penggajian-main\vendor\codeigniter4\framework\system\View\View.php(222): CodeIgniter\View\View->CodeIgniter\View\{closure}()
#3 D:\Programming\CI\sistem-penggajian-main\vendor\codeigniter4\framework\system\Common.php(1217): CodeIgniter\View\View->render('pages/dashboard', Array, true)
#4 D:\Programming\CI\sistem-penggajian-main\app\Controllers\Home.php(95): view('pages/dashboard', Array)
#5 D:\Programming\CI\sistem-penggajian-main\vendor\codeigniter4\framework\system\CodeIgniter.php(936): App\Controllers\Home->index()
#6 D:\Programming\CI\sistem-penggajian-main\vendor\codeigniter4\framework\system\CodeIgniter.php(432): CodeIgniter\CodeIgniter->runController(Object(App\Controllers\Home))
#7 D:\Programming\CI\sistem-penggajian-main\vendor\codeigniter4\framework\system\CodeIgniter.php(333): CodeIgniter\CodeIgniter->handleRequest(NULL, Object(Config\Cache), false)
#8 D:\Programming\CI\sistem-penggajian-main\public\index.php(44): CodeIgniter\CodeIgniter->run()
#9 D:\Programming\CI\sistem-penggajian-main\vendor\codeigniter4\framework\system\Commands\Server\rewrite.php(45): require_once('D:\\Programming\\...')
#10 {main}
CRITICAL - 2021-08-16 16:00:50 --> Undefined variable: gaji
#0 D:\Programming\CI\sistem-penggajian-main\app\Views\pages\dashboard.php(124): CodeIgniter\Debug\Exceptions->errorHandler(8, 'Undefined varia...', 'D:\\Programming\\...', 124, Array)
#1 D:\Programming\CI\sistem-penggajian-main\vendor\codeigniter4\framework\system\View\View.php(220): include('D:\\Programming\\...')
#2 D:\Programming\CI\sistem-penggajian-main\vendor\codeigniter4\framework\system\View\View.php(222): CodeIgniter\View\View->CodeIgniter\View\{closure}()
#3 D:\Programming\CI\sistem-penggajian-main\vendor\codeigniter4\framework\system\Common.php(1217): CodeIgniter\View\View->render('pages/dashboard', Array, true)
#4 D:\Programming\CI\sistem-penggajian-main\app\Controllers\Home.php(95): view('pages/dashboard', Array)
#5 D:\Programming\CI\sistem-penggajian-main\vendor\codeigniter4\framework\system\CodeIgniter.php(936): App\Controllers\Home->index()
#6 D:\Programming\CI\sistem-penggajian-main\vendor\codeigniter4\framework\system\CodeIgniter.php(432): CodeIgniter\CodeIgniter->runController(Object(App\Controllers\Home))
#7 D:\Programming\CI\sistem-penggajian-main\vendor\codeigniter4\framework\system\CodeIgniter.php(333): CodeIgniter\CodeIgniter->handleRequest(NULL, Object(Config\Cache), false)
#8 D:\Programming\CI\sistem-penggajian-main\public\index.php(44): CodeIgniter\CodeIgniter->run()
#9 D:\Programming\CI\sistem-penggajian-main\vendor\codeigniter4\framework\system\Commands\Server\rewrite.php(45): require_once('D:\\Programming\\...')
#10 {main}
CRITICAL - 2021-08-16 16:00:50 --> Undefined variable: gaji
#0 D:\Programming\CI\sistem-penggajian-main\app\Views\pages\dashboard.php(124): CodeIgniter\Debug\Exceptions->errorHandler(8, 'Undefined varia...', 'D:\\Programming\\...', 124, Array)
#1 D:\Programming\CI\sistem-penggajian-main\vendor\codeigniter4\framework\system\View\View.php(220): include('D:\\Programming\\...')
#2 D:\Programming\CI\sistem-penggajian-main\vendor\codeigniter4\framework\system\View\View.php(222): CodeIgniter\View\View->CodeIgniter\View\{closure}()
#3 D:\Programming\CI\sistem-penggajian-main\vendor\codeigniter4\framework\system\Common.php(1217): CodeIgniter\View\View->render('pages/dashboard', Array, true)
#4 D:\Programming\CI\sistem-penggajian-main\app\Controllers\Home.php(95): view('pages/dashboard', Array)
#5 D:\Programming\CI\sistem-penggajian-main\vendor\codeigniter4\framework\system\CodeIgniter.php(936): App\Controllers\Home->index()
#6 D:\Programming\CI\sistem-penggajian-main\vendor\codeigniter4\framework\system\CodeIgniter.php(432): CodeIgniter\CodeIgniter->runController(Object(App\Controllers\Home))
#7 D:\Programming\CI\sistem-penggajian-main\vendor\codeigniter4\framework\system\CodeIgniter.php(333): CodeIgniter\CodeIgniter->handleRequest(NULL, Object(Config\Cache), false)
#8 D:\Programming\CI\sistem-penggajian-main\public\index.php(44): CodeIgniter\CodeIgniter->run()
#9 D:\Programming\CI\sistem-penggajian-main\vendor\codeigniter4\framework\system\Commands\Server\rewrite.php(45): require_once('D:\\Programming\\...')
#10 {main}
CRITICAL - 2021-08-16 16:00:51 --> Undefined variable: gaji
#0 D:\Programming\CI\sistem-penggajian-main\app\Views\pages\dashboard.php(124): CodeIgniter\Debug\Exceptions->errorHandler(8, 'Undefined varia...', 'D:\\Programming\\...', 124, Array)
#1 D:\Programming\CI\sistem-penggajian-main\vendor\codeigniter4\framework\system\View\View.php(220): include('D:\\Programming\\...')
#2 D:\Programming\CI\sistem-penggajian-main\vendor\codeigniter4\framework\system\View\View.php(222): CodeIgniter\View\View->CodeIgniter\View\{closure}()
#3 D:\Programming\CI\sistem-penggajian-main\vendor\codeigniter4\framework\system\Common.php(1217): CodeIgniter\View\View->render('pages/dashboard', Array, true)
#4 D:\Programming\CI\sistem-penggajian-main\app\Controllers\Home.php(95): view('pages/dashboard', Array)
#5 D:\Programming\CI\sistem-penggajian-main\vendor\codeigniter4\framework\system\CodeIgniter.php(936): App\Controllers\Home->index()
#6 D:\Programming\CI\sistem-penggajian-main\vendor\codeigniter4\framework\system\CodeIgniter.php(432): CodeIgniter\CodeIgniter->runController(Object(App\Controllers\Home))
#7 D:\Programming\CI\sistem-penggajian-main\vendor\codeigniter4\framework\system\CodeIgniter.php(333): CodeIgniter\CodeIgniter->handleRequest(NULL, Object(Config\Cache), false)
#8 D:\Programming\CI\sistem-penggajian-main\public\index.php(44): CodeIgniter\CodeIgniter->run()
#9 D:\Programming\CI\sistem-penggajian-main\vendor\codeigniter4\framework\system\Commands\Server\rewrite.php(45): require_once('D:\\Programming\\...')
#10 {main}
CRITICAL - 2021-08-16 16:12:41 --> Undefined variable: data_laporan_gaji
#0 D:\Programming\CI\sistem-penggajian-main\app\Views\pages\dashboard.php(124): CodeIgniter\Debug\Exceptions->errorHandler(8, 'Undefined varia...', 'D:\\Programming\\...', 124, Array)
#1 D:\Programming\CI\sistem-penggajian-main\vendor\codeigniter4\framework\system\View\View.php(220): include('D:\\Programming\\...')
#2 D:\Programming\CI\sistem-penggajian-main\vendor\codeigniter4\framework\system\View\View.php(222): CodeIgniter\View\View->CodeIgniter\View\{closure}()
#3 D:\Programming\CI\sistem-penggajian-main\vendor\codeigniter4\framework\system\Common.php(1217): CodeIgniter\View\View->render('pages/dashboard', Array, true)
#4 D:\Programming\CI\sistem-penggajian-main\app\Controllers\Home.php(95): view('pages/dashboard', Array)
#5 D:\Programming\CI\sistem-penggajian-main\vendor\codeigniter4\framework\system\CodeIgniter.php(936): App\Controllers\Home->index()
#6 D:\Programming\CI\sistem-penggajian-main\vendor\codeigniter4\framework\system\CodeIgniter.php(432): CodeIgniter\CodeIgniter->runController(Object(App\Controllers\Home))
#7 D:\Programming\CI\sistem-penggajian-main\vendor\codeigniter4\framework\system\CodeIgniter.php(333): CodeIgniter\CodeIgniter->handleRequest(NULL, Object(Config\Cache), false)
#8 D:\Programming\CI\sistem-penggajian-main\public\index.php(44): CodeIgniter\CodeIgniter->run()
#9 D:\Programming\CI\sistem-penggajian-main\vendor\codeigniter4\framework\system\Commands\Server\rewrite.php(45): require_once('D:\\Programming\\...')
#10 {main}
CRITICAL - 2021-08-16 16:38:27 --> Undefined variable: gaji_karyawan
#0 D:\Programming\CI\sistem-penggajian-main\app\Views\pages\dashboard.php(124): CodeIgniter\Debug\Exceptions->errorHandler(8, 'Undefined varia...', 'D:\\Programming\\...', 124, Array)
#1 D:\Programming\CI\sistem-penggajian-main\vendor\codeigniter4\framework\system\View\View.php(220): include('D:\\Programming\\...')
#2 D:\Programming\CI\sistem-penggajian-main\vendor\codeigniter4\framework\system\View\View.php(222): CodeIgniter\View\View->CodeIgniter\View\{closure}()
#3 D:\Programming\CI\sistem-penggajian-main\vendor\codeigniter4\framework\system\Common.php(1217): CodeIgniter\View\View->render('pages/dashboard', Array, true)
#4 D:\Programming\CI\sistem-penggajian-main\app\Controllers\Home.php(95): view('pages/dashboard', Array)
#5 D:\Programming\CI\sistem-penggajian-main\vendor\codeigniter4\framework\system\CodeIgniter.php(936): App\Controllers\Home->index()
#6 D:\Programming\CI\sistem-penggajian-main\vendor\codeigniter4\framework\system\CodeIgniter.php(432): CodeIgniter\CodeIgniter->runController(Object(App\Controllers\Home))
#7 D:\Programming\CI\sistem-penggajian-main\vendor\codeigniter4\framework\system\CodeIgniter.php(333): CodeIgniter\CodeIgniter->handleRequest(NULL, Object(Config\Cache), false)
#8 D:\Programming\CI\sistem-penggajian-main\public\index.php(44): CodeIgniter\CodeIgniter->run()
#9 D:\Programming\CI\sistem-penggajian-main\vendor\codeigniter4\framework\system\Commands\Server\rewrite.php(45): require_once('D:\\Programming\\...')
#10 {main}
CRITICAL - 2021-08-16 20:18:18 --> syntax error, unexpected '$data' (T_VARIABLE)
#0 D:\Programming\CI\sistem-penggajian-main\vendor\codeigniter4\framework\system\Autoloader\Autoloader.php(265): CodeIgniter\Autoloader\Autoloader->includeFile('D:\\Programming\\...')
#1 D:\Programming\CI\sistem-penggajian-main\vendor\codeigniter4\framework\system\Autoloader\Autoloader.php(228): CodeIgniter\Autoloader\Autoloader->loadInNamespace('App\\Controllers...')
#2 [internal function]: CodeIgniter\Autoloader\Autoloader->loadClass('App\\Controllers...')
#3 [internal function]: spl_autoload_call('App\\Controllers...')
#4 D:\Programming\CI\sistem-penggajian-main\vendor\codeigniter4\framework\system\CodeIgniter.php(893): class_exists('\\App\\Controller...', true)
#5 D:\Programming\CI\sistem-penggajian-main\vendor\codeigniter4\framework\system\CodeIgniter.php(417): CodeIgniter\CodeIgniter->startController()
#6 D:\Programming\CI\sistem-penggajian-main\vendor\codeigniter4\framework\system\CodeIgniter.php(333): CodeIgniter\CodeIgniter->handleRequest(NULL, Object(Config\Cache), false)
#7 D:\Programming\CI\sistem-penggajian-main\public\index.php(44): CodeIgniter\CodeIgniter->run()
#8 D:\Programming\CI\sistem-penggajian-main\vendor\codeigniter4\framework\system\Commands\Server\rewrite.php(45): require_once('D:\\Programming\\...')
#9 {main}
ERROR - 2021-08-16 20:28:02 --> mysqli_sql_exception: Unknown column 'karyawan.name' in 'where clause' in D:\Programming\CI\sistem-penggajian-main\vendor\codeigniter4\framework\system\Database\MySQLi\Connection.php:314
Stack trace:
#0 D:\Programming\CI\sistem-penggajian-main\vendor\codeigniter4\framework\system\Database\MySQLi\Connection.php(314): mysqli->query('SELECT `karyawa...')
#1 D:\Programming\CI\sistem-penggajian-main\vendor\codeigniter4\framework\system\Database\BaseConnection.php(713): CodeIgniter\Database\MySQLi\Connection->execute('SELECT `karyawa...')
#2 D:\Programming\CI\sistem-penggajian-main\vendor\codeigniter4\framework\system\Database\BaseConnection.php(641): CodeIgniter\Database\BaseConnection->simpleQuery('SELECT `karyawa...')
#3 D:\Programming\CI\sistem-penggajian-main\vendor\codeigniter4\framework\system\Database\BaseBuilder.php(1866): CodeIgniter\Database\BaseConnection->query('SELECT `karyawa...', Array, false)
#4 D:\Programming\CI\sistem-penggajian-main\vendor\codeigniter4\framework\system\Model.php(213): CodeIgniter\Database\BaseBuilder->get()
#5 D:\Programming\CI\sistem-penggajian-main\vendor\codeigniter4\framework\system\BaseModel.php(583): CodeIgniter\Model->doFindAll(0, 0)
#6 D:\Programming\CI\sistem-penggajian-main\app\Controllers\Gaji.php(128): CodeIgniter\BaseModel->findAll()
#7 D:\Programming\CI\sistem-penggajian-main\vendor\codeigniter4\framework\system\CodeIgniter.php(936): App\Controllers\Gaji->index()
#8 D:\Programming\CI\sistem-penggajian-main\vendor\codeigniter4\framework\system\CodeIgniter.php(432): CodeIgniter\CodeIgniter->runController(Object(App\Controllers\Gaji))
#9 D:\Programming\CI\sistem-penggajian-main\vendor\codeigniter4\framework\system\CodeIgniter.php(333): CodeIgniter\CodeIgniter->handleRequest(NULL, Object(Config\Cache), false)
#10 D:\Programming\CI\sistem-penggajian-main\public\index.php(44): CodeIgniter\CodeIgniter->run()
#11 D:\Programming\CI\sistem-penggajian-main\vendor\codeigniter4\framework\system\Commands\Server\rewrite.php(45): require_once('D:\\Programming\\...')
#12 {main}
CRITICAL - 2021-08-16 20:28:02 --> Unknown column 'karyawan.name' in 'where clause'
#0 D:\Programming\CI\sistem-penggajian-main\vendor\codeigniter4\framework\system\Database\MySQLi\Connection.php(314): mysqli->query('SELECT `karyawa...')
#1 D:\Programming\CI\sistem-penggajian-main\vendor\codeigniter4\framework\system\Database\BaseConnection.php(713): CodeIgniter\Database\MySQLi\Connection->execute('SELECT `karyawa...')
#2 D:\Programming\CI\sistem-penggajian-main\vendor\codeigniter4\framework\system\Database\BaseConnection.php(641): CodeIgniter\Database\BaseConnection->simpleQuery('SELECT `karyawa...')
#3 D:\Programming\CI\sistem-penggajian-main\vendor\codeigniter4\framework\system\Database\BaseBuilder.php(1866): CodeIgniter\Database\BaseConnection->query('SELECT `karyawa...', Array, false)
#4 D:\Programming\CI\sistem-penggajian-main\vendor\codeigniter4\framework\system\Model.php(213): CodeIgniter\Database\BaseBuilder->get()
#5 D:\Programming\CI\sistem-penggajian-main\vendor\codeigniter4\framework\system\BaseModel.php(583): CodeIgniter\Model->doFindAll(0, 0)
#6 D:\Programming\CI\sistem-penggajian-main\app\Controllers\Gaji.php(128): CodeIgniter\BaseModel->findAll()
#7 D:\Programming\CI\sistem-penggajian-main\vendor\codeigniter4\framework\system\CodeIgniter.php(936): App\Controllers\Gaji->index()
#8 D:\Programming\CI\sistem-penggajian-main\vendor\codeigniter4\framework\system\CodeIgniter.php(432): CodeIgniter\CodeIgniter->runController(Object(App\Controllers\Gaji))
#9 D:\Programming\CI\sistem-penggajian-main\vendor\codeigniter4\framework\system\CodeIgniter.php(333): CodeIgniter\CodeIgniter->handleRequest(NULL, Object(Config\Cache), false)
#10 D:\Programming\CI\sistem-penggajian-main\public\index.php(44): CodeIgniter\CodeIgniter->run()
#11 D:\Programming\CI\sistem-penggajian-main\vendor\codeigniter4\framework\system\Commands\Server\rewrite.php(45): require_once('D:\\Programming\\...')
#12 {main}
CRITICAL - 2021-08-16 21:00:34 --> Undefined index: id_karyawan
#0 D:\Programming\CI\sistem-penggajian-main\app\Controllers\Gaji.php(137): CodeIgniter\Debug\Exceptions->errorHandler(8, 'Undefined index...', 'D:\\Programming\\...', 137, Array)
#1 D:\Programming\CI\sistem-penggajian-main\vendor\codeigniter4\framework\system\CodeIgniter.php(936): App\Controllers\Gaji->index()
#2 D:\Programming\CI\sistem-penggajian-main\vendor\codeigniter4\framework\system\CodeIgniter.php(432): CodeIgniter\CodeIgniter->runController(Object(App\Controllers\Gaji))
#3 D:\Programming\CI\sistem-penggajian-main\vendor\codeigniter4\framework\system\CodeIgniter.php(333): CodeIgniter\CodeIgniter->handleRequest(NULL, Object(Config\Cache), false)
#4 D:\Programming\CI\sistem-penggajian-main\public\index.php(44): CodeIgniter\CodeIgniter->run()
#5 D:\Programming\CI\sistem-penggajian-main\vendor\codeigniter4\framework\system\Commands\Server\rewrite.php(45): require_once('D:\\Programming\\...')
#6 {main}
CRITICAL - 2021-08-16 21:52:38 --> Undefined index: id
#0 D:\Programming\CI\sistem-penggajian-main\app\Controllers\Gaji.php(123): CodeIgniter\Debug\Exceptions->errorHandler(8, 'Undefined index...', 'D:\\Programming\\...', 123, Array)
#1 D:\Programming\CI\sistem-penggajian-main\vendor\codeigniter4\framework\system\CodeIgniter.php(936): App\Controllers\Gaji->index()
#2 D:\Programming\CI\sistem-penggajian-main\vendor\codeigniter4\framework\system\CodeIgniter.php(432): CodeIgniter\CodeIgniter->runController(Object(App\Controllers\Gaji))
#3 D:\Programming\CI\sistem-penggajian-main\vendor\codeigniter4\framework\system\CodeIgniter.php(333): CodeIgniter\CodeIgniter->handleRequest(NULL, Object(Config\Cache), false)
#4 D:\Programming\CI\sistem-penggajian-main\public\index.php(44): CodeIgniter\CodeIgniter->run()
#5 D:\Programming\CI\sistem-penggajian-main\vendor\codeigniter4\framework\system\Commands\Server\rewrite.php(45): require_once('D:\\Programming\\...')
#6 {main}
CRITICAL - 2021-08-16 21:56:50 --> Undefined index: id
#0 D:\Programming\CI\sistem-penggajian-main\app\Controllers\Gaji.php(123): CodeIgniter\Debug\Exceptions->errorHandler(8, 'Undefined index...', 'D:\\Programming\\...', 123, Array)
#1 D:\Programming\CI\sistem-penggajian-main\vendor\codeigniter4\framework\system\CodeIgniter.php(936): App\Controllers\Gaji->index()
#2 D:\Programming\CI\sistem-penggajian-main\vendor\codeigniter4\framework\system\CodeIgniter.php(432): CodeIgniter\CodeIgniter->runController(Object(App\Controllers\Gaji))
#3 D:\Programming\CI\sistem-penggajian-main\vendor\codeigniter4\framework\system\CodeIgniter.php(333): CodeIgniter\CodeIgniter->handleRequest(NULL, Object(Config\Cache), false)
#4 D:\Programming\CI\sistem-penggajian-main\public\index.php(44): CodeIgniter\CodeIgniter->run()
#5 D:\Programming\CI\sistem-penggajian-main\vendor\codeigniter4\framework\system\Commands\Server\rewrite.php(45): require_once('D:\\Programming\\...')
#6 {main}
CRITICAL - 2021-08-16 21:58:03 --> Undefined offset: 0
#0 D:\Programming\CI\sistem-penggajian-main\app\Controllers\Gaji.php(123): CodeIgniter\Debug\Exceptions->errorHandler(8, 'Undefined offse...', 'D:\\Programming\\...', 123, Array)
#1 D:\Programming\CI\sistem-penggajian-main\vendor\codeigniter4\framework\system\CodeIgniter.php(936): App\Controllers\Gaji->index()
#2 D:\Programming\CI\sistem-penggajian-main\vendor\codeigniter4\framework\system\CodeIgniter.php(432): CodeIgniter\CodeIgniter->runController(Object(App\Controllers\Gaji))
#3 D:\Programming\CI\sistem-penggajian-main\vendor\codeigniter4\framework\system\CodeIgniter.php(333): CodeIgniter\CodeIgniter->handleRequest(NULL, Object(Config\Cache), false)
#4 D:\Programming\CI\sistem-penggajian-main\public\index.php(44): CodeIgniter\CodeIgniter->run()
#5 D:\Programming\CI\sistem-penggajian-main\vendor\codeigniter4\framework\system\Commands\Server\rewrite.php(45): require_once('D:\\Programming\\...')
#6 {main}
CRITICAL - 2021-08-16 21:59:19 --> Undefined index: id
#0 D:\Programming\CI\sistem-penggajian-main\app\Controllers\Gaji.php(123): CodeIgniter\Debug\Exceptions->errorHandler(8, 'Undefined index...', 'D:\\Programming\\...', 123, Array)
#1 D:\Programming\CI\sistem-penggajian-main\vendor\codeigniter4\framework\system\CodeIgniter.php(936): App\Controllers\Gaji->index()
#2 D:\Programming\CI\sistem-penggajian-main\vendor\codeigniter4\framework\system\CodeIgniter.php(432): CodeIgniter\CodeIgniter->runController(Object(App\Controllers\Gaji))
#3 D:\Programming\CI\sistem-penggajian-main\vendor\codeigniter4\framework\system\CodeIgniter.php(333): CodeIgniter\CodeIgniter->handleRequest(NULL, Object(Config\Cache), false)
#4 D:\Programming\CI\sistem-penggajian-main\public\index.php(44): CodeIgniter\CodeIgniter->run()
#5 D:\Programming\CI\sistem-penggajian-main\vendor\codeigniter4\framework\system\Commands\Server\rewrite.php(45): require_once('D:\\Programming\\...')
#6 {main}
CRITICAL - 2021-08-16 22:42:44 --> Undefined property: App\Controllers\Home::$gajiModel
#0 D:\Programming\CI\sistem-penggajian-main\app\Controllers\Home.php(74): CodeIgniter\Debug\Exceptions->errorHandler(8, 'Undefined prope...', 'D:\\Programming\\...', 74, Array)
#1 D:\Programming\CI\sistem-penggajian-main\vendor\codeigniter4\framework\system\CodeIgniter.php(936): App\Controllers\Home->index()
#2 D:\Programming\CI\sistem-penggajian-main\vendor\codeigniter4\framework\system\CodeIgniter.php(432): CodeIgniter\CodeIgniter->runController(Object(App\Controllers\Home))
#3 D:\Programming\CI\sistem-penggajian-main\vendor\codeigniter4\framework\system\CodeIgniter.php(333): CodeIgniter\CodeIgniter->handleRequest(NULL, Object(Config\Cache), false)
#4 D:\Programming\CI\sistem-penggajian-main\public\index.php(44): CodeIgniter\CodeIgniter->run()
#5 D:\Programming\CI\sistem-penggajian-main\vendor\codeigniter4\framework\system\Commands\Server\rewrite.php(45): require_once('D:\\Programming\\...')
#6 {main}
CRITICAL - 2021-08-16 22:44:03 --> Array to string conversion
#0 [internal function]: CodeIgniter\Debug\Exceptions->errorHandler(8, 'Array to string...', 'D:\\Programming\\...', 420, Array)
#1 D:\Programming\CI\sistem-penggajian-main\vendor\codeigniter4\framework\system\Database\Query.php(420): implode(',', Array)
#2 D:\Programming\CI\sistem-penggajian-main\vendor\codeigniter4\framework\system\Database\Query.php(387): CodeIgniter\Database\Query->matchNamedBinds('SELECT *\nFROM `...', Array)
#3 D:\Programming\CI\sistem-penggajian-main\vendor\codeigniter4\framework\system\Database\Query.php(178): CodeIgniter\Database\Query->compileBinds()
#4 D:\Programming\CI\sistem-penggajian-main\vendor\codeigniter4\framework\system\Database\BaseConnection.php(641): CodeIgniter\Database\Query->getQuery()
#5 D:\Programming\CI\sistem-penggajian-main\vendor\codeigniter4\framework\system\Database\BaseBuilder.php(1866): CodeIgniter\Database\BaseConnection->query('SELECT *\nFROM `...', Array, false)
#6 D:\Programming\CI\sistem-penggajian-main\vendor\codeigniter4\framework\system\Model.php(247): CodeIgniter\Database\BaseBuilder->get()
#7 D:\Programming\CI\sistem-penggajian-main\vendor\codeigniter4\framework\system\BaseModel.php(624): CodeIgniter\Model->doFirst()
#8 D:\Programming\CI\sistem-penggajian-main\app\Controllers\Home.php(79): CodeIgniter\BaseModel->first()
#9 D:\Programming\CI\sistem-penggajian-main\vendor\codeigniter4\framework\system\CodeIgniter.php(936): App\Controllers\Home->index()
#10 D:\Programming\CI\sistem-penggajian-main\vendor\codeigniter4\framework\system\CodeIgniter.php(432): CodeIgniter\CodeIgniter->runController(Object(App\Controllers\Home))
#11 D:\Programming\CI\sistem-penggajian-main\vendor\codeigniter4\framework\system\CodeIgniter.php(333): CodeIgniter\CodeIgniter->handleRequest(NULL, Object(Config\Cache), false)
#12 D:\Programming\CI\sistem-penggajian-main\public\index.php(44): CodeIgniter\CodeIgniter->run()
#13 D:\Programming\CI\sistem-penggajian-main\vendor\codeigniter4\framework\system\Commands\Server\rewrite.php(45): require_once('D:\\Programming\\...')
#14 {main}
CRITICAL - 2021-08-16 22:44:25 --> Array to string conversion
#0 [internal function]: CodeIgniter\Debug\Exceptions->errorHandler(8, 'Array to string...', 'D:\\Programming\\...', 420, Array)
#1 D:\Programming\CI\sistem-penggajian-main\vendor\codeigniter4\framework\system\Database\Query.php(420): implode(',', Array)
#2 D:\Programming\CI\sistem-penggajian-main\vendor\codeigniter4\framework\system\Database\Query.php(387): CodeIgniter\Database\Query->matchNamedBinds('SELECT *\nFROM `...', Array)
#3 D:\Programming\CI\sistem-penggajian-main\vendor\codeigniter4\framework\system\Database\Query.php(178): CodeIgniter\Database\Query->compileBinds()
#4 D:\Programming\CI\sistem-penggajian-main\vendor\codeigniter4\framework\system\Database\BaseConnection.php(641): CodeIgniter\Database\Query->getQuery()
#5 D:\Programming\CI\sistem-penggajian-main\vendor\codeigniter4\framework\system\Database\BaseBuilder.php(1866): CodeIgniter\Database\BaseConnection->query('SELECT *\nFROM `...', Array, false)
#6 D:\Programming\CI\sistem-penggajian-main\vendor\codeigniter4\framework\system\Model.php(213): CodeIgniter\Database\BaseBuilder->get()
#7 D:\Programming\CI\sistem-penggajian-main\vendor\codeigniter4\framework\system\BaseModel.php(583): CodeIgniter\Model->doFindAll(0, 0)
#8 D:\Programming\CI\sistem-penggajian-main\app\Controllers\Home.php(79): CodeIgniter\BaseModel->findAll()
#9 D:\Programming\CI\sistem-penggajian-main\vendor\codeigniter4\framework\system\CodeIgniter.php(936): App\Controllers\Home->index()
#10 D:\Programming\CI\sistem-penggajian-main\vendor\codeigniter4\framework\system\CodeIgniter.php(432): CodeIgniter\CodeIgniter->runController(Object(App\Controllers\Home))
#11 D:\Programming\CI\sistem-penggajian-main\vendor\codeigniter4\framework\system\CodeIgniter.php(333): CodeIgniter\CodeIgniter->handleRequest(NULL, Object(Config\Cache), false)
#12 D:\Programming\CI\sistem-penggajian-main\public\index.php(44): CodeIgniter\CodeIgniter->run()
#13 D:\Programming\CI\sistem-penggajian-main\vendor\codeigniter4\framework\system\Commands\Server\rewrite.php(45): require_once('D:\\Programming\\...')
#14 {main}
CRITICAL - 2021-08-16 22:44:26 --> Array to string conversion
#0 [internal function]: CodeIgniter\Debug\Exceptions->errorHandler(8, 'Array to string...', 'D:\\Programming\\...', 420, Array)
#1 D:\Programming\CI\sistem-penggajian-main\vendor\codeigniter4\framework\system\Database\Query.php(420): implode(',', Array)
#2 D:\Programming\CI\sistem-penggajian-main\vendor\codeigniter4\framework\system\Database\Query.php(387): CodeIgniter\Database\Query->matchNamedBinds('SELECT *\nFROM `...', Array)
#3 D:\Programming\CI\sistem-penggajian-main\vendor\codeigniter4\framework\system\Database\Query.php(178): CodeIgniter\Database\Query->compileBinds()
#4 D:\Programming\CI\sistem-penggajian-main\vendor\codeigniter4\framework\system\Database\BaseConnection.php(641): CodeIgniter\Database\Query->getQuery()
#5 D:\Programming\CI\sistem-penggajian-main\vendor\codeigniter4\framework\system\Database\BaseBuilder.php(1866): CodeIgniter\Database\BaseConnection->query('SELECT *\nFROM `...', Array, false)
#6 D:\Programming\CI\sistem-penggajian-main\vendor\codeigniter4\framework\system\Model.php(213): CodeIgniter\Database\BaseBuilder->get()
#7 D:\Programming\CI\sistem-penggajian-main\vendor\codeigniter4\framework\system\BaseModel.php(583): CodeIgniter\Model->doFindAll(0, 0)
#8 D:\Programming\CI\sistem-penggajian-main\app\Controllers\Home.php(79): CodeIgniter\BaseModel->findAll()
#9 D:\Programming\CI\sistem-penggajian-main\vendor\codeigniter4\framework\system\CodeIgniter.php(936): App\Controllers\Home->index()
#10 D:\Programming\CI\sistem-penggajian-main\vendor\codeigniter4\framework\system\CodeIgniter.php(432): CodeIgniter\CodeIgniter->runController(Object(App\Controllers\Home))
#11 D:\Programming\CI\sistem-penggajian-main\vendor\codeigniter4\framework\system\CodeIgniter.php(333): CodeIgniter\CodeIgniter->handleRequest(NULL, Object(Config\Cache), false)
#12 D:\Programming\CI\sistem-penggajian-main\public\index.php(44): CodeIgniter\CodeIgniter->run()
#13 D:\Programming\CI\sistem-penggajian-main\vendor\codeigniter4\framework\system\Commands\Server\rewrite.php(45): require_once('D:\\Programming\\...')
#14 {main}
CRITICAL - 2021-08-16 22:44:26 --> Array to string conversion
#0 [internal function]: CodeIgniter\Debug\Exceptions->errorHandler(8, 'Array to string...', 'D:\\Programming\\...', 420, Array)
#1 D:\Programming\CI\sistem-penggajian-main\vendor\codeigniter4\framework\system\Database\Query.php(420): implode(',', Array)
#2 D:\Programming\CI\sistem-penggajian-main\vendor\codeigniter4\framework\system\Database\Query.php(387): CodeIgniter\Database\Query->matchNamedBinds('SELECT *\nFROM `...', Array)
#3 D:\Programming\CI\sistem-penggajian-main\vendor\codeigniter4\framework\system\Database\Query.php(178): CodeIgniter\Database\Query->compileBinds()
#4 D:\Programming\CI\sistem-penggajian-main\vendor\codeigniter4\framework\system\Database\BaseConnection.php(641): CodeIgniter\Database\Query->getQuery()
#5 D:\Programming\CI\sistem-penggajian-main\vendor\codeigniter4\framework\system\Database\BaseBuilder.php(1866): CodeIgniter\Database\BaseConnection->query('SELECT *\nFROM `...', Array, false)
#6 D:\Programming\CI\sistem-penggajian-main\vendor\codeigniter4\framework\system\Model.php(213): CodeIgniter\Database\BaseBuilder->get()
#7 D:\Programming\CI\sistem-penggajian-main\vendor\codeigniter4\framework\system\BaseModel.php(583): CodeIgniter\Model->doFindAll(0, 0)
#8 D:\Programming\CI\sistem-penggajian-main\app\Controllers\Home.php(79): CodeIgniter\BaseModel->findAll()
#9 D:\Programming\CI\sistem-penggajian-main\vendor\codeigniter4\framework\system\CodeIgniter.php(936): App\Controllers\Home->index()
#10 D:\Programming\CI\sistem-penggajian-main\vendor\codeigniter4\framework\system\CodeIgniter.php(432): CodeIgniter\CodeIgniter->runController(Object(App\Controllers\Home))
#11 D:\Programming\CI\sistem-penggajian-main\vendor\codeigniter4\framework\system\CodeIgniter.php(333): CodeIgniter\CodeIgniter->handleRequest(NULL, Object(Config\Cache), false)
#12 D:\Programming\CI\sistem-penggajian-main\public\index.php(44): CodeIgniter\CodeIgniter->run()
#13 D:\Programming\CI\sistem-penggajian-main\vendor\codeigniter4\framework\system\Commands\Server\rewrite.php(45): require_once('D:\\Programming\\...')
#14 {main}
CRITICAL - 2021-08-16 22:55:47 --> Undefined variable: gaji_karyawan
#0 D:\Programming\CI\sistem-penggajian-main\app\Views\pages\dashboard.php(124): CodeIgniter\Debug\Exceptions->errorHandler(8, 'Undefined varia...', 'D:\\Programming\\...', 124, Array)
#1 D:\Programming\CI\sistem-penggajian-main\vendor\codeigniter4\framework\system\View\View.php(220): include('D:\\Programming\\...')
#2 D:\Programming\CI\sistem-penggajian-main\vendor\codeigniter4\framework\system\View\View.php(222): CodeIgniter\View\View->CodeIgniter\View\{closure}()
#3 D:\Programming\CI\sistem-penggajian-main\vendor\codeigniter4\framework\system\Common.php(1217): CodeIgniter\View\View->render('pages/dashboard', Array, true)
#4 D:\Programming\CI\sistem-penggajian-main\app\Controllers\Home.php(117): view('pages/dashboard', Array)
#5 D:\Programming\CI\sistem-penggajian-main\vendor\codeigniter4\framework\system\CodeIgniter.php(936): App\Controllers\Home->index()
#6 D:\Programming\CI\sistem-penggajian-main\vendor\codeigniter4\framework\system\CodeIgniter.php(432): CodeIgniter\CodeIgniter->runController(Object(App\Controllers\Home))
#7 D:\Programming\CI\sistem-penggajian-main\vendor\codeigniter4\framework\system\CodeIgniter.php(333): CodeIgniter\CodeIgniter->handleRequest(NULL, Object(Config\Cache), false)
#8 D:\Programming\CI\sistem-penggajian-main\public\index.php(44): CodeIgniter\CodeIgniter->run()
#9 D:\Programming\CI\sistem-penggajian-main\vendor\codeigniter4\framework\system\Commands\Server\rewrite.php(45): require_once('D:\\Programming\\...')
#10 {main}
CRITICAL - 2021-08-16 22:58:19 --> Undefined variable: gaji_karyawan
#0 D:\Programming\CI\sistem-penggajian-main\app\Views\pages\dashboard.php(124): CodeIgniter\Debug\Exceptions->errorHandler(8, 'Undefined varia...', 'D:\\Programming\\...', 124, Array)
#1 D:\Programming\CI\sistem-penggajian-main\vendor\codeigniter4\framework\system\View\View.php(220): include('D:\\Programming\\...')
#2 D:\Programming\CI\sistem-penggajian-main\vendor\codeigniter4\framework\system\View\View.php(222): CodeIgniter\View\View->CodeIgniter\View\{closure}()
#3 D:\Programming\CI\sistem-penggajian-main\vendor\codeigniter4\framework\system\Common.php(1217): CodeIgniter\View\View->render('pages/dashboard', Array, true)
#4 D:\Programming\CI\sistem-penggajian-main\app\Controllers\Home.php(117): view('pages/dashboard', Array)
#5 D:\Programming\CI\sistem-penggajian-main\vendor\codeigniter4\framework\system\CodeIgniter.php(936): App\Controllers\Home->index()
#6 D:\Programming\CI\sistem-penggajian-main\vendor\codeigniter4\framework\system\CodeIgniter.php(432): CodeIgniter\CodeIgniter->runController(Object(App\Controllers\Home))
#7 D:\Programming\CI\sistem-penggajian-main\vendor\codeigniter4\framework\system\CodeIgniter.php(333): CodeIgniter\CodeIgniter->handleRequest(NULL, Object(Config\Cache), false)
#8 D:\Programming\CI\sistem-penggajian-main\public\index.php(44): CodeIgniter\CodeIgniter->run()
#9 D:\Programming\CI\sistem-penggajian-main\vendor\codeigniter4\framework\system\Commands\Server\rewrite.php(45): require_once('D:\\Programming\\...')
#10 {main}
CRITICAL - 2021-08-16 22:58:20 --> Undefined variable: gaji_karyawan
#0 D:\Programming\CI\sistem-penggajian-main\app\Views\pages\dashboard.php(124): CodeIgniter\Debug\Exceptions->errorHandler(8, 'Undefined varia...', 'D:\\Programming\\...', 124, Array)
#1 D:\Programming\CI\sistem-penggajian-main\vendor\codeigniter4\framework\system\View\View.php(220): include('D:\\Programming\\...')
#2 D:\Programming\CI\sistem-penggajian-main\vendor\codeigniter4\framework\system\View\View.php(222): CodeIgniter\View\View->CodeIgniter\View\{closure}()
#3 D:\Programming\CI\sistem-penggajian-main\vendor\codeigniter4\framework\system\Common.php(1217): CodeIgniter\View\View->render('pages/dashboard', Array, true)
#4 D:\Programming\CI\sistem-penggajian-main\app\Controllers\Home.php(117): view('pages/dashboard', Array)
#5 D:\Programming\CI\sistem-penggajian-main\vendor\codeigniter4\framework\system\CodeIgniter.php(936): App\Controllers\Home->index()
#6 D:\Programming\CI\sistem-penggajian-main\vendor\codeigniter4\framework\system\CodeIgniter.php(432): CodeIgniter\CodeIgniter->runController(Object(App\Controllers\Home))
#7 D:\Programming\CI\sistem-penggajian-main\vendor\codeigniter4\framework\system\CodeIgniter.php(333): CodeIgniter\CodeIgniter->handleRequest(NULL, Object(Config\Cache), false)
#8 D:\Programming\CI\sistem-penggajian-main\public\index.php(44): CodeIgniter\CodeIgniter->run()
#9 D:\Programming\CI\sistem-penggajian-main\vendor\codeigniter4\framework\system\Commands\Server\rewrite.php(45): require_once('D:\\Programming\\...')
#10 {main}
CRITICAL - 2021-08-16 22:58:21 --> Undefined variable: gaji_karyawan
#0 D:\Programming\CI\sistem-penggajian-main\app\Views\pages\dashboard.php(124): CodeIgniter\Debug\Exceptions->errorHandler(8, 'Undefined varia...', 'D:\\Programming\\...', 124, Array)
#1 D:\Programming\CI\sistem-penggajian-main\vendor\codeigniter4\framework\system\View\View.php(220): include('D:\\Programming\\...')
#2 D:\Programming\CI\sistem-penggajian-main\vendor\codeigniter4\framework\system\View\View.php(222): CodeIgniter\View\View->CodeIgniter\View\{closure}()
#3 D:\Programming\CI\sistem-penggajian-main\vendor\codeigniter4\framework\system\Common.php(1217): CodeIgniter\View\View->render('pages/dashboard', Array, true)
#4 D:\Programming\CI\sistem-penggajian-main\app\Controllers\Home.php(117): view('pages/dashboard', Array)
#5 D:\Programming\CI\sistem-penggajian-main\vendor\codeigniter4\framework\system\CodeIgniter.php(936): App\Controllers\Home->index()
#6 D:\Programming\CI\sistem-penggajian-main\vendor\codeigniter4\framework\system\CodeIgniter.php(432): CodeIgniter\CodeIgniter->runController(Object(App\Controllers\Home))
#7 D:\Programming\CI\sistem-penggajian-main\vendor\codeigniter4\framework\system\CodeIgniter.php(333): CodeIgniter\CodeIgniter->handleRequest(NULL, Object(Config\Cache), false)
#8 D:\Programming\CI\sistem-penggajian-main\public\index.php(44): CodeIgniter\CodeIgniter->run()
#9 D:\Programming\CI\sistem-penggajian-main\vendor\codeigniter4\framework\system\Commands\Server\rewrite.php(45): require_once('D:\\Programming\\...')
#10 {main}
CRITICAL - 2021-08-16 23:01:57 --> Undefined variable: gaji_karyawan
#0 D:\Programming\CI\sistem-penggajian-main\app\Views\pages\dashboard.php(124): CodeIgniter\Debug\Exceptions->errorHandler(8, 'Undefined varia...', 'D:\\Programming\\...', 124, Array)
#1 D:\Programming\CI\sistem-penggajian-main\vendor\codeigniter4\framework\system\View\View.php(220): include('D:\\Programming\\...')
#2 D:\Programming\CI\sistem-penggajian-main\vendor\codeigniter4\framework\system\View\View.php(222): CodeIgniter\View\View->CodeIgniter\View\{closure}()
#3 D:\Programming\CI\sistem-penggajian-main\vendor\codeigniter4\framework\system\Common.php(1217): CodeIgniter\View\View->render('pages/dashboard', Array, true)
#4 D:\Programming\CI\sistem-penggajian-main\app\Controllers\Home.php(117): view('pages/dashboard', Array)
#5 D:\Programming\CI\sistem-penggajian-main\vendor\codeigniter4\framework\system\CodeIgniter.php(936): App\Controllers\Home->index()
#6 D:\Programming\CI\sistem-penggajian-main\vendor\codeigniter4\framework\system\CodeIgniter.php(432): CodeIgniter\CodeIgniter->runController(Object(App\Controllers\Home))
#7 D:\Programming\CI\sistem-penggajian-main\vendor\codeigniter4\framework\system\CodeIgniter.php(333): CodeIgniter\CodeIgniter->handleRequest(NULL, Object(Config\Cache), false)
#8 D:\Programming\CI\sistem-penggajian-main\public\index.php(44): CodeIgniter\CodeIgniter->run()
#9 D:\Programming\CI\sistem-penggajian-main\vendor\codeigniter4\framework\system\Commands\Server\rewrite.php(45): require_once('D:\\Programming\\...')
#10 {main}
CRITICAL - 2021-08-16 23:01:58 --> Undefined variable: gaji_karyawan
#0 D:\Programming\CI\sistem-penggajian-main\app\Views\pages\dashboard.php(124): CodeIgniter\Debug\Exceptions->errorHandler(8, 'Undefined varia...', 'D:\\Programming\\...', 124, Array)
#1 D:\Programming\CI\sistem-penggajian-main\vendor\codeigniter4\framework\system\View\View.php(220): include('D:\\Programming\\...')
#2 D:\Programming\CI\sistem-penggajian-main\vendor\codeigniter4\framework\system\View\View.php(222): CodeIgniter\View\View->CodeIgniter\View\{closure}()
#3 D:\Programming\CI\sistem-penggajian-main\vendor\codeigniter4\framework\system\Common.php(1217): CodeIgniter\View\View->render('pages/dashboard', Array, true)
#4 D:\Programming\CI\sistem-penggajian-main\app\Controllers\Home.php(117): view('pages/dashboard', Array)
#5 D:\Programming\CI\sistem-penggajian-main\vendor\codeigniter4\framework\system\CodeIgniter.php(936): App\Controllers\Home->index()
#6 D:\Programming\CI\sistem-penggajian-main\vendor\codeigniter4\framework\system\CodeIgniter.php(432): CodeIgniter\CodeIgniter->runController(Object(App\Controllers\Home))
#7 D:\Programming\CI\sistem-penggajian-main\vendor\codeigniter4\framework\system\CodeIgniter.php(333): CodeIgniter\CodeIgniter->handleRequest(NULL, Object(Config\Cache), false)
#8 D:\Programming\CI\sistem-penggajian-main\public\index.php(44): CodeIgniter\CodeIgniter->run()
#9 D:\Programming\CI\sistem-penggajian-main\vendor\codeigniter4\framework\system\Commands\Server\rewrite.php(45): require_once('D:\\Programming\\...')
#10 {main}
CRITICAL - 2021-08-16 23:10:29 --> Undefined offset: 0
#0 D:\Programming\CI\sistem-penggajian-main\app\Controllers\Home.php(83): CodeIgniter\Debug\Exceptions->errorHandler(8, 'Undefined offse...', 'D:\\Programming\\...', 83, Array)
#1 D:\Programming\CI\sistem-penggajian-main\vendor\codeigniter4\framework\system\CodeIgniter.php(936): App\Controllers\Home->index()
#2 D:\Programming\CI\sistem-penggajian-main\vendor\codeigniter4\framework\system\CodeIgniter.php(432): CodeIgniter\CodeIgniter->runController(Object(App\Controllers\Home))
#3 D:\Programming\CI\sistem-penggajian-main\vendor\codeigniter4\framework\system\CodeIgniter.php(333): CodeIgniter\CodeIgniter->handleRequest(NULL, Object(Config\Cache), false)
#4 D:\Programming\CI\sistem-penggajian-main\public\index.php(44): CodeIgniter\CodeIgniter->run()
#5 D:\Programming\CI\sistem-penggajian-main\vendor\codeigniter4\framework\system\Commands\Server\rewrite.php(45): require_once('D:\\Programming\\...')
#6 {main}
CRITICAL - 2021-08-16 23:11:14 --> Undefined offset: 0
#0 D:\Programming\CI\sistem-penggajian-main\app\Controllers\Home.php(83): CodeIgniter\Debug\Exceptions->errorHandler(8, 'Undefined offse...', 'D:\\Programming\\...', 83, Array)
#1 D:\Programming\CI\sistem-penggajian-main\vendor\codeigniter4\framework\system\CodeIgniter.php(936): App\Controllers\Home->index()
#2 D:\Programming\CI\sistem-penggajian-main\vendor\codeigniter4\framework\system\CodeIgniter.php(432): CodeIgniter\CodeIgniter->runController(Object(App\Controllers\Home))
#3 D:\Programming\CI\sistem-penggajian-main\vendor\codeigniter4\framework\system\CodeIgniter.php(333): CodeIgniter\CodeIgniter->handleRequest(NULL, Object(Config\Cache), false)
#4 D:\Programming\CI\sistem-penggajian-main\public\index.php(44): CodeIgniter\CodeIgniter->run()
#5 D:\Programming\CI\sistem-penggajian-main\vendor\codeigniter4\framework\system\Commands\Server\rewrite.php(45): require_once('D:\\Programming\\...')
#6 {main}
CRITICAL - 2021-08-16 23:11:37 --> Undefined variable: gaji_karyawan
#0 D:\Programming\CI\sistem-penggajian-main\app\Controllers\Home.php(97): CodeIgniter\Debug\Exceptions->errorHandler(8, 'Undefined varia...', 'D:\\Programming\\...', 97, Array)
#1 D:\Programming\CI\sistem-penggajian-main\vendor\codeigniter4\framework\system\CodeIgniter.php(936): App\Controllers\Home->index()
#2 D:\Programming\CI\sistem-penggajian-main\vendor\codeigniter4\framework\system\CodeIgniter.php(432): CodeIgniter\CodeIgniter->runController(Object(App\Controllers\Home))
#3 D:\Programming\CI\sistem-penggajian-main\vendor\codeigniter4\framework\system\CodeIgniter.php(333): CodeIgniter\CodeIgniter->handleRequest(NULL, Object(Config\Cache), false)
#4 D:\Programming\CI\sistem-penggajian-main\public\index.php(44): CodeIgniter\CodeIgniter->run()
#5 D:\Programming\CI\sistem-penggajian-main\vendor\codeigniter4\framework\system\Commands\Server\rewrite.php(45): require_once('D:\\Programming\\...')
#6 {main}
CRITICAL - 2021-08-16 23:14:19 --> Undefined variable: gaji_karyawan
#0 D:\Programming\CI\sistem-penggajian-main\app\Views\pages\dashboard.php(124): CodeIgniter\Debug\Exceptions->errorHandler(8, 'Undefined varia...', 'D:\\Programming\\...', 124, Array)
#1 D:\Programming\CI\sistem-penggajian-main\vendor\codeigniter4\framework\system\View\View.php(220): include('D:\\Programming\\...')
#2 D:\Programming\CI\sistem-penggajian-main\vendor\codeigniter4\framework\system\View\View.php(222): CodeIgniter\View\View->CodeIgniter\View\{closure}()
#3 D:\Programming\CI\sistem-penggajian-main\vendor\codeigniter4\framework\system\Common.php(1217): CodeIgniter\View\View->render('pages/dashboard', Array, true)
#4 D:\Programming\CI\sistem-penggajian-main\app\Controllers\Home.php(118): view('pages/dashboard', Array)
#5 D:\Programming\CI\sistem-penggajian-main\vendor\codeigniter4\framework\system\CodeIgniter.php(936): App\Controllers\Home->index()
#6 D:\Programming\CI\sistem-penggajian-main\vendor\codeigniter4\framework\system\CodeIgniter.php(432): CodeIgniter\CodeIgniter->runController(Object(App\Controllers\Home))
#7 D:\Programming\CI\sistem-penggajian-main\vendor\codeigniter4\framework\system\CodeIgniter.php(333): CodeIgniter\CodeIgniter->handleRequest(NULL, Object(Config\Cache), false)
#8 D:\Programming\CI\sistem-penggajian-main\public\index.php(44): CodeIgniter\CodeIgniter->run()
#9 D:\Programming\CI\sistem-penggajian-main\vendor\codeigniter4\framework\system\Commands\Server\rewrite.php(45): require_once('D:\\Programming\\...')
#10 {main}
CRITICAL - 2021-08-16 23:23:14 --> Undefined offset: 0
#0 D:\Programming\CI\sistem-penggajian-main\app\Controllers\Home.php(83): CodeIgniter\Debug\Exceptions->errorHandler(8, 'Undefined offse...', 'D:\\Programming\\...', 83, Array)
#1 D:\Programming\CI\sistem-penggajian-main\vendor\codeigniter4\framework\system\CodeIgniter.php(936): App\Controllers\Home->index()
#2 D:\Programming\CI\sistem-penggajian-main\vendor\codeigniter4\framework\system\CodeIgniter.php(432): CodeIgniter\CodeIgniter->runController(Object(App\Controllers\Home))
#3 D:\Programming\CI\sistem-penggajian-main\vendor\codeigniter4\framework\system\CodeIgniter.php(333): CodeIgniter\CodeIgniter->handleRequest(NULL, Object(Config\Cache), false)
#4 D:\Programming\CI\sistem-penggajian-main\public\index.php(44): CodeIgniter\CodeIgniter->run()
#5 D:\Programming\CI\sistem-penggajian-main\vendor\codeigniter4\framework\system\Commands\Server\rewrite.php(45): require_once('D:\\Programming\\...')
#6 {main}
CRITICAL - 2021-08-16 23:35:21 --> Undefined offset: 0
#0 D:\Programming\CI\sistem-penggajian-main\app\Controllers\Home.php(83): CodeIgniter\Debug\Exceptions->errorHandler(8, 'Undefined offse...', 'D:\\Programming\\...', 83, Array)
#1 D:\Programming\CI\sistem-penggajian-main\vendor\codeigniter4\framework\system\CodeIgniter.php(936): App\Controllers\Home->index()
#2 D:\Programming\CI\sistem-penggajian-main\vendor\codeigniter4\framework\system\CodeIgniter.php(432): CodeIgniter\CodeIgniter->runController(Object(App\Controllers\Home))
#3 D:\Programming\CI\sistem-penggajian-main\vendor\codeigniter4\framework\system\CodeIgniter.php(333): CodeIgniter\CodeIgniter->handleRequest(NULL, Object(Config\Cache), false)
#4 D:\Programming\CI\sistem-penggajian-main\public\index.php(44): CodeIgniter\CodeIgniter->run()
#5 D:\Programming\CI\sistem-penggajian-main\vendor\codeigniter4\framework\system\Commands\Server\rewrite.php(45): require_once('D:\\Programming\\...')
#6 {main}
CRITICAL - 2021-08-16 23:35:22 --> Undefined offset: 0
#0 D:\Programming\CI\sistem-penggajian-main\app\Controllers\Home.php(83): CodeIgniter\Debug\Exceptions->errorHandler(8, 'Undefined offse...', 'D:\\Programming\\...', 83, Array)
#1 D:\Programming\CI\sistem-penggajian-main\vendor\codeigniter4\framework\system\CodeIgniter.php(936): App\Controllers\Home->index()
#2 D:\Programming\CI\sistem-penggajian-main\vendor\codeigniter4\framework\system\CodeIgniter.php(432): CodeIgniter\CodeIgniter->runController(Object(App\Controllers\Home))
#3 D:\Programming\CI\sistem-penggajian-main\vendor\codeigniter4\framework\system\CodeIgniter.php(333): CodeIgniter\CodeIgniter->handleRequest(NULL, Object(Config\Cache), false)
#4 D:\Programming\CI\sistem-penggajian-main\public\index.php(44): CodeIgniter\CodeIgniter->run()
#5 D:\Programming\CI\sistem-penggajian-main\vendor\codeigniter4\framework\system\Commands\Server\rewrite.php(45): require_once('D:\\Programming\\...')
#6 {main}
CRITICAL - 2021-08-16 23:35:23 --> Undefined offset: 0
#0 D:\Programming\CI\sistem-penggajian-main\app\Controllers\Home.php(83): CodeIgniter\Debug\Exceptions->errorHandler(8, 'Undefined offse...', 'D:\\Programming\\...', 83, Array)
#1 D:\Programming\CI\sistem-penggajian-main\vendor\codeigniter4\framework\system\CodeIgniter.php(936): App\Controllers\Home->index()
#2 D:\Programming\CI\sistem-penggajian-main\vendor\codeigniter4\framework\system\CodeIgniter.php(432): CodeIgniter\CodeIgniter->runController(Object(App\Controllers\Home))
#3 D:\Programming\CI\sistem-penggajian-main\vendor\codeigniter4\framework\system\CodeIgniter.php(333): CodeIgniter\CodeIgniter->handleRequest(NULL, Object(Config\Cache), false)
#4 D:\Programming\CI\sistem-penggajian-main\public\index.php(44): CodeIgniter\CodeIgniter->run()
#5 D:\Programming\CI\sistem-penggajian-main\vendor\codeigniter4\framework\system\Commands\Server\rewrite.php(45): require_once('D:\\Programming\\...')
#6 {main}
CRITICAL - 2021-08-16 23:35:23 --> Undefined offset: 0
#0 D:\Programming\CI\sistem-penggajian-main\app\Controllers\Home.php(83): CodeIgniter\Debug\Exceptions->errorHandler(8, 'Undefined offse...', 'D:\\Programming\\...', 83, Array)
#1 D:\Programming\CI\sistem-penggajian-main\vendor\codeigniter4\framework\system\CodeIgniter.php(936): App\Controllers\Home->index()
#2 D:\Programming\CI\sistem-penggajian-main\vendor\codeigniter4\framework\system\CodeIgniter.php(432): CodeIgniter\CodeIgniter->runController(Object(App\Controllers\Home))
#3 D:\Programming\CI\sistem-penggajian-main\vendor\codeigniter4\framework\system\CodeIgniter.php(333): CodeIgniter\CodeIgniter->handleRequest(NULL, Object(Config\Cache), false)
#4 D:\Programming\CI\sistem-penggajian-main\public\index.php(44): CodeIgniter\CodeIgniter->run()
#5 D:\Programming\CI\sistem-penggajian-main\vendor\codeigniter4\framework\system\Commands\Server\rewrite.php(45): require_once('D:\\Programming\\...')
#6 {main}
CRITICAL - 2021-08-16 23:35:24 --> Undefined offset: 0
#0 D:\Programming\CI\sistem-penggajian-main\app\Controllers\Home.php(83): CodeIgniter\Debug\Exceptions->errorHandler(8, 'Undefined offse...', 'D:\\Programming\\...', 83, Array)
#1 D:\Programming\CI\sistem-penggajian-main\vendor\codeigniter4\framework\system\CodeIgniter.php(936): App\Controllers\Home->index()
#2 D:\Programming\CI\sistem-penggajian-main\vendor\codeigniter4\framework\system\CodeIgniter.php(432): CodeIgniter\CodeIgniter->runController(Object(App\Controllers\Home))
#3 D:\Programming\CI\sistem-penggajian-main\vendor\codeigniter4\framework\system\CodeIgniter.php(333): CodeIgniter\CodeIgniter->handleRequest(NULL, Object(Config\Cache), false)
#4 D:\Programming\CI\sistem-penggajian-main\public\index.php(44): CodeIgniter\CodeIgniter->run()
#5 D:\Programming\CI\sistem-penggajian-main\vendor\codeigniter4\framework\system\Commands\Server\rewrite.php(45): require_once('D:\\Programming\\...')
#6 {main}
CRITICAL - 2021-08-16 23:35:24 --> Undefined offset: 0
#0 D:\Programming\CI\sistem-penggajian-main\app\Controllers\Home.php(83): CodeIgniter\Debug\Exceptions->errorHandler(8, 'Undefined offse...', 'D:\\Programming\\...', 83, Array)
#1 D:\Programming\CI\sistem-penggajian-main\vendor\codeigniter4\framework\system\CodeIgniter.php(936): App\Controllers\Home->index()
#2 D:\Programming\CI\sistem-penggajian-main\vendor\codeigniter4\framework\system\CodeIgniter.php(432): CodeIgniter\CodeIgniter->runController(Object(App\Controllers\Home))
#3 D:\Programming\CI\sistem-penggajian-main\vendor\codeigniter4\framework\system\CodeIgniter.php(333): CodeIgniter\CodeIgniter->handleRequest(NULL, Object(Config\Cache), false)
#4 D:\Programming\CI\sistem-penggajian-main\public\index.php(44): CodeIgniter\CodeIgniter->run()
#5 D:\Programming\CI\sistem-penggajian-main\vendor\codeigniter4\framework\system\Commands\Server\rewrite.php(45): require_once('D:\\Programming\\...')
#6 {main}
CRITICAL - 2021-08-16 23:35:33 --> Undefined offset: 0
#0 D:\Programming\CI\sistem-penggajian-main\app\Controllers\Home.php(83): CodeIgniter\Debug\Exceptions->errorHandler(8, 'Undefined offse...', 'D:\\Programming\\...', 83, Array)
#1 D:\Programming\CI\sistem-penggajian-main\vendor\codeigniter4\framework\system\CodeIgniter.php(936): App\Controllers\Home->index()
#2 D:\Programming\CI\sistem-penggajian-main\vendor\codeigniter4\framework\system\CodeIgniter.php(432): CodeIgniter\CodeIgniter->runController(Object(App\Controllers\Home))
#3 D:\Programming\CI\sistem-penggajian-main\vendor\codeigniter4\framework\system\CodeIgniter.php(333): CodeIgniter\CodeIgniter->handleRequest(NULL, Object(Config\Cache), false)
#4 D:\Programming\CI\sistem-penggajian-main\public\index.php(44): CodeIgniter\CodeIgniter->run()
#5 D:\Programming\CI\sistem-penggajian-main\vendor\codeigniter4\framework\system\Commands\Server\rewrite.php(45): require_once('D:\\Programming\\...')
#6 {main}
