CRITICAL - 2021-03-30 23:11:51 --> Undefined index: is_admin
#0 D:\sistem-penggajian-main\app\Views\karyawan\index.php(71): CodeIgniter\Debug\Exceptions->errorHandler(8, 'Undefined index...', 'D:\\sistem-pengg...', 71, Array)
#1 D:\sistem-penggajian-main\vendor\codeigniter4\framework\system\View\View.php(220): include('D:\\sistem-pengg...')
#2 D:\sistem-penggajian-main\vendor\codeigniter4\framework\system\View\View.php(222): CodeIgniter\View\View->CodeIgniter\View\{closure}()
#3 D:\sistem-penggajian-main\vendor\codeigniter4\framework\system\Common.php(1217): CodeIgniter\View\View->render('karyawan/index', Array, true)
#4 D:\sistem-penggajian-main\app\Controllers\Karyawan.php(49): view('karyawan/index', Array)
#5 D:\sistem-penggajian-main\vendor\codeigniter4\framework\system\CodeIgniter.php(936): App\Controllers\Karyawan->index()
#6 D:\sistem-penggajian-main\vendor\codeigniter4\framework\system\CodeIgniter.php(432): CodeIgniter\CodeIgniter->runController(Object(App\Controllers\Karyawan))
#7 D:\sistem-penggajian-main\vendor\codeigniter4\framework\system\CodeIgniter.php(333): CodeIgniter\CodeIgniter->handleRequest(NULL, Object(Config\Cache), false)
#8 D:\sistem-penggajian-main\public\index.php(44): CodeIgniter\CodeIgniter->run()
#9 D:\sistem-penggajian-main\vendor\codeigniter4\framework\system\Commands\Server\rewrite.php(45): require_once('D:\\sistem-pengg...')
#10 {main}
ERROR - 2021-03-30 23:39:01 --> mysqli_sql_exception: You have an error in your SQL syntax; check the manual that corresponds to your MariaDB server version for the right syntax to use near '.`id_karyawan`)
WHERE `users`.`is_admin` = 0
ORDER BY `nama` ASC' at line 3 in D:\sistem-penggajian-main\vendor\codeigniter4\framework\system\Database\MySQLi\Connection.php:314
Stack trace:
#0 D:\sistem-penggajian-main\vendor\codeigniter4\framework\system\Database\MySQLi\Connection.php(314): mysqli->query('SELECT `id`, `n...')
#1 D:\sistem-penggajian-main\vendor\codeigniter4\framework\system\Database\BaseConnection.php(713): CodeIgniter\Database\MySQLi\Connection->execute('SELECT `id`, `n...')
#2 D:\sistem-penggajian-main\vendor\codeigniter4\framework\system\Database\BaseConnection.php(641): CodeIgniter\Database\BaseConnection->simpleQuery('SELECT `id`, `n...')
#3 D:\sistem-penggajian-main\vendor\codeigniter4\framework\system\Database\BaseBuilder.php(1866): CodeIgniter\Database\BaseConnection->query('SELECT `id`, `n...', Array, false)
#4 D:\sistem-penggajian-main\vendor\codeigniter4\framework\system\Model.php(213): CodeIgniter\Database\BaseBuilder->get()
#5 D:\sistem-penggajian-main\vendor\codeigniter4\framework\system\BaseModel.php(583): CodeIgniter\Model->doFindAll(0, 0)
#6 D:\sistem-penggajian-main\app\Controllers\Absensi.php(50): CodeIgniter\BaseModel->findAll()
#7 D:\sistem-penggajian-main\vendor\codeigniter4\framework\system\CodeIgniter.php(936): App\Controllers\Absensi->index()
#8 D:\sistem-penggajian-main\vendor\codeigniter4\framework\system\CodeIgniter.php(432): CodeIgniter\CodeIgniter->runController(Object(App\Controllers\Absensi))
#9 D:\sistem-penggajian-main\vendor\codeigniter4\framework\system\CodeIgniter.php(333): CodeIgniter\CodeIgniter->handleRequest(NULL, Object(Config\Cache), false)
#10 D:\sistem-penggajian-main\public\index.php(44): CodeIgniter\CodeIgniter->run()
#11 D:\sistem-penggajian-main\vendor\codeigniter4\framework\system\Commands\Server\rewrite.php(45): require_once('D:\\sistem-pengg...')
#12 {main}
CRITICAL - 2021-03-30 23:39:01 --> You have an error in your SQL syntax; check the manual that corresponds to your MariaDB server version for the right syntax to use near '.`id_karyawan`)
WHERE `users`.`is_admin` = 0
ORDER BY `nama` ASC' at line 3
#0 D:\sistem-penggajian-main\vendor\codeigniter4\framework\system\Database\MySQLi\Connection.php(314): mysqli->query('SELECT `id`, `n...')
#1 D:\sistem-penggajian-main\vendor\codeigniter4\framework\system\Database\BaseConnection.php(713): CodeIgniter\Database\MySQLi\Connection->execute('SELECT `id`, `n...')
#2 D:\sistem-penggajian-main\vendor\codeigniter4\framework\system\Database\BaseConnection.php(641): CodeIgniter\Database\BaseConnection->simpleQuery('SELECT `id`, `n...')
#3 D:\sistem-penggajian-main\vendor\codeigniter4\framework\system\Database\BaseBuilder.php(1866): CodeIgniter\Database\BaseConnection->query('SELECT `id`, `n...', Array, false)
#4 D:\sistem-penggajian-main\vendor\codeigniter4\framework\system\Model.php(213): CodeIgniter\Database\BaseBuilder->get()
#5 D:\sistem-penggajian-main\vendor\codeigniter4\framework\system\BaseModel.php(583): CodeIgniter\Model->doFindAll(0, 0)
#6 D:\sistem-penggajian-main\app\Controllers\Absensi.php(50): CodeIgniter\BaseModel->findAll()
#7 D:\sistem-penggajian-main\vendor\codeigniter4\framework\system\CodeIgniter.php(936): App\Controllers\Absensi->index()
#8 D:\sistem-penggajian-main\vendor\codeigniter4\framework\system\CodeIgniter.php(432): CodeIgniter\CodeIgniter->runController(Object(App\Controllers\Absensi))
#9 D:\sistem-penggajian-main\vendor\codeigniter4\framework\system\CodeIgniter.php(333): CodeIgniter\CodeIgniter->handleRequest(NULL, Object(Config\Cache), false)
#10 D:\sistem-penggajian-main\public\index.php(44): CodeIgniter\CodeIgniter->run()
#11 D:\sistem-penggajian-main\vendor\codeigniter4\framework\system\Commands\Server\rewrite.php(45): require_once('D:\\sistem-pengg...')
#12 {main}
ERROR - 2021-03-30 23:39:25 --> mysqli_sql_exception: Column 'id' in field list is ambiguous in D:\sistem-penggajian-main\vendor\codeigniter4\framework\system\Database\MySQLi\Connection.php:314
Stack trace:
#0 D:\sistem-penggajian-main\vendor\codeigniter4\framework\system\Database\MySQLi\Connection.php(314): mysqli->query('SELECT `id`, `n...')
#1 D:\sistem-penggajian-main\vendor\codeigniter4\framework\system\Database\BaseConnection.php(713): CodeIgniter\Database\MySQLi\Connection->execute('SELECT `id`, `n...')
#2 D:\sistem-penggajian-main\vendor\codeigniter4\framework\system\Database\BaseConnection.php(641): CodeIgniter\Database\BaseConnection->simpleQuery('SELECT `id`, `n...')
#3 D:\sistem-penggajian-main\vendor\codeigniter4\framework\system\Database\BaseBuilder.php(1866): CodeIgniter\Database\BaseConnection->query('SELECT `id`, `n...', Array, false)
#4 D:\sistem-penggajian-main\vendor\codeigniter4\framework\system\Model.php(213): CodeIgniter\Database\BaseBuilder->get()
#5 D:\sistem-penggajian-main\vendor\codeigniter4\framework\system\BaseModel.php(583): CodeIgniter\Model->doFindAll(0, 0)
#6 D:\sistem-penggajian-main\app\Controllers\Absensi.php(50): CodeIgniter\BaseModel->findAll()
#7 D:\sistem-penggajian-main\vendor\codeigniter4\framework\system\CodeIgniter.php(936): App\Controllers\Absensi->index()
#8 D:\sistem-penggajian-main\vendor\codeigniter4\framework\system\CodeIgniter.php(432): CodeIgniter\CodeIgniter->runController(Object(App\Controllers\Absensi))
#9 D:\sistem-penggajian-main\vendor\codeigniter4\framework\system\CodeIgniter.php(333): CodeIgniter\CodeIgniter->handleRequest(NULL, Object(Config\Cache), false)
#10 D:\sistem-penggajian-main\public\index.php(44): CodeIgniter\CodeIgniter->run()
#11 D:\sistem-penggajian-main\vendor\codeigniter4\framework\system\Commands\Server\rewrite.php(45): require_once('D:\\sistem-pengg...')
#12 {main}
CRITICAL - 2021-03-30 23:39:25 --> Column 'id' in field list is ambiguous
#0 D:\sistem-penggajian-main\vendor\codeigniter4\framework\system\Database\MySQLi\Connection.php(314): mysqli->query('SELECT `id`, `n...')
#1 D:\sistem-penggajian-main\vendor\codeigniter4\framework\system\Database\BaseConnection.php(713): CodeIgniter\Database\MySQLi\Connection->execute('SELECT `id`, `n...')
#2 D:\sistem-penggajian-main\vendor\codeigniter4\framework\system\Database\BaseConnection.php(641): CodeIgniter\Database\BaseConnection->simpleQuery('SELECT `id`, `n...')
#3 D:\sistem-penggajian-main\vendor\codeigniter4\framework\system\Database\BaseBuilder.php(1866): CodeIgniter\Database\BaseConnection->query('SELECT `id`, `n...', Array, false)
#4 D:\sistem-penggajian-main\vendor\codeigniter4\framework\system\Model.php(213): CodeIgniter\Database\BaseBuilder->get()
#5 D:\sistem-penggajian-main\vendor\codeigniter4\framework\system\BaseModel.php(583): CodeIgniter\Model->doFindAll(0, 0)
#6 D:\sistem-penggajian-main\app\Controllers\Absensi.php(50): CodeIgniter\BaseModel->findAll()
#7 D:\sistem-penggajian-main\vendor\codeigniter4\framework\system\CodeIgniter.php(936): App\Controllers\Absensi->index()
#8 D:\sistem-penggajian-main\vendor\codeigniter4\framework\system\CodeIgniter.php(432): CodeIgniter\CodeIgniter->runController(Object(App\Controllers\Absensi))
#9 D:\sistem-penggajian-main\vendor\codeigniter4\framework\system\CodeIgniter.php(333): CodeIgniter\CodeIgniter->handleRequest(NULL, Object(Config\Cache), false)
#10 D:\sistem-penggajian-main\public\index.php(44): CodeIgniter\CodeIgniter->run()
#11 D:\sistem-penggajian-main\vendor\codeigniter4\framework\system\Commands\Server\rewrite.php(45): require_once('D:\\sistem-pengg...')
#12 {main}
ERROR - 2021-03-30 23:39:27 --> mysqli_sql_exception: Column 'id' in field list is ambiguous in D:\sistem-penggajian-main\vendor\codeigniter4\framework\system\Database\MySQLi\Connection.php:314
Stack trace:
#0 D:\sistem-penggajian-main\vendor\codeigniter4\framework\system\Database\MySQLi\Connection.php(314): mysqli->query('SELECT `id`, `n...')
#1 D:\sistem-penggajian-main\vendor\codeigniter4\framework\system\Database\BaseConnection.php(713): CodeIgniter\Database\MySQLi\Connection->execute('SELECT `id`, `n...')
#2 D:\sistem-penggajian-main\vendor\codeigniter4\framework\system\Database\BaseConnection.php(641): CodeIgniter\Database\BaseConnection->simpleQuery('SELECT `id`, `n...')
#3 D:\sistem-penggajian-main\vendor\codeigniter4\framework\system\Database\BaseBuilder.php(1866): CodeIgniter\Database\BaseConnection->query('SELECT `id`, `n...', Array, false)
#4 D:\sistem-penggajian-main\vendor\codeigniter4\framework\system\Model.php(213): CodeIgniter\Database\BaseBuilder->get()
#5 D:\sistem-penggajian-main\vendor\codeigniter4\framework\system\BaseModel.php(583): CodeIgniter\Model->doFindAll(0, 0)
#6 D:\sistem-penggajian-main\app\Controllers\Absensi.php(50): CodeIgniter\BaseModel->findAll()
#7 D:\sistem-penggajian-main\vendor\codeigniter4\framework\system\CodeIgniter.php(936): App\Controllers\Absensi->index()
#8 D:\sistem-penggajian-main\vendor\codeigniter4\framework\system\CodeIgniter.php(432): CodeIgniter\CodeIgniter->runController(Object(App\Controllers\Absensi))
#9 D:\sistem-penggajian-main\vendor\codeigniter4\framework\system\CodeIgniter.php(333): CodeIgniter\CodeIgniter->handleRequest(NULL, Object(Config\Cache), false)
#10 D:\sistem-penggajian-main\public\index.php(44): CodeIgniter\CodeIgniter->run()
#11 D:\sistem-penggajian-main\vendor\codeigniter4\framework\system\Commands\Server\rewrite.php(45): require_once('D:\\sistem-pengg...')
#12 {main}
CRITICAL - 2021-03-30 23:39:27 --> Column 'id' in field list is ambiguous
#0 D:\sistem-penggajian-main\vendor\codeigniter4\framework\system\Database\MySQLi\Connection.php(314): mysqli->query('SELECT `id`, `n...')
#1 D:\sistem-penggajian-main\vendor\codeigniter4\framework\system\Database\BaseConnection.php(713): CodeIgniter\Database\MySQLi\Connection->execute('SELECT `id`, `n...')
#2 D:\sistem-penggajian-main\vendor\codeigniter4\framework\system\Database\BaseConnection.php(641): CodeIgniter\Database\BaseConnection->simpleQuery('SELECT `id`, `n...')
#3 D:\sistem-penggajian-main\vendor\codeigniter4\framework\system\Database\BaseBuilder.php(1866): CodeIgniter\Database\BaseConnection->query('SELECT `id`, `n...', Array, false)
#4 D:\sistem-penggajian-main\vendor\codeigniter4\framework\system\Model.php(213): CodeIgniter\Database\BaseBuilder->get()
#5 D:\sistem-penggajian-main\vendor\codeigniter4\framework\system\BaseModel.php(583): CodeIgniter\Model->doFindAll(0, 0)
#6 D:\sistem-penggajian-main\app\Controllers\Absensi.php(50): CodeIgniter\BaseModel->findAll()
#7 D:\sistem-penggajian-main\vendor\codeigniter4\framework\system\CodeIgniter.php(936): App\Controllers\Absensi->index()
#8 D:\sistem-penggajian-main\vendor\codeigniter4\framework\system\CodeIgniter.php(432): CodeIgniter\CodeIgniter->runController(Object(App\Controllers\Absensi))
#9 D:\sistem-penggajian-main\vendor\codeigniter4\framework\system\CodeIgniter.php(333): CodeIgniter\CodeIgniter->handleRequest(NULL, Object(Config\Cache), false)
#10 D:\sistem-penggajian-main\public\index.php(44): CodeIgniter\CodeIgniter->run()
#11 D:\sistem-penggajian-main\vendor\codeigniter4\framework\system\Commands\Server\rewrite.php(45): require_once('D:\\sistem-pengg...')
#12 {main}
CRITICAL - 2021-03-30 23:42:11 --> insertBatch() called with no data
#0 D:\sistem-penggajian-main\vendor\codeigniter4\framework\system\Model.php(323): CodeIgniter\Database\BaseBuilder->insertBatch(Array, NULL, 100)
#1 D:\sistem-penggajian-main\vendor\codeigniter4\framework\system\BaseModel.php(843): CodeIgniter\Model->doInsertBatch(Array, NULL, 100, false)
#2 D:\sistem-penggajian-main\app\Controllers\Gaji.php(115): CodeIgniter\BaseModel->insertBatch(Array)
#3 D:\sistem-penggajian-main\vendor\codeigniter4\framework\system\CodeIgniter.php(936): App\Controllers\Gaji->index()
#4 D:\sistem-penggajian-main\vendor\codeigniter4\framework\system\CodeIgniter.php(432): CodeIgniter\CodeIgniter->runController(Object(App\Controllers\Gaji))
#5 D:\sistem-penggajian-main\vendor\codeigniter4\framework\system\CodeIgniter.php(333): CodeIgniter\CodeIgniter->handleRequest(NULL, Object(Config\Cache), false)
#6 D:\sistem-penggajian-main\public\index.php(44): CodeIgniter\CodeIgniter->run()
#7 D:\sistem-penggajian-main\vendor\codeigniter4\framework\system\Commands\Server\rewrite.php(45): require_once('D:\\sistem-pengg...')
#8 {main}
CRITICAL - 2021-03-30 23:43:13 --> insertBatch() called with no data
#0 D:\sistem-penggajian-main\vendor\codeigniter4\framework\system\Model.php(323): CodeIgniter\Database\BaseBuilder->insertBatch(Array, NULL, 100)
#1 D:\sistem-penggajian-main\vendor\codeigniter4\framework\system\BaseModel.php(843): CodeIgniter\Model->doInsertBatch(Array, NULL, 100, false)
#2 D:\sistem-penggajian-main\app\Controllers\Gaji.php(115): CodeIgniter\BaseModel->insertBatch(Array)
#3 D:\sistem-penggajian-main\vendor\codeigniter4\framework\system\CodeIgniter.php(936): App\Controllers\Gaji->index()
#4 D:\sistem-penggajian-main\vendor\codeigniter4\framework\system\CodeIgniter.php(432): CodeIgniter\CodeIgniter->runController(Object(App\Controllers\Gaji))
#5 D:\sistem-penggajian-main\vendor\codeigniter4\framework\system\CodeIgniter.php(333): CodeIgniter\CodeIgniter->handleRequest(NULL, Object(Config\Cache), false)
#6 D:\sistem-penggajian-main\public\index.php(44): CodeIgniter\CodeIgniter->run()
#7 D:\sistem-penggajian-main\vendor\codeigniter4\framework\system\Commands\Server\rewrite.php(45): require_once('D:\\sistem-pengg...')
#8 {main}
CRITICAL - 2021-03-30 23:43:14 --> insertBatch() called with no data
#0 D:\sistem-penggajian-main\vendor\codeigniter4\framework\system\Model.php(323): CodeIgniter\Database\BaseBuilder->insertBatch(Array, NULL, 100)
#1 D:\sistem-penggajian-main\vendor\codeigniter4\framework\system\BaseModel.php(843): CodeIgniter\Model->doInsertBatch(Array, NULL, 100, false)
#2 D:\sistem-penggajian-main\app\Controllers\Gaji.php(115): CodeIgniter\BaseModel->insertBatch(Array)
#3 D:\sistem-penggajian-main\vendor\codeigniter4\framework\system\CodeIgniter.php(936): App\Controllers\Gaji->index()
#4 D:\sistem-penggajian-main\vendor\codeigniter4\framework\system\CodeIgniter.php(432): CodeIgniter\CodeIgniter->runController(Object(App\Controllers\Gaji))
#5 D:\sistem-penggajian-main\vendor\codeigniter4\framework\system\CodeIgniter.php(333): CodeIgniter\CodeIgniter->handleRequest(NULL, Object(Config\Cache), false)
#6 D:\sistem-penggajian-main\public\index.php(44): CodeIgniter\CodeIgniter->run()
#7 D:\sistem-penggajian-main\vendor\codeigniter4\framework\system\Commands\Server\rewrite.php(45): require_once('D:\\sistem-pengg...')
#8 {main}
CRITICAL - 2021-03-30 23:43:15 --> insertBatch() called with no data
#0 D:\sistem-penggajian-main\vendor\codeigniter4\framework\system\Model.php(323): CodeIgniter\Database\BaseBuilder->insertBatch(Array, NULL, 100)
#1 D:\sistem-penggajian-main\vendor\codeigniter4\framework\system\BaseModel.php(843): CodeIgniter\Model->doInsertBatch(Array, NULL, 100, false)
#2 D:\sistem-penggajian-main\app\Controllers\Gaji.php(115): CodeIgniter\BaseModel->insertBatch(Array)
#3 D:\sistem-penggajian-main\vendor\codeigniter4\framework\system\CodeIgniter.php(936): App\Controllers\Gaji->index()
#4 D:\sistem-penggajian-main\vendor\codeigniter4\framework\system\CodeIgniter.php(432): CodeIgniter\CodeIgniter->runController(Object(App\Controllers\Gaji))
#5 D:\sistem-penggajian-main\vendor\codeigniter4\framework\system\CodeIgniter.php(333): CodeIgniter\CodeIgniter->handleRequest(NULL, Object(Config\Cache), false)
#6 D:\sistem-penggajian-main\public\index.php(44): CodeIgniter\CodeIgniter->run()
#7 D:\sistem-penggajian-main\vendor\codeigniter4\framework\system\Commands\Server\rewrite.php(45): require_once('D:\\sistem-pengg...')
#8 {main}
