CRITICAL - 2021-05-21 09:59:58 --> syntax error, unexpected '?>'
#0 F:\Kampus\project\Web\new_project\sistem-penggajian-main\vendor\codeigniter4\framework\system\View\View.php(222): CodeIgniter\View\View->CodeIgniter\View\{closure}()
#1 F:\Kampus\project\Web\new_project\sistem-penggajian-main\vendor\codeigniter4\framework\system\Common.php(1217): CodeIgniter\View\View->render('pages/dashboard', Array, true)
#2 F:\Kampus\project\Web\new_project\sistem-penggajian-main\app\Controllers\Home.php(72): view('pages/dashboard', Array)
#3 F:\Kampus\project\Web\new_project\sistem-penggajian-main\vendor\codeigniter4\framework\system\CodeIgniter.php(936): App\Controllers\Home->index()
#4 F:\Kampus\project\Web\new_project\sistem-penggajian-main\vendor\codeigniter4\framework\system\CodeIgniter.php(432): CodeIgniter\CodeIgniter->runController(Object(App\Controllers\Home))
#5 F:\Kampus\project\Web\new_project\sistem-penggajian-main\vendor\codeigniter4\framework\system\CodeIgniter.php(333): CodeIgniter\CodeIgniter->handleRequest(NULL, Object(Config\Cache), false)
#6 F:\Kampus\project\Web\new_project\sistem-penggajian-main\public\index.php(44): CodeIgniter\CodeIgniter->run()
#7 F:\Kampus\project\Web\new_project\sistem-penggajian-main\vendor\codeigniter4\framework\system\Commands\Server\rewrite.php(45): require_once('F:\\Kampus\\proje...')
#8 {main}
CRITICAL - 2021-05-21 11:02:31 --> Class 'App\Controllers\DB' not found
#0 F:\Kampus\project\Web\new_project\sistem-penggajian-main\vendor\codeigniter4\framework\system\CodeIgniter.php(936): App\Controllers\Home->index()
#1 F:\Kampus\project\Web\new_project\sistem-penggajian-main\vendor\codeigniter4\framework\system\CodeIgniter.php(432): CodeIgniter\CodeIgniter->runController(Object(App\Controllers\Home))
#2 F:\Kampus\project\Web\new_project\sistem-penggajian-main\vendor\codeigniter4\framework\system\CodeIgniter.php(333): CodeIgniter\CodeIgniter->handleRequest(NULL, Object(Config\Cache), false)
#3 F:\Kampus\project\Web\new_project\sistem-penggajian-main\public\index.php(44): CodeIgniter\CodeIgniter->run()
#4 F:\Kampus\project\Web\new_project\sistem-penggajian-main\vendor\codeigniter4\framework\system\Commands\Server\rewrite.php(45): require_once('F:\\Kampus\\proje...')
#5 {main}
CRITICAL - 2021-05-21 11:02:44 --> Class 'DB' not found
#0 F:\Kampus\project\Web\new_project\sistem-penggajian-main\vendor\codeigniter4\framework\system\CodeIgniter.php(936): App\Controllers\Home->index()
#1 F:\Kampus\project\Web\new_project\sistem-penggajian-main\vendor\codeigniter4\framework\system\CodeIgniter.php(432): CodeIgniter\CodeIgniter->runController(Object(App\Controllers\Home))
#2 F:\Kampus\project\Web\new_project\sistem-penggajian-main\vendor\codeigniter4\framework\system\CodeIgniter.php(333): CodeIgniter\CodeIgniter->handleRequest(NULL, Object(Config\Cache), false)
#3 F:\Kampus\project\Web\new_project\sistem-penggajian-main\public\index.php(44): CodeIgniter\CodeIgniter->run()
#4 F:\Kampus\project\Web\new_project\sistem-penggajian-main\vendor\codeigniter4\framework\system\Commands\Server\rewrite.php(45): require_once('F:\\Kampus\\proje...')
#5 {main}
CRITICAL - 2021-05-21 11:07:24 --> Undefined variable: db
#0 F:\Kampus\project\Web\new_project\sistem-penggajian-main\app\Controllers\Home.php(49): CodeIgniter\Debug\Exceptions->errorHandler(8, 'Undefined varia...', 'F:\\Kampus\\proje...', 49, Array)
#1 F:\Kampus\project\Web\new_project\sistem-penggajian-main\vendor\codeigniter4\framework\system\CodeIgniter.php(936): App\Controllers\Home->index()
#2 F:\Kampus\project\Web\new_project\sistem-penggajian-main\vendor\codeigniter4\framework\system\CodeIgniter.php(432): CodeIgniter\CodeIgniter->runController(Object(App\Controllers\Home))
#3 F:\Kampus\project\Web\new_project\sistem-penggajian-main\vendor\codeigniter4\framework\system\CodeIgniter.php(333): CodeIgniter\CodeIgniter->handleRequest(NULL, Object(Config\Cache), false)
#4 F:\Kampus\project\Web\new_project\sistem-penggajian-main\public\index.php(44): CodeIgniter\CodeIgniter->run()
#5 F:\Kampus\project\Web\new_project\sistem-penggajian-main\vendor\codeigniter4\framework\system\Commands\Server\rewrite.php(45): require_once('F:\\Kampus\\proje...')
#6 {main}
CRITICAL - 2021-05-21 11:10:37 --> syntax error, unexpected '$jumlah_karyawan' (T_VARIABLE)
#0 F:\Kampus\project\Web\new_project\sistem-penggajian-main\vendor\codeigniter4\framework\system\Autoloader\Autoloader.php(265): CodeIgniter\Autoloader\Autoloader->includeFile('F:\\Kampus\\proje...')
#1 F:\Kampus\project\Web\new_project\sistem-penggajian-main\vendor\codeigniter4\framework\system\Autoloader\Autoloader.php(228): CodeIgniter\Autoloader\Autoloader->loadInNamespace('App\\Controllers...')
#2 [internal function]: CodeIgniter\Autoloader\Autoloader->loadClass('App\\Controllers...')
#3 [internal function]: spl_autoload_call('App\\Controllers...')
#4 F:\Kampus\project\Web\new_project\sistem-penggajian-main\vendor\codeigniter4\framework\system\CodeIgniter.php(893): class_exists('\\App\\Controller...', true)
#5 F:\Kampus\project\Web\new_project\sistem-penggajian-main\vendor\codeigniter4\framework\system\CodeIgniter.php(417): CodeIgniter\CodeIgniter->startController()
#6 F:\Kampus\project\Web\new_project\sistem-penggajian-main\vendor\codeigniter4\framework\system\CodeIgniter.php(333): CodeIgniter\CodeIgniter->handleRequest(NULL, Object(Config\Cache), false)
#7 F:\Kampus\project\Web\new_project\sistem-penggajian-main\public\index.php(44): CodeIgniter\CodeIgniter->run()
#8 F:\Kampus\project\Web\new_project\sistem-penggajian-main\vendor\codeigniter4\framework\system\Commands\Server\rewrite.php(45): require_once('F:\\Kampus\\proje...')
#9 {main}
CRITICAL - 2021-05-21 11:11:28 --> syntax error, unexpected '$jumlah_karyawan' (T_VARIABLE)
#0 F:\Kampus\project\Web\new_project\sistem-penggajian-main\vendor\codeigniter4\framework\system\Autoloader\Autoloader.php(265): CodeIgniter\Autoloader\Autoloader->includeFile('F:\\Kampus\\proje...')
#1 F:\Kampus\project\Web\new_project\sistem-penggajian-main\vendor\codeigniter4\framework\system\Autoloader\Autoloader.php(228): CodeIgniter\Autoloader\Autoloader->loadInNamespace('App\\Controllers...')
#2 [internal function]: CodeIgniter\Autoloader\Autoloader->loadClass('App\\Controllers...')
#3 [internal function]: spl_autoload_call('App\\Controllers...')
#4 F:\Kampus\project\Web\new_project\sistem-penggajian-main\vendor\codeigniter4\framework\system\CodeIgniter.php(893): class_exists('\\App\\Controller...', true)
#5 F:\Kampus\project\Web\new_project\sistem-penggajian-main\vendor\codeigniter4\framework\system\CodeIgniter.php(417): CodeIgniter\CodeIgniter->startController()
#6 F:\Kampus\project\Web\new_project\sistem-penggajian-main\vendor\codeigniter4\framework\system\CodeIgniter.php(333): CodeIgniter\CodeIgniter->handleRequest(NULL, Object(Config\Cache), false)
#7 F:\Kampus\project\Web\new_project\sistem-penggajian-main\public\index.php(44): CodeIgniter\CodeIgniter->run()
#8 F:\Kampus\project\Web\new_project\sistem-penggajian-main\vendor\codeigniter4\framework\system\Commands\Server\rewrite.php(45): require_once('F:\\Kampus\\proje...')
#9 {main}
CRITICAL - 2021-05-21 11:11:43 --> syntax error, unexpected '$query' (T_VARIABLE)
#0 F:\Kampus\project\Web\new_project\sistem-penggajian-main\vendor\codeigniter4\framework\system\Autoloader\Autoloader.php(265): CodeIgniter\Autoloader\Autoloader->includeFile('F:\\Kampus\\proje...')
#1 F:\Kampus\project\Web\new_project\sistem-penggajian-main\vendor\codeigniter4\framework\system\Autoloader\Autoloader.php(228): CodeIgniter\Autoloader\Autoloader->loadInNamespace('App\\Controllers...')
#2 [internal function]: CodeIgniter\Autoloader\Autoloader->loadClass('App\\Controllers...')
#3 [internal function]: spl_autoload_call('App\\Controllers...')
#4 F:\Kampus\project\Web\new_project\sistem-penggajian-main\vendor\codeigniter4\framework\system\CodeIgniter.php(893): class_exists('\\App\\Controller...', true)
#5 F:\Kampus\project\Web\new_project\sistem-penggajian-main\vendor\codeigniter4\framework\system\CodeIgniter.php(417): CodeIgniter\CodeIgniter->startController()
#6 F:\Kampus\project\Web\new_project\sistem-penggajian-main\vendor\codeigniter4\framework\system\CodeIgniter.php(333): CodeIgniter\CodeIgniter->handleRequest(NULL, Object(Config\Cache), false)
#7 F:\Kampus\project\Web\new_project\sistem-penggajian-main\public\index.php(44): CodeIgniter\CodeIgniter->run()
#8 F:\Kampus\project\Web\new_project\sistem-penggajian-main\vendor\codeigniter4\framework\system\Commands\Server\rewrite.php(45): require_once('F:\\Kampus\\proje...')
#9 {main}
CRITICAL - 2021-05-21 11:12:06 --> Undefined variable: jumlah_karyawan
#0 F:\Kampus\project\Web\new_project\sistem-penggajian-main\app\Controllers\Home.php(53): CodeIgniter\Debug\Exceptions->errorHandler(8, 'Undefined varia...', 'F:\\Kampus\\proje...', 53, Array)
#1 F:\Kampus\project\Web\new_project\sistem-penggajian-main\vendor\codeigniter4\framework\system\CodeIgniter.php(936): App\Controllers\Home->index()
#2 F:\Kampus\project\Web\new_project\sistem-penggajian-main\vendor\codeigniter4\framework\system\CodeIgniter.php(432): CodeIgniter\CodeIgniter->runController(Object(App\Controllers\Home))
#3 F:\Kampus\project\Web\new_project\sistem-penggajian-main\vendor\codeigniter4\framework\system\CodeIgniter.php(333): CodeIgniter\CodeIgniter->handleRequest(NULL, Object(Config\Cache), false)
#4 F:\Kampus\project\Web\new_project\sistem-penggajian-main\public\index.php(44): CodeIgniter\CodeIgniter->run()
#5 F:\Kampus\project\Web\new_project\sistem-penggajian-main\vendor\codeigniter4\framework\system\Commands\Server\rewrite.php(45): require_once('F:\\Kampus\\proje...')
#6 {main}
CRITICAL - 2021-05-21 11:12:50 --> Call to undefined method CodeIgniter\Database\MySQLi\Builder::count()
#0 F:\Kampus\project\Web\new_project\sistem-penggajian-main\vendor\codeigniter4\framework\system\CodeIgniter.php(936): App\Controllers\Home->index()
#1 F:\Kampus\project\Web\new_project\sistem-penggajian-main\vendor\codeigniter4\framework\system\CodeIgniter.php(432): CodeIgniter\CodeIgniter->runController(Object(App\Controllers\Home))
#2 F:\Kampus\project\Web\new_project\sistem-penggajian-main\vendor\codeigniter4\framework\system\CodeIgniter.php(333): CodeIgniter\CodeIgniter->handleRequest(NULL, Object(Config\Cache), false)
#3 F:\Kampus\project\Web\new_project\sistem-penggajian-main\public\index.php(44): CodeIgniter\CodeIgniter->run()
#4 F:\Kampus\project\Web\new_project\sistem-penggajian-main\vendor\codeigniter4\framework\system\Commands\Server\rewrite.php(45): require_once('F:\\Kampus\\proje...')
#5 {main}
CRITICAL - 2021-05-21 11:13:03 --> Call to undefined method CodeIgniter\Database\MySQLi\Builder::count()
#0 F:\Kampus\project\Web\new_project\sistem-penggajian-main\vendor\codeigniter4\framework\system\CodeIgniter.php(936): App\Controllers\Home->index()
#1 F:\Kampus\project\Web\new_project\sistem-penggajian-main\vendor\codeigniter4\framework\system\CodeIgniter.php(432): CodeIgniter\CodeIgniter->runController(Object(App\Controllers\Home))
#2 F:\Kampus\project\Web\new_project\sistem-penggajian-main\vendor\codeigniter4\framework\system\CodeIgniter.php(333): CodeIgniter\CodeIgniter->handleRequest(NULL, Object(Config\Cache), false)
#3 F:\Kampus\project\Web\new_project\sistem-penggajian-main\public\index.php(44): CodeIgniter\CodeIgniter->run()
#4 F:\Kampus\project\Web\new_project\sistem-penggajian-main\vendor\codeigniter4\framework\system\Commands\Server\rewrite.php(45): require_once('F:\\Kampus\\proje...')
#5 {main}
