CRITICAL - 2021-03-22 20:49:41 --> Undefined index: jam_masuk
#0 D:\Web Projects\sistem-penggajian\app\Views\absensi\index.php(80): CodeIgniter\Debug\Exceptions->errorHandler(8, 'Undefined index...', 'D:\\Web Projects...', 80, Array)
#1 D:\Web Projects\sistem-penggajian\vendor\codeigniter4\framework\system\View\View.php(220): include('D:\\Web Projects...')
#2 D:\Web Projects\sistem-penggajian\vendor\codeigniter4\framework\system\View\View.php(222): CodeIgniter\View\View->CodeIgniter\View\{closure}()
#3 D:\Web Projects\sistem-penggajian\vendor\codeigniter4\framework\system\Common.php(1217): CodeIgniter\View\View->render('absensi/index', Array, true)
#4 D:\Web Projects\sistem-penggajian\app\Controllers\Absensi.php(87): view('absensi/index', Array)
#5 D:\Web Projects\sistem-penggajian\vendor\codeigniter4\framework\system\CodeIgniter.php(936): App\Controllers\Absensi->index()
#6 D:\Web Projects\sistem-penggajian\vendor\codeigniter4\framework\system\CodeIgniter.php(432): CodeIgniter\CodeIgniter->runController(Object(App\Controllers\Absensi))
#7 D:\Web Projects\sistem-penggajian\vendor\codeigniter4\framework\system\CodeIgniter.php(333): CodeIgniter\CodeIgniter->handleRequest(NULL, Object(Config\Cache), false)
#8 D:\Web Projects\sistem-penggajian\public\index.php(44): CodeIgniter\CodeIgniter->run()
#9 D:\Web Projects\sistem-penggajian\vendor\codeigniter4\framework\system\Commands\Server\rewrite.php(45): require_once('D:\\Web Projects...')
#10 {main}
CRITICAL - 2021-03-22 21:23:59 --> Undefined variable: data_jam_masuk
#0 D:\Web Projects\sistem-penggajian\app\Controllers\Absensi.php(67): CodeIgniter\Debug\Exceptions->errorHandler(8, 'Undefined varia...', 'D:\\Web Projects...', 67, Array)
#1 D:\Web Projects\sistem-penggajian\vendor\codeigniter4\framework\system\CodeIgniter.php(936): App\Controllers\Absensi->index()
#2 D:\Web Projects\sistem-penggajian\vendor\codeigniter4\framework\system\CodeIgniter.php(432): CodeIgniter\CodeIgniter->runController(Object(App\Controllers\Absensi))
#3 D:\Web Projects\sistem-penggajian\vendor\codeigniter4\framework\system\CodeIgniter.php(333): CodeIgniter\CodeIgniter->handleRequest(NULL, Object(Config\Cache), false)
#4 D:\Web Projects\sistem-penggajian\public\index.php(44): CodeIgniter\CodeIgniter->run()
#5 D:\Web Projects\sistem-penggajian\vendor\codeigniter4\framework\system\Commands\Server\rewrite.php(45): require_once('D:\\Web Projects...')
#6 {main}
