CRITICAL - 2021-05-27 09:29:11 --> Call to undefined method App\Controllers\Home::table()
#0 F:\Kampus\project\Web\new_project\sistem-penggajian-main\vendor\codeigniter4\framework\system\CodeIgniter.php(936): App\Controllers\Home->index()
#1 F:\Kampus\project\Web\new_project\sistem-penggajian-main\vendor\codeigniter4\framework\system\CodeIgniter.php(432): CodeIgniter\CodeIgniter->runController(Object(App\Controllers\Home))
#2 F:\Kampus\project\Web\new_project\sistem-penggajian-main\vendor\codeigniter4\framework\system\CodeIgniter.php(333): CodeIgniter\CodeIgniter->handleRequest(NULL, Object(Config\Cache), false)
#3 F:\Kampus\project\Web\new_project\sistem-penggajian-main\public\index.php(44): CodeIgniter\CodeIgniter->run()
#4 F:\Kampus\project\Web\new_project\sistem-penggajian-main\vendor\codeigniter4\framework\system\Commands\Server\rewrite.php(45): require_once('F:\\Kampus\\proje...')
#5 {main}
CRITICAL - 2021-05-27 09:49:41 --> syntax error, unexpected 'dd' (T_STRING)
#0 F:\Kampus\project\Web\new_project\sistem-penggajian-main\vendor\codeigniter4\framework\system\Autoloader\Autoloader.php(265): CodeIgniter\Autoloader\Autoloader->includeFile('F:\\Kampus\\proje...')
#1 F:\Kampus\project\Web\new_project\sistem-penggajian-main\vendor\codeigniter4\framework\system\Autoloader\Autoloader.php(228): CodeIgniter\Autoloader\Autoloader->loadInNamespace('App\\Controllers...')
#2 [internal function]: CodeIgniter\Autoloader\Autoloader->loadClass('App\\Controllers...')
#3 [internal function]: spl_autoload_call('App\\Controllers...')
#4 F:\Kampus\project\Web\new_project\sistem-penggajian-main\vendor\codeigniter4\framework\system\CodeIgniter.php(893): class_exists('\\App\\Controller...', true)
#5 F:\Kampus\project\Web\new_project\sistem-penggajian-main\vendor\codeigniter4\framework\system\CodeIgniter.php(417): CodeIgniter\CodeIgniter->startController()
#6 F:\Kampus\project\Web\new_project\sistem-penggajian-main\vendor\codeigniter4\framework\system\CodeIgniter.php(333): CodeIgniter\CodeIgniter->handleRequest(NULL, Object(Config\Cache), false)
#7 F:\Kampus\project\Web\new_project\sistem-penggajian-main\public\index.php(44): CodeIgniter\CodeIgniter->run()
#8 F:\Kampus\project\Web\new_project\sistem-penggajian-main\vendor\codeigniter4\framework\system\Commands\Server\rewrite.php(45): require_once('F:\\Kampus\\proje...')
#9 {main}
CRITICAL - 2021-05-27 09:54:26 --> Object of class CodeIgniter\Database\MySQLi\Result could not be converted to string
#0 F:\Kampus\project\Web\new_project\sistem-penggajian-main\vendor\codeigniter4\framework\system\CodeIgniter.php(936): App\Controllers\Home->index()
#1 F:\Kampus\project\Web\new_project\sistem-penggajian-main\vendor\codeigniter4\framework\system\CodeIgniter.php(432): CodeIgniter\CodeIgniter->runController(Object(App\Controllers\Home))
#2 F:\Kampus\project\Web\new_project\sistem-penggajian-main\vendor\codeigniter4\framework\system\CodeIgniter.php(333): CodeIgniter\CodeIgniter->handleRequest(NULL, Object(Config\Cache), false)
#3 F:\Kampus\project\Web\new_project\sistem-penggajian-main\public\index.php(44): CodeIgniter\CodeIgniter->run()
#4 F:\Kampus\project\Web\new_project\sistem-penggajian-main\vendor\codeigniter4\framework\system\Commands\Server\rewrite.php(45): require_once('F:\\Kampus\\proje...')
#5 {main}
CRITICAL - 2021-05-27 09:55:07 --> Call to a member function toArray() on int
#0 F:\Kampus\project\Web\new_project\sistem-penggajian-main\vendor\codeigniter4\framework\system\CodeIgniter.php(936): App\Controllers\Home->index()
#1 F:\Kampus\project\Web\new_project\sistem-penggajian-main\vendor\codeigniter4\framework\system\CodeIgniter.php(432): CodeIgniter\CodeIgniter->runController(Object(App\Controllers\Home))
#2 F:\Kampus\project\Web\new_project\sistem-penggajian-main\vendor\codeigniter4\framework\system\CodeIgniter.php(333): CodeIgniter\CodeIgniter->handleRequest(NULL, Object(Config\Cache), false)
#3 F:\Kampus\project\Web\new_project\sistem-penggajian-main\public\index.php(44): CodeIgniter\CodeIgniter->run()
#4 F:\Kampus\project\Web\new_project\sistem-penggajian-main\vendor\codeigniter4\framework\system\Commands\Server\rewrite.php(45): require_once('F:\\Kampus\\proje...')
#5 {main}
CRITICAL - 2021-05-27 09:55:23 --> Call to undefined method CodeIgniter\Database\MySQLi\Result::toArray()
#0 F:\Kampus\project\Web\new_project\sistem-penggajian-main\vendor\codeigniter4\framework\system\CodeIgniter.php(936): App\Controllers\Home->index()
#1 F:\Kampus\project\Web\new_project\sistem-penggajian-main\vendor\codeigniter4\framework\system\CodeIgniter.php(432): CodeIgniter\CodeIgniter->runController(Object(App\Controllers\Home))
#2 F:\Kampus\project\Web\new_project\sistem-penggajian-main\vendor\codeigniter4\framework\system\CodeIgniter.php(333): CodeIgniter\CodeIgniter->handleRequest(NULL, Object(Config\Cache), false)
#3 F:\Kampus\project\Web\new_project\sistem-penggajian-main\public\index.php(44): CodeIgniter\CodeIgniter->run()
#4 F:\Kampus\project\Web\new_project\sistem-penggajian-main\vendor\codeigniter4\framework\system\Commands\Server\rewrite.php(45): require_once('F:\\Kampus\\proje...')
#5 {main}
CRITICAL - 2021-05-27 09:57:35 --> Call to undefined method CodeIgniter\Database\MySQLi\Builder::first()
#0 F:\Kampus\project\Web\new_project\sistem-penggajian-main\vendor\codeigniter4\framework\system\CodeIgniter.php(936): App\Controllers\Home->index()
#1 F:\Kampus\project\Web\new_project\sistem-penggajian-main\vendor\codeigniter4\framework\system\CodeIgniter.php(432): CodeIgniter\CodeIgniter->runController(Object(App\Controllers\Home))
#2 F:\Kampus\project\Web\new_project\sistem-penggajian-main\vendor\codeigniter4\framework\system\CodeIgniter.php(333): CodeIgniter\CodeIgniter->handleRequest(NULL, Object(Config\Cache), false)
#3 F:\Kampus\project\Web\new_project\sistem-penggajian-main\public\index.php(44): CodeIgniter\CodeIgniter->run()
#4 F:\Kampus\project\Web\new_project\sistem-penggajian-main\vendor\codeigniter4\framework\system\Commands\Server\rewrite.php(45): require_once('F:\\Kampus\\proje...')
#5 {main}
CRITICAL - 2021-05-27 09:57:45 --> Call to undefined method CodeIgniter\Database\MySQLi\Builder::first()
#0 F:\Kampus\project\Web\new_project\sistem-penggajian-main\vendor\codeigniter4\framework\system\CodeIgniter.php(936): App\Controllers\Home->index()
#1 F:\Kampus\project\Web\new_project\sistem-penggajian-main\vendor\codeigniter4\framework\system\CodeIgniter.php(432): CodeIgniter\CodeIgniter->runController(Object(App\Controllers\Home))
#2 F:\Kampus\project\Web\new_project\sistem-penggajian-main\vendor\codeigniter4\framework\system\CodeIgniter.php(333): CodeIgniter\CodeIgniter->handleRequest(NULL, Object(Config\Cache), false)
#3 F:\Kampus\project\Web\new_project\sistem-penggajian-main\public\index.php(44): CodeIgniter\CodeIgniter->run()
#4 F:\Kampus\project\Web\new_project\sistem-penggajian-main\vendor\codeigniter4\framework\system\Commands\Server\rewrite.php(45): require_once('F:\\Kampus\\proje...')
#5 {main}
CRITICAL - 2021-05-27 09:58:19 --> Call to undefined method CodeIgniter\Database\MySQLi\Builder::getResult()
#0 F:\Kampus\project\Web\new_project\sistem-penggajian-main\vendor\codeigniter4\framework\system\CodeIgniter.php(936): App\Controllers\Home->index()
#1 F:\Kampus\project\Web\new_project\sistem-penggajian-main\vendor\codeigniter4\framework\system\CodeIgniter.php(432): CodeIgniter\CodeIgniter->runController(Object(App\Controllers\Home))
#2 F:\Kampus\project\Web\new_project\sistem-penggajian-main\vendor\codeigniter4\framework\system\CodeIgniter.php(333): CodeIgniter\CodeIgniter->handleRequest(NULL, Object(Config\Cache), false)
#3 F:\Kampus\project\Web\new_project\sistem-penggajian-main\public\index.php(44): CodeIgniter\CodeIgniter->run()
#4 F:\Kampus\project\Web\new_project\sistem-penggajian-main\vendor\codeigniter4\framework\system\Commands\Server\rewrite.php(45): require_once('F:\\Kampus\\proje...')
#5 {main}
CRITICAL - 2021-05-27 09:59:04 --> Call to undefined method App\Controllers\Home::table()
#0 F:\Kampus\project\Web\new_project\sistem-penggajian-main\vendor\codeigniter4\framework\system\CodeIgniter.php(936): App\Controllers\Home->index()
#1 F:\Kampus\project\Web\new_project\sistem-penggajian-main\vendor\codeigniter4\framework\system\CodeIgniter.php(432): CodeIgniter\CodeIgniter->runController(Object(App\Controllers\Home))
#2 F:\Kampus\project\Web\new_project\sistem-penggajian-main\vendor\codeigniter4\framework\system\CodeIgniter.php(333): CodeIgniter\CodeIgniter->handleRequest(NULL, Object(Config\Cache), false)
#3 F:\Kampus\project\Web\new_project\sistem-penggajian-main\public\index.php(44): CodeIgniter\CodeIgniter->run()
#4 F:\Kampus\project\Web\new_project\sistem-penggajian-main\vendor\codeigniter4\framework\system\Commands\Server\rewrite.php(45): require_once('F:\\Kampus\\proje...')
#5 {main}
CRITICAL - 2021-05-27 09:59:05 --> Call to undefined method App\Controllers\Home::table()
#0 F:\Kampus\project\Web\new_project\sistem-penggajian-main\vendor\codeigniter4\framework\system\CodeIgniter.php(936): App\Controllers\Home->index()
#1 F:\Kampus\project\Web\new_project\sistem-penggajian-main\vendor\codeigniter4\framework\system\CodeIgniter.php(432): CodeIgniter\CodeIgniter->runController(Object(App\Controllers\Home))
#2 F:\Kampus\project\Web\new_project\sistem-penggajian-main\vendor\codeigniter4\framework\system\CodeIgniter.php(333): CodeIgniter\CodeIgniter->handleRequest(NULL, Object(Config\Cache), false)
#3 F:\Kampus\project\Web\new_project\sistem-penggajian-main\public\index.php(44): CodeIgniter\CodeIgniter->run()
#4 F:\Kampus\project\Web\new_project\sistem-penggajian-main\vendor\codeigniter4\framework\system\Commands\Server\rewrite.php(45): require_once('F:\\Kampus\\proje...')
#5 {main}
CRITICAL - 2021-05-27 09:59:55 --> Call to undefined method App\Models\AbsensiModel::getResult
#0 F:\Kampus\project\Web\new_project\sistem-penggajian-main\app\Controllers\Home.php(54): CodeIgniter\Model->__call('getResult', Array)
#1 F:\Kampus\project\Web\new_project\sistem-penggajian-main\vendor\codeigniter4\framework\system\CodeIgniter.php(936): App\Controllers\Home->index()
#2 F:\Kampus\project\Web\new_project\sistem-penggajian-main\vendor\codeigniter4\framework\system\CodeIgniter.php(432): CodeIgniter\CodeIgniter->runController(Object(App\Controllers\Home))
#3 F:\Kampus\project\Web\new_project\sistem-penggajian-main\vendor\codeigniter4\framework\system\CodeIgniter.php(333): CodeIgniter\CodeIgniter->handleRequest(NULL, Object(Config\Cache), false)
#4 F:\Kampus\project\Web\new_project\sistem-penggajian-main\public\index.php(44): CodeIgniter\CodeIgniter->run()
#5 F:\Kampus\project\Web\new_project\sistem-penggajian-main\vendor\codeigniter4\framework\system\Commands\Server\rewrite.php(45): require_once('F:\\Kampus\\proje...')
#6 {main}
CRITICAL - 2021-05-27 10:03:33 --> Call to undefined function App\Controllers\dump()
#0 F:\Kampus\project\Web\new_project\sistem-penggajian-main\vendor\codeigniter4\framework\system\CodeIgniter.php(936): App\Controllers\Home->index()
#1 F:\Kampus\project\Web\new_project\sistem-penggajian-main\vendor\codeigniter4\framework\system\CodeIgniter.php(432): CodeIgniter\CodeIgniter->runController(Object(App\Controllers\Home))
#2 F:\Kampus\project\Web\new_project\sistem-penggajian-main\vendor\codeigniter4\framework\system\CodeIgniter.php(333): CodeIgniter\CodeIgniter->handleRequest(NULL, Object(Config\Cache), false)
#3 F:\Kampus\project\Web\new_project\sistem-penggajian-main\public\index.php(44): CodeIgniter\CodeIgniter->run()
#4 F:\Kampus\project\Web\new_project\sistem-penggajian-main\vendor\codeigniter4\framework\system\Commands\Server\rewrite.php(45): require_once('F:\\Kampus\\proje...')
#5 {main}
CRITICAL - 2021-05-27 15:59:40 --> Class 'App\Controllers\Time' not found
#0 F:\Kampus\project\Web\new_project\sistem-penggajian-main\vendor\codeigniter4\framework\system\CodeIgniter.php(936): App\Controllers\Home->index()
#1 F:\Kampus\project\Web\new_project\sistem-penggajian-main\vendor\codeigniter4\framework\system\CodeIgniter.php(432): CodeIgniter\CodeIgniter->runController(Object(App\Controllers\Home))
#2 F:\Kampus\project\Web\new_project\sistem-penggajian-main\vendor\codeigniter4\framework\system\CodeIgniter.php(333): CodeIgniter\CodeIgniter->handleRequest(NULL, Object(Config\Cache), false)
#3 F:\Kampus\project\Web\new_project\sistem-penggajian-main\public\index.php(44): CodeIgniter\CodeIgniter->run()
#4 F:\Kampus\project\Web\new_project\sistem-penggajian-main\vendor\codeigniter4\framework\system\Commands\Server\rewrite.php(45): require_once('F:\\Kampus\\proje...')
#5 {main}
CRITICAL - 2021-05-27 16:00:25 --> Argument 3 passed to CodeIgniter\Database\BaseBuilder::where() must be of the type bool or null, object given, called in F:\Kampus\project\Web\new_project\sistem-penggajian-main\vendor\codeigniter4\framework\system\Model.php on line 836
#0 F:\Kampus\project\Web\new_project\sistem-penggajian-main\vendor\codeigniter4\framework\system\Model.php(836): CodeIgniter\Database\BaseBuilder->where('created_at', '<', Object(CodeIgniter\I18n\Time))
#1 F:\Kampus\project\Web\new_project\sistem-penggajian-main\app\Controllers\Home.php(61): CodeIgniter\Model->__call('where', Array)
#2 F:\Kampus\project\Web\new_project\sistem-penggajian-main\vendor\codeigniter4\framework\system\CodeIgniter.php(936): App\Controllers\Home->index()
#3 F:\Kampus\project\Web\new_project\sistem-penggajian-main\vendor\codeigniter4\framework\system\CodeIgniter.php(432): CodeIgniter\CodeIgniter->runController(Object(App\Controllers\Home))
#4 F:\Kampus\project\Web\new_project\sistem-penggajian-main\vendor\codeigniter4\framework\system\CodeIgniter.php(333): CodeIgniter\CodeIgniter->handleRequest(NULL, Object(Config\Cache), false)
#5 F:\Kampus\project\Web\new_project\sistem-penggajian-main\public\index.php(44): CodeIgniter\CodeIgniter->run()
#6 F:\Kampus\project\Web\new_project\sistem-penggajian-main\vendor\codeigniter4\framework\system\Commands\Server\rewrite.php(45): require_once('F:\\Kampus\\proje...')
#7 {main}
CRITICAL - 2021-05-27 16:01:03 --> syntax error, unexpected '->' (T_OBJECT_OPERATOR)
#0 F:\Kampus\project\Web\new_project\sistem-penggajian-main\vendor\codeigniter4\framework\system\Autoloader\Autoloader.php(265): CodeIgniter\Autoloader\Autoloader->includeFile('F:\\Kampus\\proje...')
#1 F:\Kampus\project\Web\new_project\sistem-penggajian-main\vendor\codeigniter4\framework\system\Autoloader\Autoloader.php(228): CodeIgniter\Autoloader\Autoloader->loadInNamespace('App\\Controllers...')
#2 [internal function]: CodeIgniter\Autoloader\Autoloader->loadClass('App\\Controllers...')
#3 [internal function]: spl_autoload_call('App\\Controllers...')
#4 F:\Kampus\project\Web\new_project\sistem-penggajian-main\vendor\codeigniter4\framework\system\CodeIgniter.php(893): class_exists('\\App\\Controller...', true)
#5 F:\Kampus\project\Web\new_project\sistem-penggajian-main\vendor\codeigniter4\framework\system\CodeIgniter.php(417): CodeIgniter\CodeIgniter->startController()
#6 F:\Kampus\project\Web\new_project\sistem-penggajian-main\vendor\codeigniter4\framework\system\CodeIgniter.php(333): CodeIgniter\CodeIgniter->handleRequest(NULL, Object(Config\Cache), false)
#7 F:\Kampus\project\Web\new_project\sistem-penggajian-main\public\index.php(44): CodeIgniter\CodeIgniter->run()
#8 F:\Kampus\project\Web\new_project\sistem-penggajian-main\vendor\codeigniter4\framework\system\Commands\Server\rewrite.php(45): require_once('F:\\Kampus\\proje...')
#9 {main}
CRITICAL - 2021-05-27 16:01:19 --> Cannot use object of type CodeIgniter\I18n\Time as array
#0 F:\Kampus\project\Web\new_project\sistem-penggajian-main\vendor\codeigniter4\framework\system\CodeIgniter.php(936): App\Controllers\Home->index()
#1 F:\Kampus\project\Web\new_project\sistem-penggajian-main\vendor\codeigniter4\framework\system\CodeIgniter.php(432): CodeIgniter\CodeIgniter->runController(Object(App\Controllers\Home))
#2 F:\Kampus\project\Web\new_project\sistem-penggajian-main\vendor\codeigniter4\framework\system\CodeIgniter.php(333): CodeIgniter\CodeIgniter->handleRequest(NULL, Object(Config\Cache), false)
#3 F:\Kampus\project\Web\new_project\sistem-penggajian-main\public\index.php(44): CodeIgniter\CodeIgniter->run()
#4 F:\Kampus\project\Web\new_project\sistem-penggajian-main\vendor\codeigniter4\framework\system\Commands\Server\rewrite.php(45): require_once('F:\\Kampus\\proje...')
#5 {main}
CRITICAL - 2021-05-27 16:01:22 --> Cannot use object of type CodeIgniter\I18n\Time as array
#0 F:\Kampus\project\Web\new_project\sistem-penggajian-main\vendor\codeigniter4\framework\system\CodeIgniter.php(936): App\Controllers\Home->index()
#1 F:\Kampus\project\Web\new_project\sistem-penggajian-main\vendor\codeigniter4\framework\system\CodeIgniter.php(432): CodeIgniter\CodeIgniter->runController(Object(App\Controllers\Home))
#2 F:\Kampus\project\Web\new_project\sistem-penggajian-main\vendor\codeigniter4\framework\system\CodeIgniter.php(333): CodeIgniter\CodeIgniter->handleRequest(NULL, Object(Config\Cache), false)
#3 F:\Kampus\project\Web\new_project\sistem-penggajian-main\public\index.php(44): CodeIgniter\CodeIgniter->run()
#4 F:\Kampus\project\Web\new_project\sistem-penggajian-main\vendor\codeigniter4\framework\system\Commands\Server\rewrite.php(45): require_once('F:\\Kampus\\proje...')
#5 {main}
CRITICAL - 2021-05-27 16:02:59 --> Argument 3 passed to CodeIgniter\Database\BaseBuilder::where() must be of the type bool or null, object given, called in F:\Kampus\project\Web\new_project\sistem-penggajian-main\vendor\codeigniter4\framework\system\Model.php on line 836
#0 F:\Kampus\project\Web\new_project\sistem-penggajian-main\vendor\codeigniter4\framework\system\Model.php(836): CodeIgniter\Database\BaseBuilder->where('created_at', '<', Object(CodeIgniter\I18n\Time))
#1 F:\Kampus\project\Web\new_project\sistem-penggajian-main\app\Controllers\Home.php(62): CodeIgniter\Model->__call('where', Array)
#2 F:\Kampus\project\Web\new_project\sistem-penggajian-main\vendor\codeigniter4\framework\system\CodeIgniter.php(936): App\Controllers\Home->index()
#3 F:\Kampus\project\Web\new_project\sistem-penggajian-main\vendor\codeigniter4\framework\system\CodeIgniter.php(432): CodeIgniter\CodeIgniter->runController(Object(App\Controllers\Home))
#4 F:\Kampus\project\Web\new_project\sistem-penggajian-main\vendor\codeigniter4\framework\system\CodeIgniter.php(333): CodeIgniter\CodeIgniter->handleRequest(NULL, Object(Config\Cache), false)
#5 F:\Kampus\project\Web\new_project\sistem-penggajian-main\public\index.php(44): CodeIgniter\CodeIgniter->run()
#6 F:\Kampus\project\Web\new_project\sistem-penggajian-main\vendor\codeigniter4\framework\system\Commands\Server\rewrite.php(45): require_once('F:\\Kampus\\proje...')
#7 {main}
CRITICAL - 2021-05-27 16:08:11 --> syntax error, unexpected '==' (T_IS_EQUAL), expecting ')'
#0 F:\Kampus\project\Web\new_project\sistem-penggajian-main\vendor\codeigniter4\framework\system\Autoloader\Autoloader.php(265): CodeIgniter\Autoloader\Autoloader->includeFile('F:\\Kampus\\proje...')
#1 F:\Kampus\project\Web\new_project\sistem-penggajian-main\vendor\codeigniter4\framework\system\Autoloader\Autoloader.php(228): CodeIgniter\Autoloader\Autoloader->loadInNamespace('App\\Controllers...')
#2 [internal function]: CodeIgniter\Autoloader\Autoloader->loadClass('App\\Controllers...')
#3 [internal function]: spl_autoload_call('App\\Controllers...')
#4 F:\Kampus\project\Web\new_project\sistem-penggajian-main\vendor\codeigniter4\framework\system\CodeIgniter.php(893): class_exists('\\App\\Controller...', true)
#5 F:\Kampus\project\Web\new_project\sistem-penggajian-main\vendor\codeigniter4\framework\system\CodeIgniter.php(417): CodeIgniter\CodeIgniter->startController()
#6 F:\Kampus\project\Web\new_project\sistem-penggajian-main\vendor\codeigniter4\framework\system\CodeIgniter.php(333): CodeIgniter\CodeIgniter->handleRequest(NULL, Object(Config\Cache), false)
#7 F:\Kampus\project\Web\new_project\sistem-penggajian-main\public\index.php(44): CodeIgniter\CodeIgniter->run()
#8 F:\Kampus\project\Web\new_project\sistem-penggajian-main\vendor\codeigniter4\framework\system\Commands\Server\rewrite.php(45): require_once('F:\\Kampus\\proje...')
#9 {main}
CRITICAL - 2021-05-27 16:20:04 --> Array to string conversion
#0 F:\Kampus\project\Web\new_project\sistem-penggajian-main\app\Views\pages\dashboard.php(29): CodeIgniter\Debug\Exceptions->errorHandler(8, 'Array to string...', 'F:\\Kampus\\proje...', 29, Array)
#1 F:\Kampus\project\Web\new_project\sistem-penggajian-main\vendor\codeigniter4\framework\system\View\View.php(220): include('F:\\Kampus\\proje...')
#2 F:\Kampus\project\Web\new_project\sistem-penggajian-main\vendor\codeigniter4\framework\system\View\View.php(222): CodeIgniter\View\View->CodeIgniter\View\{closure}()
#3 F:\Kampus\project\Web\new_project\sistem-penggajian-main\vendor\codeigniter4\framework\system\Common.php(1217): CodeIgniter\View\View->render('pages/dashboard', Array, true)
#4 F:\Kampus\project\Web\new_project\sistem-penggajian-main\app\Controllers\Home.php(95): view('pages/dashboard', Array)
#5 F:\Kampus\project\Web\new_project\sistem-penggajian-main\vendor\codeigniter4\framework\system\CodeIgniter.php(936): App\Controllers\Home->index()
#6 F:\Kampus\project\Web\new_project\sistem-penggajian-main\vendor\codeigniter4\framework\system\CodeIgniter.php(432): CodeIgniter\CodeIgniter->runController(Object(App\Controllers\Home))
#7 F:\Kampus\project\Web\new_project\sistem-penggajian-main\vendor\codeigniter4\framework\system\CodeIgniter.php(333): CodeIgniter\CodeIgniter->handleRequest(NULL, Object(Config\Cache), false)
#8 F:\Kampus\project\Web\new_project\sistem-penggajian-main\public\index.php(44): CodeIgniter\CodeIgniter->run()
#9 F:\Kampus\project\Web\new_project\sistem-penggajian-main\vendor\codeigniter4\framework\system\Commands\Server\rewrite.php(45): require_once('F:\\Kampus\\proje...')
#10 {main}
CRITICAL - 2021-05-27 16:20:35 --> Array to string conversion
#0 F:\Kampus\project\Web\new_project\sistem-penggajian-main\app\Views\pages\dashboard.php(29): CodeIgniter\Debug\Exceptions->errorHandler(8, 'Array to string...', 'F:\\Kampus\\proje...', 29, Array)
#1 F:\Kampus\project\Web\new_project\sistem-penggajian-main\vendor\codeigniter4\framework\system\View\View.php(220): include('F:\\Kampus\\proje...')
#2 F:\Kampus\project\Web\new_project\sistem-penggajian-main\vendor\codeigniter4\framework\system\View\View.php(222): CodeIgniter\View\View->CodeIgniter\View\{closure}()
#3 F:\Kampus\project\Web\new_project\sistem-penggajian-main\vendor\codeigniter4\framework\system\Common.php(1217): CodeIgniter\View\View->render('pages/dashboard', Array, true)
#4 F:\Kampus\project\Web\new_project\sistem-penggajian-main\app\Controllers\Home.php(95): view('pages/dashboard', Array)
#5 F:\Kampus\project\Web\new_project\sistem-penggajian-main\vendor\codeigniter4\framework\system\CodeIgniter.php(936): App\Controllers\Home->index()
#6 F:\Kampus\project\Web\new_project\sistem-penggajian-main\vendor\codeigniter4\framework\system\CodeIgniter.php(432): CodeIgniter\CodeIgniter->runController(Object(App\Controllers\Home))
#7 F:\Kampus\project\Web\new_project\sistem-penggajian-main\vendor\codeigniter4\framework\system\CodeIgniter.php(333): CodeIgniter\CodeIgniter->handleRequest(NULL, Object(Config\Cache), false)
#8 F:\Kampus\project\Web\new_project\sistem-penggajian-main\public\index.php(44): CodeIgniter\CodeIgniter->run()
#9 F:\Kampus\project\Web\new_project\sistem-penggajian-main\vendor\codeigniter4\framework\system\Commands\Server\rewrite.php(45): require_once('F:\\Kampus\\proje...')
#10 {main}
CRITICAL - 2021-05-27 16:20:44 --> Undefined variable: jumlah_absensi
#0 F:\Kampus\project\Web\new_project\sistem-penggajian-main\app\Views\pages\dashboard.php(29): CodeIgniter\Debug\Exceptions->errorHandler(8, 'Undefined varia...', 'F:\\Kampus\\proje...', 29, Array)
#1 F:\Kampus\project\Web\new_project\sistem-penggajian-main\vendor\codeigniter4\framework\system\View\View.php(220): include('F:\\Kampus\\proje...')
#2 F:\Kampus\project\Web\new_project\sistem-penggajian-main\vendor\codeigniter4\framework\system\View\View.php(222): CodeIgniter\View\View->CodeIgniter\View\{closure}()
#3 F:\Kampus\project\Web\new_project\sistem-penggajian-main\vendor\codeigniter4\framework\system\Common.php(1217): CodeIgniter\View\View->render('pages/dashboard', Array, true)
#4 F:\Kampus\project\Web\new_project\sistem-penggajian-main\app\Controllers\Home.php(95): view('pages/dashboard', Array)
#5 F:\Kampus\project\Web\new_project\sistem-penggajian-main\vendor\codeigniter4\framework\system\CodeIgniter.php(936): App\Controllers\Home->index()
#6 F:\Kampus\project\Web\new_project\sistem-penggajian-main\vendor\codeigniter4\framework\system\CodeIgniter.php(432): CodeIgniter\CodeIgniter->runController(Object(App\Controllers\Home))
#7 F:\Kampus\project\Web\new_project\sistem-penggajian-main\vendor\codeigniter4\framework\system\CodeIgniter.php(333): CodeIgniter\CodeIgniter->handleRequest(NULL, Object(Config\Cache), false)
#8 F:\Kampus\project\Web\new_project\sistem-penggajian-main\public\index.php(44): CodeIgniter\CodeIgniter->run()
#9 F:\Kampus\project\Web\new_project\sistem-penggajian-main\vendor\codeigniter4\framework\system\Commands\Server\rewrite.php(45): require_once('F:\\Kampus\\proje...')
#10 {main}
CRITICAL - 2021-05-27 16:21:13 --> Array to string conversion
#0 F:\Kampus\project\Web\new_project\sistem-penggajian-main\app\Views\pages\dashboard.php(29): CodeIgniter\Debug\Exceptions->errorHandler(8, 'Array to string...', 'F:\\Kampus\\proje...', 29, Array)
#1 F:\Kampus\project\Web\new_project\sistem-penggajian-main\vendor\codeigniter4\framework\system\View\View.php(220): include('F:\\Kampus\\proje...')
#2 F:\Kampus\project\Web\new_project\sistem-penggajian-main\vendor\codeigniter4\framework\system\View\View.php(222): CodeIgniter\View\View->CodeIgniter\View\{closure}()
#3 F:\Kampus\project\Web\new_project\sistem-penggajian-main\vendor\codeigniter4\framework\system\Common.php(1217): CodeIgniter\View\View->render('pages/dashboard', Array, true)
#4 F:\Kampus\project\Web\new_project\sistem-penggajian-main\app\Controllers\Home.php(95): view('pages/dashboard', Array)
#5 F:\Kampus\project\Web\new_project\sistem-penggajian-main\vendor\codeigniter4\framework\system\CodeIgniter.php(936): App\Controllers\Home->index()
#6 F:\Kampus\project\Web\new_project\sistem-penggajian-main\vendor\codeigniter4\framework\system\CodeIgniter.php(432): CodeIgniter\CodeIgniter->runController(Object(App\Controllers\Home))
#7 F:\Kampus\project\Web\new_project\sistem-penggajian-main\vendor\codeigniter4\framework\system\CodeIgniter.php(333): CodeIgniter\CodeIgniter->handleRequest(NULL, Object(Config\Cache), false)
#8 F:\Kampus\project\Web\new_project\sistem-penggajian-main\public\index.php(44): CodeIgniter\CodeIgniter->run()
#9 F:\Kampus\project\Web\new_project\sistem-penggajian-main\vendor\codeigniter4\framework\system\Commands\Server\rewrite.php(45): require_once('F:\\Kampus\\proje...')
#10 {main}
CRITICAL - 2021-05-27 16:21:15 --> Array to string conversion
#0 F:\Kampus\project\Web\new_project\sistem-penggajian-main\app\Views\pages\dashboard.php(29): CodeIgniter\Debug\Exceptions->errorHandler(8, 'Array to string...', 'F:\\Kampus\\proje...', 29, Array)
#1 F:\Kampus\project\Web\new_project\sistem-penggajian-main\vendor\codeigniter4\framework\system\View\View.php(220): include('F:\\Kampus\\proje...')
#2 F:\Kampus\project\Web\new_project\sistem-penggajian-main\vendor\codeigniter4\framework\system\View\View.php(222): CodeIgniter\View\View->CodeIgniter\View\{closure}()
#3 F:\Kampus\project\Web\new_project\sistem-penggajian-main\vendor\codeigniter4\framework\system\Common.php(1217): CodeIgniter\View\View->render('pages/dashboard', Array, true)
#4 F:\Kampus\project\Web\new_project\sistem-penggajian-main\app\Controllers\Home.php(95): view('pages/dashboard', Array)
#5 F:\Kampus\project\Web\new_project\sistem-penggajian-main\vendor\codeigniter4\framework\system\CodeIgniter.php(936): App\Controllers\Home->index()
#6 F:\Kampus\project\Web\new_project\sistem-penggajian-main\vendor\codeigniter4\framework\system\CodeIgniter.php(432): CodeIgniter\CodeIgniter->runController(Object(App\Controllers\Home))
#7 F:\Kampus\project\Web\new_project\sistem-penggajian-main\vendor\codeigniter4\framework\system\CodeIgniter.php(333): CodeIgniter\CodeIgniter->handleRequest(NULL, Object(Config\Cache), false)
#8 F:\Kampus\project\Web\new_project\sistem-penggajian-main\public\index.php(44): CodeIgniter\CodeIgniter->run()
#9 F:\Kampus\project\Web\new_project\sistem-penggajian-main\vendor\codeigniter4\framework\system\Commands\Server\rewrite.php(45): require_once('F:\\Kampus\\proje...')
#10 {main}
